1000 250 124500 0 249 249
221 1
995 1
19 2
675 1
202 3
584 2
120 4
435 1
819 2
353 2
402 3
240 5
187 6
307 4
484 5
830 3
457 6
363 7
767 4
228 7
480 8
160 8
716 3
317 9
378 10
127 9
140 10
749 4
92 11
651 5
940 5
723 6
903 6
911 7
459 11
211 12
86 13
146 14
30 15
319 12
801 8
932 9
296 13
349 14
51 16
840 10
910 11
729 7
400 15
133 17
260 16
2 18
576 8
323 17
593 9
25 19
426 18
111 20
134 21
884 12
29 22
262 19
410 20
663 10
216 23
921 13
52 24
935 14
362 21
358 22
806 15
403 23
599 11
699 12
225 25
581 13
822 16
302 24
834 17
549 14
179 26
776 18
752 19
291 25
694 15
753 20
687 16
559 17
990 21
673 18
578 19
23 27
496 26
766 22
436 27
149 28
923 23
161 29
556 20
284 28
876 24
643 21
189 30
381 29
661 22
676 23
159 31
493 30
737 24
977 25
644 25
199 32
597 26
902 26
740 27
229 33
820 27
939 28
250 34
75 35
141 36
266 31
504 28
209 37
207 38
12 39
444 32
965 29
85 40
252 33
692 29
971 30
26 41
397 34
434 35
138 42
234 43
620 30
343 36
869 31
191 44
711 31
732 32
201 45
864 32
779 33
529 33
371 37
770 34
525 34
513 35
193 46
136 47
242 48
555 36
121 49
109 50
425 38
132 51
327 39
647 37
416 40
623 38
469 41
277 42
14 52
328 43
10 53
755 35
83 54
347 44
526 39
989 36
947 37
875 38
388 45
117 55
174 56
170 57
265 46
617 40
34 58
419 47
809 39
143 59
656 41
261 48
528 42
148 60
87 61
845 40
118 62
782 41
811 42
924 43
245 63
222 64
368 49
851 44
541 43
794 45
657 44
680 45
411 50
835 46
592 46
271 51
281 52
781 47
829 48
798 49
303 53
551 47
888 50
508 48
624 49
929 51
685 50
787 52
175 65
364 54
817 53
700 51
461 55
306 56
722 52
292 57
681 53
979 54
850 55
648 54
889 56
588 55
367 58
683 56
421 59
879 57
417 60
744 57
674 58
99 66
821 58
724 59
717 60
589 61
290 61
54 67
709 62
637 63
785 59
672 64
183 68
259 62
594 65
554 66
602 67
466 63
156 69
27 70
804 60
926 61
521 68
238 71
952 62
540 69
212 72
616 70
591 71
849 63
518 72
409 64
813 64
380 65
571 73
123 73
18 74
984 65
856 66
908 67
980 68
247 75
366 66
793 69
983 70
325 67
677 74
933 71
638 75
900 72
641 76
21 76
324 68
610 77
361 69
994 73
720 78
342 70
96 77
443 71
534 79
311 72
815 74
44 78
895 75
539 80
106 79
960 76
538 81
463 73
16 80
706 82
448 74
9 81
974 77
491 75
115 82
97 83
454 76
836 78
520 83
299 77
505 84
609 85
598 86
708 87
394 78
763 79
77 84
124 85
905 80
55 86
197 87
800 81
963 82
606 88
192 88
158 89
956 83
310 79
880 84
777 85
988 86
831 87
613 89
243 90
915 88
691 90
64 91
730 91
283 80
697 92
768 89
948 90
151 92
373 81
329 82
267 83
467 84
338 85
970 91
186 93
855 92
899 93
452 86
993 94
548 93
803 95
881 96
102 94
384 87
500 88
279 89
552 94
985 97
112 95
857 98
166 96
17 97
808 99
352 90
649 95
756 100
666 96
746 97
524 98
611 99
575 100
574 101
126 98
483 91
233 99
395 92
285 93
273 94
58 100
688 102
916 101
227 101
95 102
308 95
78 103
684 103
941 102
315 96
710 104
805 103
244 104
171 105
545 105
501 106
764 104
865 105
49 106
878 106
28 107
659 107
180 108
563 108
335 97
891 107
517 109
48 109
157 110
254 98
152 111
743 110
94 112
827 108
447 99
385 100
246 113
936 109
967 110
389 101
713 111
406 102
689 112
60 114
858 111
566 113
843 112
45 115
142 116
253 103
544 114
379 104
862 113
326 105
330 106
669 115
479 107
438 108
572 116
715 117
89 117
255 109
515 118
369 110
185 118
91 119
263 111
482 112
812 114
188 120
268 113
314 114
297 115
122 121
173 122
506 119
898 115
101 123
560 120
531 121
356 116
636 122
964 116
339 117
40 124
954 117
760 118
828 119
318 118
24 125
614 123
405 119
882 120
110 126
346 120
98 127
383 121
478 122
67 128
79 129
587 124
460 123
953 121
914 122
771 123
441 124
634 125
712 126
590 127
47 130
70 131
66 132
937 124
232 133
839 125
810 126
719 128
668 129
654 130
198 134
488 125
678 131
509 132
537 133
762 127
906 128
372 126
546 134
4 135
536 135
387 127
33 136
68 137
570 136
313 128
569 137
944 129
116 138
702 138
542 139
433 129
925 130
477 130
707 140
295 131
791 131
476 132
863 132
475 133
825 133
214 139
664 141
582 142
486 134
883 134
718 143
481 135
275 136
783 135
607 144
848 136
765 137
816 138
35 140
966 139
523 145
792 140
396 137
742 146
289 138
63 141
786 141
679 147
103 142
726 148
439 139
357 140
951 142
298 141
833 143
550 149
241 143
658 150
239 144
305 142
837 144
437 143
167 145
861 145
751 146
398 144
278 145
747 151
660 152
377 146
399 147
494 148
667 153
788 147
690 154
972 148
595 155
920 149
629 156
934 150
931 151
1 146
842 152
655 157
630 158
778 153
625 159
543 160
701 161
757 154
696 162
442 149
605 163
872 155
430 150
194 147
427 151
600 164
293 152
236 148
885 156
978 157
901 158
728 165
472 153
205 149
886 159
93 150
270 154
761 160
465 155
181 151
958 161
735 166
219 152
502 167
11 153
470 156
727 168
455 157
976 162
223 154
37 155
639 169
991 163
853 164
535 170
176 156
392 158
404 159
153 157
84 158
331 160
258 161
652 171
497 162
213 159
626 172
565 173
105 160
912 165
365 163
56 161
184 162
88 163
603 174
256 164
913 166
628 175
874 167
738 176
695 177
553 178
5 164
670 179
532 180
750 181
22 165
462 165
981 168
300 166
1000 169
698 182
909 170
309 167
108 166
458 168
340 169
370 170
445 171
172 167
237 168
904 171
736 183
129 169
423 172
759 172
943 173
927 174
996 175
43 170
280 173
773 176
769 177
287 174
573 184
514 185
231 171
962 178
997 179
41 172
986 180
473 175
360 176
39 173
125 174
154 175
162 176
82 177
533 186
818 181
490 177
807 182
81 178
375 178
860 183
190 179
823 184
564 187
312 179
877 185
345 180
519 188
217 180
350 181
42 181
145 182
428 182
341 183
230 183
208 184
867 186
391 184
355 185
200 185
619 189
195 186
893 187
516 190
401 186
468 187
615 191
784 188
503 192
374 188
269 189
100 187
586 193
621 194
887 189
557 195
412 190
422 191
15 188
203 189
942 190
163 190
498 192
601 196
301 193
320 194
919 191
998 192
321 195
59 191
348 196
522 197
69 192
562 198
959 193
789 194
507 199
645 200
725 201
992 195
748 202
20 193
866 196
206 194
76 195
583 203
113 196
973 197
982 198
53 197
618 204
420 197
104 198
832 199
802 200
580 205
107 199
130 200
485 198
137 201
741 206
826 201
450 199
567 207
424 200
304 201
344 202
65 202
955 202
251 203
333 204
844 203
612 208
682 209
316 205
376 206
631 210
734 211
945 204
169 203
775 205
780 206
74 204
733 212
336 207
511 213
429 208
854 207
36 205
408 209
585 214
210 206
135 207
218 208
653 215
510 216
182 209
847 208
622 217
558 218
527 219
772 209
119 210
487 210
282 211
249 211
693 220
220 212
147 213
946 210
547 221
758 211
414 212
294 213
128 214
627 222
646 223
72 215
224 216
608 224
155 217
950 212
530 225
322 214
50 218
474 215
73 219
46 220
824 213
896 214
144 221
846 215
274 216
495 217
754 216
449 218
704 226
745 227
31 222
642 228
731 229
790 217
407 219
671 230
890 218
499 220
440 221
62 223
456 222
665 231
235 224
165 225
13 226
80 227
604 232
226 228
795 219
177 229
577 233
917 220
568 234
650 235
957 221
359 223
432 224
928 222
714 236
71 230
3 231
632 237
841 223
413 225
446 226
386 227
633 238
705 239
32 232
489 228
969 224
337 229
351 230
897 225
354 231
90 233
686 240
286 232
968 226
852 227
894 228
196 234
382 233
930 229
975 230
390 234
596 241
797 231
870 232
814 233
999 234
721 242
892 235
799 236
276 235
418 236
918 237
131 235
640 243
949 238
512 244
393 237
635 245
873 239
859 240
739 246
114 236
415 238
774 241
215 237
938 242
272 239
204 238
6 239
796 243
471 240
561 247
961 244
871 245
8 240
7 241
168 242
257 241
61 243
57 244
987 246
334 242
453 243
431 244
139 245
288 245
907 247
264 246
868 248
164 246
248 247
38 248
922 249
492 247
838 250
662 248
150 249
178 250
703 249
579 250
451 248
464 249
332 250

