1000 375 171375 0 374 374
429 1
76 1
300 2
275 3
474 2
85 4
106 5
484 3
446 4
721 5
629 6
631 7
551 8
716 9
175 6
133 7
173 8
719 10
561 11
320 9
7 10
266 11
151 12
603 12
396 13
185 13
475 14
244 14
367 15
3 16
404 15
304 17
732 16
695 17
655 18
343 18
397 19
581 20
370 19
492 21
176 20
338 21
567 22
74 22
274 23
665 23
411 24
379 25
402 26
693 27
142 24
613 28
27 25
604 29
295 26
12 27
389 30
416 31
452 32
639 33
116 28
703 34
102 29
440 35
230 30
531 36
61 31
213 32
436 37
264 33
438 38
461 39
162 34
289 35
598 40
488 41
95 36
147 37
578 42
595 43
554 44
643 45
739 46
399 47
80 38
366 39
480 48
301 40
744 49
711 50
32 41
118 42
114 43
394 51
148 44
321 45
112 46
618 52
569 53
50 47
400 54
223 48
717 55
288 49
276 50
97 51
79 52
423 56
407 57
13 53
507 58
52 54
199 55
512 59
697 60
501 61
679 62
178 56
308 57
727 63
311 58
623 64
432 65
600 66
557 67
92 59
167 60
708 68
322 61
342 62
465 69
179 63
6 64
572 70
657 71
161 65
159 66
57 67
18 68
417 72
720 73
415 74
14 69
596 75
53 70
513 76
466 77
408 78
166 71
696 79
211 72
427 80
376 81
437 82
347 73
487 83
2 74
543 84
677 85
239 75
294 76
625 86
633 87
601 88
172 77
689 89
634 90
228 78
477 91
425 92
257 79
548 93
99 80
122 81
406 94
236 82
542 95
348 83
448 96
81 84
698 97
297 85
692 98
157 86
733 99
470 100
262 87
503 101
584 102
158 88
17 89
318 90
329 91
39 92
207 93
456 103
743 104
447 105
273 94
205 95
502 106
493 107
609 108
706 109
479 110
119 96
218 97
68 98
282 99
285 100
306 101
145 102
40 103
481 111
364 104
464 112
563 113
491 114
37 105
191 106
622 115
77 107
590 116
247 108
206 109
59 110
668 117
568 118
702 119
134 111
728 120
478 121
123 112
374 113
356 114
636 122
212 115
187 116
229 117
537 123
594 124
113 118
365 119
132 120
615 125
663 126
467 127
292 121
562 128
574 129
687 130
44 122
195 123
46 124
64 125
666 131
593 132
724 133
626 134
619 135
65 126
260 127
726 136
483 137
168 128
299 129
410 138
193 130
128 131
186 132
358 133
209 134
681 139
341 135
391 140
506 141
630 142
19 136
201 137
729 143
54 138
210 139
246 140
309 141
33 142
72 143
534 144
170 144
245 145
231 146
1 147
420 145
130 148
169 149
382 146
445 147
664 148
476 149
349 150
265 151
738 150
359 152
653 151
441 152
661 153
221 153
529 154
424 155
387 156
591 157
686 158
215 154
642 159
740 160
453 161
576 162
573 163
390 164
682 165
525 166
153 155
146 156
606 167
519 168
748 169
646 170
152 157
15 158
270 159
355 160
546 171
566 172
47 161
539 173
317 162
305 163
252 164
463 174
290 165
150 166
281 167
94 168
156 169
88 170
459 175
203 171
541 176
734 177
372 172
100 173
269 174
238 175
383 178
174 176
36 177
722 179
192 178
644 180
69 179
473 181
565 182
614 183
638 184
616 185
138 180
314 181
592 186
704 187
699 188
126 182
401 189
571 190
334 183
515 191
279 184
188 185
149 186
362 187
234 188
249 189
45 190
421 192
335 191
240 192
405 193
354 193
328 194
224 195
510 194
331 196
617 195
508 196
746 197
575 198
527 199
144 197
171 198
127 199
712 200
283 200
388 201
667 202
21 201
55 202
11 203
610 203
521 204
585 205
371 204
723 206
520 207
181 205
24 206
472 208
498 209
268 207
669 210
235 208
505 211
202 209
140 210
430 212
735 213
225 211
628 214
647 215
409 216
386 217
648 218
714 219
518 220
489 221
725 222
339 212
346 213
641 223
597 224
457 225
731 226
670 227
671 228
378 229
78 214
30 215
4 216
535 230
612 231
528 232
385 233
621 234
42 217
89 218
324 219
259 220
345 221
620 235
184 222
750 236
255 223
58 224
336 225
559 237
494 238
602 239
434 240
624 241
63 226
652 242
580 243
419 244
369 227
315 228
117 229
165 230
449 245
458 246
222 231
536 247
286 232
198 233
586 248
550 249
522 250
694 251
718 252
312 234
736 253
124 235
395 254
482 255
377 256
582 257
189 236
549 258
730 259
232 237
418 260
291 238
177 239
337 240
220 241
115 242
684 261
214 243
680 262
560 263
313 244
375 245
393 264
254 246
705 265
105 247
495 266
35 248
51 249
344 250
688 267
745 268
443 269
588 270
196 251
530 271
129 252
649 272
303 253
413 273
544 274
41 254
444 275
277 255
96 256
91 257
485 276
293 258
284 259
200 260
135 261
154 262
608 277
107 263
392 278
674 279
350 264
516 280
164 265
103 266
136 267
715 281
194 268
90 269
556 282
676 283
611 284
250 270
155 271
742 285
25 272
233 273
511 286
226 274
426 287
253 275
500 288
496 289
10 276
9 277
414 290
243 278
8 279
526 291
251 280
67 281
632 292
384 293
403 294
589 295
83 282
323 283
26 284
204 285
547 296
241 286
325 287
180 288
23 289
707 297
34 290
62 291
683 298
524 299
216 292
108 293
75 294
710 300
656 301
298 295
280 296
701 302
307 297
272 298
737 303
287 299
361 300
84 301
109 302
627 304
258 303
523 305
497 306
353 304
509 307
533 308
5 305
422 309
635 310
552 311
267 306
435 312
713 313
120 307
468 314
360 308
87 309
38 310
700 315
439 316
564 317
540 318
583 319
98 311
163 312
60 313
747 320
263 314
570 321
160 315
271 316
398 322
111 317
599 323
555 324
380 325
319 318
658 326
368 319
651 327
237 320
131 321
462 328
49 322
504 329
637 330
43 323
709 331
685 332
182 324
16 325
316 326
93 327
499 333
412 334
650 335
190 328
66 329
460 336
640 337
605 338
469 339
672 340
125 330
261 331
219 332
749 341
486 342
330 333
357 334
248 335
454 343
86 336
450 344
645 345
455 346
143 337
691 347
278 338
352 339
654 348
296 340
553 349
137 341
31 342
431 350
28 343
73 344
141 345
673 351
56 346
351 347
428 352
104 348
690 353
490 354
587 355
333 349
660 356
741 357
29 350
217 351
302 352
208 353
579 358
48 354
451 359
381 360
659 361
22 355
471 362
326 356
607 363
139 357
514 364
71 358
256 359
442 365
363 360
675 366
110 361
310 362
662 367
332 363
678 368
577 369
327 364
20 365
340 366
558 370
517 371
433 372
82 367
183 368
545 373
101 369
121 370
197 371
227 372
242 373
538 374
70 374
373 375
532 375
796 1
999 2
857 3
852 4
942 5
765 6
949 7
939 8
1000 9
762 10
789 11
920 12
882 13
844 14
771 15
834 16
760 17
791 18
883 19
965 20
831 21
995 22
993 23
840 24
794 25
798 26
916 27
914 28
817 29
812 30
962 31
859 32
960 33
992 34
849 35
860 36
886 37
830 38
961 39
804 40
954 41
996 42
815 43
921 44
803 45
937 46
842 47
800 48
901 49
926 50
894 51
938 52
973 53
819 54
863 55
967 56
835 57
893 58
758 59
884 60
854 61
845 62
977 63
763 64
751 65
922 66
799 67
838 68
925 69
981 70
991 71
896 72
948 73
994 74
966 75
781 76
909 77
902 78
874 79
850 80
898 81
887 82
814 83
807 84
971 85
978 86
923 87
847 88
956 89
968 90
983 91
878 92
998 93
933 94
885 95
912 96
869 97
870 98
761 99
957 100
780 101
903 102
816 103
919 104
895 105
785 106
918 107
825 108
848 109
774 110
769 111
936 112
753 113
964 114
890 115
861 116
752 117
946 118
934 119
853 120
793 121
873 122
770 123
846 124
778 125
868 126
880 127
776 128
811 129
975 130
786 131
952 132
881 133
984 134
792 135
772 136
924 137
888 138
856 139
756 140
826 141
821 142
754 143
836 144
779 145
759 146
976 147
824 148
931 149
900 150
829 151
832 152
911 153
972 154
969 155
843 156
935 157
788 158
876 159
795 160
871 161
910 162
879 163
866 164
947 165
858 166
955 167
822 168
827 169
953 170
877 171
764 172
915 173
862 174
940 175
932 176
988 177
773 178
797 179
839 180
944 181
820 182
905 183
899 184
828 185
904 186
979 187
805 188
950 189
990 190
813 191
810 192
809 193
837 194
864 195
906 196
872 197
997 198
777 199
806 200
757 201
818 202
958 203
980 204
927 205
775 206
783 207
963 208
917 209
907 210
787 211
943 212
974 213
851 214
986 215
929 216
987 217
889 218
790 219
941 220
867 221
755 222
766 223
801 224
959 225
823 226
945 227
913 228
782 229
865 230
875 231
841 232
897 233
892 234
951 235
930 236
928 237
855 238
982 239
768 240
989 241
985 242
833 243
767 244
908 245
802 246
808 247
784 248
891 249
970 250

