600 48 71880 40 335 133
261 1
266 2
76 1
167 3
252 3
123 1
236 4
51 4
223 3
310 5
21 6
23 7
204 4
10 7
186 7
48 8
146 5
306 2
22 6
313 8
46 4
257 5
32 5
69 9
187 3
316 10
262 2
169 9
117 2
326 6
110 10
19 6
166 8
304 11
92 11
72 12
3 3
42 6
49 9
44 2
200 8
195 10
208 13
279 9
37 13
98 14
132 12
138 15
180 14
185 10
31 10
104 8
15 16
264 8
263 15
168 3
96 15
248 6
322 17
147 12
207 18
157 11
288 14
214 1
270 17
190 12
38 13
99 13
213 10
53 15
17 15
149 1
271 9
282 19
67 20
40 12
39 16
121 11
50 7
302 17
89 2
184 5
28 20
205 18
253 14
318 5
143 1
300 10
101 14
71 21
297 19
54 16
296 22
118 21
301 19
221 18
323 23
181 7
144 19
272 23
65 17
198 20
29 17
176 24
319 24
158 20
193 22
206 18
61 21
109 24
95 21
81 25
218 13
13 9
25 23
210 21
241 20
327 25
20 17
150 18
228 1
124 22
325 26
183 13
8 7
286 16
154 27
119 27
273 14
84 26
227 11
125 23
191 17
100 27
173 25
164 26
77 9
237 16
315 6
329 23
165 28
105 16
197 24
250 22
235 27
122 23
201 27
74 29
233 24
45 30
269 5
224 21
151 3
220 11
317 28
153 29
265 30
141 29
280 31
217 26
162 7
34 4
226 4
56 19
267 30
108 20
80 15
82 25
294 31
126 5
64 30
4 28
160 32
14 28
295 5
324 32
94 28
130 33
131 31
97 1
268 9
66 34
202 13
240 17
188 31
78 33
305 26
139 33
5 34
35 12
298 22
170 14
285 15
161 29
256 35
247 26
47 35
284 36
57 32
86 30
203 36
114 31
287 36
231 37
178 37
238 20
277 36
27 36
133 35
93 19
320 38
232 32
194 38
152 38
260 11
311 39
211 39
274 40
212 6
276 18
87 34
116 32
182 25
112 32
189 30
159 35
85 4
179 14
88 38
308 39
219 4
12 33
234 34
129 22
24 34
73 39
155 25
18 40
239 29
120 3
59 2
58 34
113 24
171 37
140 38
328 40
209 37
215 10
330 40
225 38
255 8
174 19
52 41
303 38
172 37
293 41
312 31
63 41
243 33
68 42
136 29
290 43
177 13
91 42
299 44
230 41
115 19
128 21
175 42
229 43
281 12
145 27
41 39
289 45
309 40
292 44
148 42
16 44
134 46
30 46
106 18
75 44
90 43
102 33
26 41
135 45
192 35
275 28
83 5
251 29
156 35
199 2
6 31
1 28
249 43
111 43
127 42
216 36
278 43
36 42
314 45
70 25
242 44
246 35
142 47
43 23
79 23
33 8
62 16
254 12
259 43
244 1
107 46
9 7
103 45
60 47
283 45
321 20
55 11
137 37
258 44
245 16
222 36
307 47
163 33
291 45
196 47
7 46
11 37
2 13
486 48
420 39
426 48
462 48
470 48
400 48
395 48
331 21
441 48
410 48
468 29
570 48
480 48
433 48
543 32
430 48
346 48
386 41
397 48
526 48
596 48
459 48
411 48
517 48
487 48
413 48
353 24
577 20
380 34
564 48
591 48
401 46
530 41
385 40
451 48
339 48
490 41
342 47
592 48
465 48
505 48
337 48
391 39
540 48
600 48
412 48
372 48
510 48
499 48
583 48
509 46
557 48
461 48
575 41
438 48
354 48
531 48
362 26
496 48
333 45
504 40
382 48
582 40
472 48
422 47
392 22
489 48
484 48
365 48
573 48
507 48
548 48
448 48
350 48
463 48
358 47
376 47
452 41
450 48
550 22
439 43
408 35
525 48
344 48
357 46
585 24
379 39
447 48
394 40
539 27
406 42
366 48
416 48
567 48
533 37
500 48
479 48
364 17
501 48
396 44
576 48
566 48
578 26
421 48
371 44
561 48
388 48
524 48
528 48
595 48
520 45
467 48
405 48
464 48
521 48
535 48
553 44
402 47
442 48
482 29
445 48
497 48
347 45
546 27
568 48
571 48
393 48
474 47
351 32
368 48
471 48
338 8
498 48
574 48
538 46
389 48
559 48
527 40
558 47
381 48
589 48
485 48
415 48
523 41
440 48
335 22
390 30
466 30
361 47
383 48
375 47
419 33
475 48
355 48
495 46
473 43
516 48
542 48
373 2
556 48
597 48
417 24
537 48
334 46
529 48
414 34
584 48
554 48
587 40
398 48
369 39
399 47
555 28
345 48
594 48
586 48
580 32
551 46
340 48
449 48
387 48
425 45
367 42
513 48
477 46
418 48
514 48
443 48
532 48
434 30
384 14
423 15
360 45
534 48
562 48
409 48
560 47
483 48
374 48
377 42
453 48
581 48
515 48
511 36
455 48
518 48
456 39
359 28
544 48
356 48
363 48
444 48
436 32
493 48
541 45
428 31
332 42
348 42
343 48
502 48
494 41
593 48
446 48
437 25
336 34
424 48
579 48
341 39
522 34
403 48
506 39
488 48
432 48
590 42
508 34
481 48
460 6
352 18
478 29
536 48
565 45
429 22
598 48
469 48
552 48
492 48
563 31
476 48
547 47
545 48
404 27
503 48
370 48
427 24
519 26
407 48
378 35
431 47
454 48
569 21
435 45
512 5
599 48
491 41
458 38
349 17
588 37
572 46
549 27
457 46