600 191 161730 90 578 503
66 1
35 2
47 3
44 4
100 5
121 6
98 2
129 7
120 8
95 9
90 7
28 3
8 10
77 11
5 12
65 13
101 14
80 15
82 5
52 8
71 16
78 12
91 1
37 16
130 17
3 18
46 14
70 19
79 20
74 21
30 18
64 19
39 22
42 23
45 15
109 24
113 25
126 21
112 9
123 17
14 26
24 24
43 27
119 11
124 28
7 29
6 20
68 30
31 31
34 29
19 27
58 32
75 33
127 30
76 6
55 13
96 31
94 33
15 34
63 10
18 35
87 36
38 36
59 25
110 37
108 38
92 39
33 40
117 41
51 3
17 22
36 42
86 31
67 43
4 41
10 38
128 42
21 44
41 45
22 46
25 9
84 28
57 43
72 47
32 46
88 35
49 4
20 34
85 48
60 49
23 44
9 45
13 50
56 51
83 37
61 52
27 53
69 54
11 51
73 13
103 55
99 32
93 56
111 21
106 38
107 57
53 23
2 58
54 59
26 2
115 47
89 60
118 39
12 16
102 61
105 57
114 48
81 62
97 49
355 63
50 49
116 26
40 55
125 41
122 23
62 62
1 64
104 65
48 17
16 54
226 34
520 56
200 58
436 40
291 66
234 29
29 57
491 66
156 67
519 58
369 52
402 68
186 68
448 69
341 70
594 63
237 67
370 71
375 59
404 50
419 60
477 72
183 73
270 74
351 75
193 75
473 72
466 74
559 64
382 76
187 53
225 77
157 14
337 78
598 79
196 65
190 73
545 80
328 71
562 78
267 81
263 82
459 79
303 77
149 83
191 84
188 80
433 69
363 63
581 85
478 61
547 26
407 86
440 4
331 87
349 72
394 69
423 70
552 88
274 85
330 55
340 82
592 22
405 86
484 83
541 81
348 89
136 90
322 76
177 88
435 89
223 91
180 92
300 93
428 70
209 21
528 94
138 95
307 6
388 96
512 88
412 80
362 95
571 97
309 18
347 40
170 93
494 98
240 71
324 66
137 32
454 11
586 56
176 53
534 87
475 91
248 84
135 99
247 81
173 97
329 99
395 10
383 59
485 67
353 100
210 101
486 102
460 103
373 94
522 78
367 100
212 92
356 104
380 90
132 98
230 95
352 105
497 106
178 99
527 107
564 108
496 104
368 96
276 109
358 37
265 102
164 108
142 89
421 110
577 45
301 98
197 48
282 107
333 111
163 92
515 112
443 106
227 111
456 113
488 94
261 112
463 30
235 114
189 115
425 101
540 110
243 116
304 109
294 103
427 105
256 74
147 117
365 118
442 101
207 117
144 113
413 116
472 119
299 112
392 120
361 120
505 115
420 118
343 119
474 121
591 121
253 122
476 60
357 123
415 86
525 124
391 76
165 93
169 35
575 33
526 125
339 114
160 126
252 127
222 117
507 128
306 52
161 126
429 125
467 122
279 129
378 61
445 123
437 8
140 115
241 39
588 90
285 130
204 131
166 62
131 44
431 132
297 132
366 129
576 124
275 133
168 132
599 128
447 134
154 103
221 24
167 130
201 27
259 126
563 7
531 68
213 135
260 136
393 118
444 137
185 79
451 137
543 107
159 133
462 25
208 97
389 131
398 135
438 136
570 138
152 127
326 139
151 91
481 118
249 65
457 138
273 64
148 36
283 140
513 141
483 139
143 142
264 143
325 140
469 144
296 87
558 134
516 50
426 110
302 145
311 75
238 141
153 15
268 146
589 142
495 143
422 105
298 147
338 108
174 77
272 148
498 116
510 144
242 100
596 149
192 143
203 148
499 96
416 150
579 151
539 127
295 119
320 140
583 152
556 146
336 153
385 152
305 83
578 114
414 105
538 150
195 120
271 47
580 154
211 54
220 155
314 156
372 136
317 154
139 157
359 158
315 106
216 51
465 147
323 158
345 95
277 82
401 139
280 121
255 147
312 145
292 159
386 149
554 157
281 113
334 109
371 125
549 141
572 159
493 131
350 123
316 130
258 152
471 107
537 160
403 102
172 104
232 145
290 116
441 73
430 150
194 69
146 151
245 82
530 142
182 161
308 162
573 155
344 108
150 163
587 151
179 155
529 122
461 160
236 160
557 161
377 55
536 164
410 165
550 166
202 156
490 163
155 117
523 163
518 146
434 148
250 157
218 84
561 126
566 167
376 162
266 42
546 161
244 144
384 168
158 169
508 165
567 153
228 152
293 137
286 70
318 166
215 127
446 170
246 91
162 169
439 167
452 171
284 67
199 164
257 104
269 171
509 158
396 172
489 154
479 153
535 168
364 170
487 173
418 174
408 90
289 54
251 173
360 164
600 64
400 129
406 175
517 174
449 172
374 176
379 141
133 103
381 74
141 65
409 165
482 52
332 162
574 159
458 177
310 83
532 178
524 176
206 166
551 175
502 156
288 128
455 179
181 106
239 180
533 168
411 102
399 129
555 181
198 85
387 134
450 180
506 156
468 133
205 182
582 179
503 183
569 184
590 176
219 183
501 182
254 185
565 177
432 173
568 186
480 178
327 186
217 187
134 173
500 143
584 135
514 5
417 177
593 175
470 28
346 183
342 133
542 181
214 77
548 187
492 46
175 167
553 188
278 136
464 189
453 189
597 161
184 43
171 190
145 138
511 101
319 125
229 189
595 84
224 174
313 180
321 185
231 157
287 103
233 94
397 191
354 138
335 190
504 178
262 182
390 99
521 188
585 170
544 111
560 47
424 131