600 91 107820 60 475 297
105 1
66 2
34 2
39 3
60 4
74 5
104 1
33 6
113 2
28 7
27 8
57 2
48 5
15 9
29 10
122 3
70 6
20 11
71 7
83 11
50 4
55 9
86 10
31 12
3 13
13 12
36 7
2 14
107 15
75 5
108 4
47 16
121 13
92 8
59 16
5 14
1 14
114 15
21 17
9 13
18 18
76 16
120 1
111 17
103 19
53 3
12 12
94 19
42 17
41 18
131 20
130 18
124 15
37 8
43 9
101 21
109 20
10 22
112 23
87 23
100 24
98 25
129 19
82 16
64 25
116 21
115 26
16 27
46 22
73 27
117 26
11 27
6 19
35 28
102 23
24 18
56 6
128 12
90 29
123 13
132 21
25 5
4 29
125 10
91 30
126 30
127 31
49 26
133 31
23 25
30 21
52 30
7 31
62 22
79 28
89 32
93 3
85 9
58 33
72 34
80 24
78 24
65 20
96 26
106 34
77 31
95 33
19 35
22 36
38 33
17 34
40 32
118 20
32 32
67 29
97 1
99 37
84 35
134 36
26 38
68 17
54 29
81 37
51 4
45 39
119 27
110 14
69 25
88 6
8 38
14 11
63 24
61 37
44 28
544 36
264 40
472 41
157 41
481 39
420 1
600 27
387 35
220 39
520 40
402 18
305 42
260 42
144 40
338 43
208 41
162 33
166 44
576 45
521 46
558 38
160 43
154 32
159 23
583 43
254 38
268 40
434 44
597 42
570 34
367 45
580 44
199 45
287 47
571 39
517 46
183 46
191 41
185 47
364 46
348 48
535 43
262 44
170 32
480 48
142 45
401 44
184 49
422 48
349 49
282 24
446 50
404 42
237 40
265 51
172 45
428 4
463 50
307 45
212 47
437 51
174 5
213 52
271 6
483 52
459 53
592 54
588 49
550 30
593 53
196 15
574 50
518 43
225 47
234 52
598 15
496 51
273 49
336 53
469 38
542 55
431 41
356 53
321 51
279 55
296 12
180 11
533 55
551 56
257 52
485 52
581 57
511 24
192 36
405 57
258 58
374 48
506 4
337 54
353 49
504 59
559 11
175 57
379 51
409 37
484 54
304 56
478 10
394 59
332 50
373 52
491 41
488 56
531 7
334 42
178 28
363 60
147 58
206 46
171 28
416 50
482 60
454 54
141 61
492 62
248 37
168 55
419 40
330 48
351 61
218 39
275 56
146 46
152 62
378 61
267 19
369 30
560 58
359 26
276 59
525 61
564 58
391 54
586 61
366 44
543 55
310 17
135 3
582 51
566 56
381 63
430 50
537 19
306 39
292 58
464 64
316 35
575 45
354 57
169 41
594 63
386 55
320 53
406 57
329 48
269 56
187 61
274 61
149 65
486 63
280 60
403 60
342 59
546 62
493 10
277 44
411 64
365 65
516 47
410 42
214 56
554 66
331 65
396 67
451 65
383 66
176 64
295 31
235 67
167 53
314 8
498 68
291 52
136 65
417 51
368 66
425 20
286 34
468 62
527 34
299 58
573 54
340 69
219 53
389 52
303 68
289 69
501 70
182 7
362 68
202 56
393 71
441 66
290 68
236 59
457 13
548 63
222 69
177 70
473 70
200 29
347 41
448 67
572 72
439 63
540 70
513 57
415 64
312 69
536 62
515 61
255 60
227 23
433 73
357 47
311 65
585 60
193 8
519 53
140 73
427 65
229 72
181 39
194 62
318 46
231 66
249 74
489 71
455 33
297 49
240 67
565 72
250 59
567 48
247 70
324 7
190 71
413 69
539 75
476 64
524 74
145 40
346 71
526 76
221 73
370 32
207 64
497 68
398 75
529 50
335 77
205 74
545 59
421 37
590 14
323 75
242 42
245 78
352 48
443 45
508 67
523 5
466 77
283 37
197 22
230 74
445 71
161 35
395 73
179 42
209 62
547 18
400 76
490 57
423 46
294 43
487 54
198 72
298 78
534 78
317 32
399 46
458 26
538 51
382 71
350 79
577 66
471 79
450 77
414 61
447 64
358 67
259 76
388 73
444 47
137 80
239 70
293 80
251 50
155 40
595 76
333 58
512 74
339 57
189 81
397 65
278 81
470 74
578 28
343 71
591 44
253 75
556 66
288 78
319 75
426 51
462 82
376 79
499 83
151 78
272 67
244 84
407 78
553 83
164 77
210 59
302 37
442 82
390 80
528 72
456 29
201 83
436 68
243 22
224 84
412 74
460 74
514 49
328 23
599 80
315 72
505 69
211 28
474 21
449 84
163 82
541 69
226 15
467 35
263 73
429 76
266 71
156 25
300 43
424 78
327 81
204 67
313 81
438 84
532 41
557 72
509 85
461 35
385 86
380 86
158 47
223 60
143 58
375 75
500 87
284 39
384 73
256 63
495 47
584 36
479 83
246 85
270 22
563 86
502 72
203 57
596 72
555 80
562 76
372 69
241 87
228 13
341 70
361 88
371 23
238 78
510 85
281 88
522 86
301 89
252 55
232 82
216 85
432 89
186 90
325 83
173 77
138 88
392 44
233 63
569 54
309 82
165 86
561 36
217 82
355 79
589 49
285 65
440 61
418 79
507 87
345 35
587 87
215 29
360 38
494 90
322 76
465 91
552 44
453 52
568 33
435 83
452 70
408 50
477 73
549 90
344 83
579 89
503 55
188 15
530 91
377 81
308 91
148 88
475 91
326 77
139 64
150 60
195 86
261 75
153 48