100
-0.4257703926822475
-4.099197528666668
-1.257339356111591
0.5213633217938511
1.0675199866055247
-1.0414528633397602
-1.374315696189378
-2.941017156024465
0.41815989427555944
0.3525651523006859
-2.343977499458436
-3.3866705698816553
-0.5858019054729211
0.2987946775991621
1.359881079626957
0.18768729258869088
0.4207287178558402
0.1972851690751538
-0.2780628441796056
-1.7418829626938641
-4.331410954491515
-0.38223385089553996
-1.5930153327312717
1.0418379398889412
0.3455250036703777
-1.6292269052793915
-1.0754232513815727
0.6910816119921216
1.5292654786572122
0.4232422286900386
0.5536961906725798
0.6478396781588485
0.902204223171908
-1.7778686248023834
-1.4523048662449634
1.4114371425775643
1.385171316895851
0.6808690136552835
-1.4562332509864326
-0.6896535090539471
-0.1081257077252081
0.7093947645823404
0.43404420162056523
-1.2877810722879546
0.3040973650815232
-1.725641686845311
0.8484568138485851
3.05862495926649
2.088923629606572
0.5599402398970443
1.833291085886404
0.7128803208847998
1.6282942319114229
-0.020005713532065594
-2.5404081091815747
3.0309459919854005
-0.18199642755879125
1.3056075644546268
0.9871762852125725
-1.388376773617015
2.581210771374325
2.5594914419564607
1.17862506114566
0.5418107796024942
-1.0583437511391796
1.3701464448693197
1.2838457177416527
1.1581616675331001
1.4539570239075714
1.318525085481986
-0.3814122406257411
-2.677305741480211
3.96767878685482
0.27618145832403257
-0.4659288237148168
0.34991338838246105
-1.8412101460263581
0.6173961600156449
-2.1510719395069016
1.2419849386526685
3.41874153695103
2.325240555642031
-0.7230895479704912
1.1316941205913034
-0.616169390234653
-2.411863180036389
-2.1568972034913805
0.16220045074347006
-2.4070660834048376
1.0078080715810902
-0.29287799445442464
-1.4715368380968086
-3.217617668487428
0.4351717322762031
-0.4881053729954786
0.45052104994557896
1.8425551151701067
0.13960502246049766
2.293902093656758
0.4193847792534395
8.770929935302239E-11
