300
-0.06943724505029632
-0.42610873941722804
-0.14929991541862442
-0.9481490215782395
0.17752009679072953
-0.24497213045639532
0.6132362499315309
0.680682572853361
-1.2496753902283586
0.7488558667392735
-0.31171220062321725
-0.03746753812393909
1.2936560266048955
-0.15594572235205997
0.479703508979015
0.022272341774957197
0.6733785486153725
-0.7882868727107779
-0.158839498985011
-1.0412682102929862
-0.03167344384128759
-0.3207962925597016
-0.41981376935397835
0.28325044241795766
-0.11853137662425821
-0.4104070930629372
-0.07077540420072229
-1.3116927548606396
0.9492313894610273
-0.03394257047874136
-0.04052874127403629
0.19368556875228587
0.37858670557478324
0.6025533638148436
-0.012179809702826117
0.008099478068980688
0.05546297537049237
-0.8458140886644533
0.4929684449623291
-1.541602820182884
0.48871434914031675
1.0758216709785284
0.39949261065266517
-0.1151151969297299
0.0762636370250483
-0.18160625826137133
0.37541078601351274
-0.21385895402571725
0.6998518227751698
-0.9804205388618392
-0.8084303945053579
0.23464467092161492
-0.2030797123436205
0.20759917854560425
0.9417543687299801
0.2142715807703857
0.9511823429948556
1.2596869498532455
0.8788032278320896
-0.5549811083288491
-0.3457291442731171
0.07762329239705487
0.5257568216254176
-0.74941800616074
-0.13647942628387316
0.845998254472852
0.7977386925254865
-0.350135487910416
-2.3634479011057756
0.6295542412675184
-0.7324409759732765
-0.418284654811247
0.665442038783273
0.43603370818640685
-0.5124646120128055
-0.12105319254487765
0.27156601670796204
0.38715421139775325
-0.9543851385007953
-0.22394227109238238
0.02174845281627589
0.8142497047130248
-0.3299076483983012
-0.6154277800631189
0.24655276058531642
-0.992052004403554
1.424661126523697
0.7305648047405048
0.429777965774951
-2.036611052767195
-1.104841071367354
-0.5016095370862519
-0.16394165724453938
0.03286029241536939
-1.3416484007245555
-0.8160124411814533
-0.512324021800886
-0.6681381294328517
1.2963362417238224
0.2308420399492554
0.0581805362772477
-0.037444607878816205
1.9570654378717387
-0.7545385011709002
1.099957658571254
0.1408841528084384
-0.8648657088439411
0.26855604156436363
-1.8325631203545105
0.4586500962031489
0.7052108550654532
-0.2125789796294374
-0.3192842131359703
-0.41451783909395173
-1.4044733978164166
-0.27200039229157547
-0.7407021179456454
0.6123949977327556
0.17714272568795153
0.46243893606983716
0.4881252818102108
0.07146446971247838
0.04950944280559512
0.5796531863687432
0.806308811087699
0.6326491228693903
0.5091755189728687
-1.633642890808401
0.6182351846489812
0.8353182087513195
0.46209209769042026
0.3785624073076302
0.2459705381314941
1.3112485548616626
-0.8158769473851007
-0.4832070253264778
0.6215846569663144
0.5124403849715802
0.1260337566056877
1.0483716880244491
-0.9527852159528907
0.334833071362863
0.42860902425947417
-0.3978912129012638
0.6104082941847655
0.4222675935212419
-0.8484920718765957
0.07114682429829089
-0.37084932036980656
-0.5967470977504895
-0.3085661664774415
-0.5385167410147922
0.7602981498920234
0.45759675150417023
0.9567034456648322
-0.17822406398904
-0.43150942147626614
0.07857797283306206
-0.056350567317649126
0.4015967797637082
-0.378171127644999
0.047138986957175485
0.14370094573568593
-0.607375218578684
-0.1655688592807828
0.6425133918247709
-0.6507106833581773
-0.0855247853696002
0.8546254242461367
-1.0552803375187614
-0.257599029091953
0.20171311574526773
-0.7693752474204011
0.3503366075146629
-0.6283206933682629
-0.04375101527010399
0.1973424211947776
0.030071432805121263
-0.28479030668069505
0.11292886013707282
0.28259359103118986
-1.474784166979543
0.36069883866778923
-0.3148247861474672
-1.072262106801157
-0.017786986928224724
2.16703407561308
-0.4875993114159175
-0.2699613914569179
0.26644975559605694
0.39492079365469307
0.1888297956989153
-0.7082100934693558
0.4602490303370192
-1.6891546415568948
0.38964200776483204
-0.16788909471287194
-0.39097953410522895
0.15617296802987907
1.4299190453250796
1.0639101841661969
1.706399724438087
-0.21411185205959019
0.4458442902850792
0.7337804912724553
0.23604486006599543
1.450003854810299
1.1262078808265135
-0.5044858700284789
-0.3577812204624015
-0.8833153749318536
0.5539174978130454
0.17770087267979534
-0.8778839770898199
-0.7577212635016344
-0.9440334703630227
0.20034924651401015
-0.22289435651272899
0.5005821283103153
0.309979938614395
0.4991372869913724
-0.4658045885985286
-0.3656860141006561
-0.019500055730332647
-0.8302633008942878
0.5165066810184918
0.18795535264535232
-1.0890430279552896
0.7071861222904491
-0.04374656650330869
-0.6046129205465307
-0.35341639312657397
0.3444068597162355
-1.7515910007341815
0.19954044219057349
1.139212058641998
0.41992125968274546
-0.650957924438127
0.26183551933411736
-0.9249956911873424
0.7229827093340496
0.6954393092096056
0.035167949298996165
-0.7042164746830254
-0.6132041648530451
-0.45460704965527576
1.3352452361033817
0.013431690209240246
-0.6511869579619171
0.8307147403224531
-0.4275348763055082
1.3665438728529962
1.4772332926648863
-0.4631460638143293
0.9572593886618365
0.20833196266522547
0.486521926996114
0.30046413286224044
0.206975162176462
0.285903553576106
0.4486905351762258
1.3747844243204042
0.5301399075595388
-0.8157905324694054
-0.05790827148402325
-0.40075019262169764
0.9704558030788262
-0.9359699187293773
-0.33522595376416486
0.24703409037235008
0.814965159092074
0.023797417712414348
0.5087046729453687
-0.5336729915437001
-1.9204739393510513
1.069438924954844
-0.41782793755596465
-0.7637529978981018
-0.6587235253381071
0.2986537867914376
-1.4198142698756053
-0.5515057347750926
0.4118775970762358
0.6321306585255674
0.5033089263631622
-0.5943515480820488
0.7834697742805179
0.17589218144756694
-0.1065546363186247
-0.46247776193371115
-0.7907804940342711
-0.4312339979954127
0.34744601847454176
-0.3930046944564485
0.35724384668587394
0.30449759847194674
-0.9647014617769555
-0.480401612505874
-0.061170296165767774
0.13230022908393932
7.886803344329157E-10
