500
0.31369661676307536
0.37498655645847445
0.6073738900892596
-0.5854424859562052
-0.011294777279941437
0.9321579309996844
-0.8177719724208032
0.09306126285920001
-0.6376015404689935
-0.38919543778553045
0.7141665182924892
-0.2517742008940764
-0.5009880707922412
-0.7422705909701318
0.4849741103732674
-0.9913124894963565
-0.28917043084023536
-0.1212229677272631
-0.3997651302147647
0.4893104576080669
0.024408896246295837
-0.4214661629371057
-0.44422031710837684
0.02089613350345009
-0.5466437741544892
1.3201054285293012
-0.5194471841624053
-0.6944860873621544
1.5603745175492296
2.0902052994941043
-0.006943186050133929
-0.572833087269674
-1.5243018198420373
0.6267060540588704
-1.1079472189720807
-0.3270373894112701
0.03563431080133453
-0.4936753715977883
-0.7084959192505524
0.5619788417093712
-0.0555829106955926
-0.11286477604204166
1.3592725373062995
0.5565043751745552
-0.609830701089737
-0.20784784208855342
-0.14656901860236193
0.8202272560686042
0.9952841678821205
-0.22751384740356176
0.6118233942108844
2.043111633597472
-0.7629476680728798
1.0800742437750328
-0.27374952948178655
-0.21084769196715625
0.5652783564979087
0.35616078389381095
-0.5661308367947692
-0.18437330956935494
-0.7750165936129643
-1.1648892303096239
-0.9497603454767909
0.4421075793372831
0.5422232920540332
-0.2894083719476909
0.2854597995228722
-1.2436374854747076
-0.7570882846746458
0.4016126311060029
0.003987221805716291
-0.25221570489381284
-0.15480395591328322
-0.25139399795921097
-0.32872859977476987
0.8710676168063721
0.992240186776864
0.7078558586804516
-0.24168200783954977
0.4021383190427243
1.2470922939818325
-0.19992216586490477
0.6797408179998574
0.35441015106911544
-0.1784691848991259
0.4778681493493221
0.0852175203135082
0.49977412427456946
1.2560410299494627
-0.6549585920714507
0.615148111686759
0.9293370324383893
0.14709148152130616
-0.39941492675092666
-0.9989980644510703
0.400787481494181
-0.47611884359694084
-0.13078701571137674
0.5959694404091638
0.9759410681341293
-0.6115083999330572
-0.4761400466302625
-0.8465593085964983
0.1528336947304415
0.16908497404754458
0.19710742412901922
-0.31901087887476426
0.6693868812499656
-0.6006613600550296
1.102972598626191
0.3172499004545949
1.1244179457782915
-0.4156910111965506
-0.22075964083248312
-1.043999543140437
-0.39596225712588506
-0.0690487191997762
0.4010219771874337
0.909589334675596
-0.09307526192337187
1.1130741776051545
-0.847150255216724
-0.4501664362093127
0.4994283952450722
1.3496134761793195
-0.8967219379968174
0.8971654255815648
1.0134106547927522
0.12678031885280672
0.2636559641841702
0.08018827731350611
-0.053833305927797045
1.087524577747286
0.6412302967965614
-0.47144995895160674
-0.4437712505472033
-1.2062208180264122
0.6960374692950391
-0.40249792166810694
-0.9103132899008729
0.25979653498434657
0.33286637006041947
-0.7556507907825366
-0.539902169423394
0.42303075444426186
0.021932613777471313
-0.1494082461760154
-0.3624170943450446
-0.621148015072924
-1.440400416612622
-0.22816571711456296
-0.3032438028741239
-0.25926679819576326
-0.513297587141555
1.158949595778275
-0.787987980163041
0.13528711243880648
1.2738411285693334
0.06652829736319539
-0.46127430332701913
-0.7845877026490832
-0.49519494313175705
0.22213771400040816
-0.3544514180001094
0.5174604207239639
-0.17016160537196806
0.36190791995172794
0.9734413556028336
0.5888359271384592
1.3717723636296102
0.26694784200902544
-0.027219322790627366
-0.129753710722672
0.11936532592661103
0.25728824267103656
0.087483406830241
0.103067745802051
1.5788612872762018
-1.0916602397522446
1.1259132538992747
0.7016550208307168
-0.3199951620495768
-0.09138884673008696
0.5187746640000899
-0.039292760459644985
1.475503720220389
0.40804131754826567
-1.0974244871240943
-0.5091353608396683
-0.15554629833835318
-1.4879005995895658
-0.4967554180493711
0.39446647008813124
0.25387890454087986
-0.8171433941139921
-0.6326278706197165
-0.02739959285450165
-0.43432526093568674
0.8100656906341568
-0.5962491044341754
-0.25856079576405844
1.044986844750044
-0.8850696525180429
-0.8150367471222274
0.2994543215713601
-0.5159505579972802
0.766198763198154
-0.43199000483088656
0.8612707054643303
-0.14339919638386625
-0.7710008605672147
0.09088305086626862
0.22766954306972595
1.1184444409148142
0.08006582983456087
0.8177421570565374
-0.6593219326343073
-0.37176430427466484
-0.048134622023622536
-0.012891522774759731
-0.39984345759800877
-0.42990697216484375
0.9524394991087914
0.36019151528037935
-0.6729439678110342
0.6064726411660923
-0.021973997154082117
0.6739641771872273
0.7667662011876764
-0.6223098846659282
-0.02800437401380476
0.4388134637754392
-1.5978927628686765
-0.2722875269324524
0.7360631519100265
-0.9350980464890163
-0.16913115683140487
0.13501353984150521
0.5809828630025345
0.5676644305076723
0.0031363542666242965
0.166919203086185
-0.42443652371768126
0.15318473466641827
0.8662631668456462
-0.22500072659431009
0.25516857434001666
-0.13401139859219857
0.1957362541595439
0.7547015597672246
0.1544422325527141
-1.3664671629203977
0.4685763865843001
-2.2210767971771537
0.894695741201725
1.3067798675023283
0.4929121905092697
-0.3265020604413654
-0.019907846343543336
-0.3532451531065844
-0.9067308669755265
0.0834887603222743
-0.9176013529500716
0.9572953897277442
0.5558193185221738
-0.9227662387221628
0.7897035805971648
0.1778106660378866
-0.09067433123638806
0.13516106020553997
0.0999076055457748
-1.2242793519874053
0.5517840162141151
-0.4354039405325438
0.5341517410987107
-0.9327273412511414
-0.8316213897582198
1.3112463792131115
0.9472513819139182
0.25283224780691155
-0.18296620470519115
0.938946170937695
0.06437171784156882
0.5077499234808251
0.14245244204801064
1.066777279414083
-0.8909053202096051
-0.32981714884205493
-0.3867191368976247
1.2493844506142147
-0.0599602827633174
-0.6483879907881793
0.8555708020009228
0.16474049099238963
0.5887800936626199
0.4543227136074947
-0.7110404925915685
-1.106122326164099
-0.1687967973547041
-1.221382180020851
-0.675528230799215
-0.9491050379538626
-0.15308746762766354
0.04522773530115714
-1.207073074188209
0.05450629909587086
-0.14197612636481122
0.1483628116464806
-0.6206613742450899
-0.8241256353256571
0.2182895386161871
-0.04759571401939661
0.2043746705878997
-0.22042073228211084
-0.0648495501776527
0.036805758096818436
0.029292692099271767
-0.6345876837579076
-0.7092559641282652
-0.41647348111422805
-0.17602694426664248
-0.25171384626306414
-0.3303844962984769
0.6552786290204828
-1.060282502130889
1.597966857903209
-1.8283904994563203
0.0640982273163325
0.2070274458808943
0.0530995102320647
-1.5170833178846321
-0.5570645386759442
0.4615681575292966
0.7005257186753677
0.24332180461681918
0.3787318317349842
0.5939338309320296
0.5640642885537637
0.2633559346840586
-1.0525995487471407
0.630392650682822
-1.0670387527194625
-0.7498749219166091
0.672026429492016
-1.1344347852628145
0.8364774978830505
0.41570663839733635
0.7276975953060668
0.5684569767219225
1.329901902665767
0.4592706806171102
0.9886800695937139
-0.4590805642112023
-0.11767482257896582
0.6545954163958958
-0.38754288981737545
0.9762425639439507
-0.12049973127948269
-0.1793165692037935
-0.21830073626124707
0.33784262847166047
0.22806509361250457
-0.37363982071216467
0.23899609948116712
0.17125628646272434
0.5121916756004712
-0.968318277723266
-0.8530660874734212
-0.07014630241690202
0.5601363626552187
-1.1265789098055068
0.5838958500130721
-0.2548857837865088
1.8592102538789952
-1.6446385196866122
0.15295466132345956
-0.5632064799186732
0.3817028943814093
-1.096814029700241
-1.5278018976886694
0.33656861213535516
1.2124478705480217
-0.6488864388443204
0.21655359753030437
0.2317262600190396
-0.19633319193145776
-0.7835278705104033
0.13895307106631022
-0.8643065775154644
-2.0858719652106563
-0.4983910477396205
0.9409132356181888
0.11715237282955046
-1.1784625447877093
0.861541081947584
-0.7638615326219291
0.5625247973270754
0.10668098657768849
-0.5553183623290234
-0.25961102468552877
-0.7794363854922419
-0.2257993934541097
0.008545111440422984
-0.813488381380806
0.8259979452757891
0.9769299256507463
-0.4978691101816992
-0.5164589867392758
1.1963846486694392
-0.05029825457582767
0.984415384652653
-0.2871018641473577
0.0014261994070644476
-0.5060432992363059
-0.3113980702605793
-0.759177565678755
0.7509425018041772
-0.23998359352684545
0.5144190274295325
-1.1797591837228345
-0.1965483541405022
-1.7307633680726575
-0.48534633735302257
0.8598056933866646
-0.5534910276596355
0.5207183770290562
0.10425122895739497
0.022486212442397947
0.0857920878690259
0.8037991625780364
-0.7494191145550183
-1.0083234575676017
0.3869211075601464
-0.4471357541189944
-0.3454886662016035
-0.8836328141901253
0.8487661766919569
0.8171219138716275
-1.1243471107020486
0.10514097560682535
-0.6743995966933668
1.5821021035565181
-0.12439994880656302
0.8169225964485058
0.9756338339650962
0.33909738074345613
-0.014078073504978535
-0.24863537530757554
0.03029234684469911
-0.46649143555274564
-0.007529967154974344
-0.095455485646477
0.5773770928937687
-0.002755506609480554
-0.6232836533823947
0.7764577007679084
-0.23985501894366
-0.10682723939554353
0.7817295095719281
-0.050129067390765114
-0.34621410864823277
0.2937143828644693
0.1849192380072
-0.33843487664792166
-0.40265957726588475
1.0101340674390058
-0.5259824908882628
0.05595657781721941
-0.5721269592793672
1.523068119833276
0.5447104909989303
0.9621963598975302
1.077383330287313
-1.6233155278069387
-0.4090792182065086
0.7099963142898925
1.2693121413139616
0.22601972290452804
0.9572299468003851
-0.9773389464819677
-0.07272167529455567
-1.339156898843099
-1.1072490374714674
-1.466677758928511
0.7960951164136059
0.8356841739993348
0.9926021193046188
0.6914192416773008
-0.6708024521781457
0.2668401282361913
-1.4154998381598305
-0.7810851018219183
0.8516257883598871
0.2740908607747793
-0.6363536245048012
0.45010034967977547
0.24532221890311942
0.30875531793025135
-0.3431465760027664
-0.40482697044484367
9.810001406929046E-10
