1000
0.16050536530317613
-0.6332640605965395
-0.5936333284563298
0.06716835188714353
-1.4706913611152532
-0.7371353459776702
0.6396750551896476
0.5716538269729361
-0.6010217763545609
0.26064887951234733
-0.8073489173072231
-0.6226617218687954
0.30913768586331364
-0.6915473493486368
0.02929691242409796
-1.2663607230886518
-0.8276587622754034
0.4404212470593729
-0.6033271789514345
-0.1639693852456181
-0.8967786379585817
-0.6996032370444385
0.33608274149334194
-0.03303518568308826
-0.21879310452525663
0.2277424190480506
0.7807993786733911
-0.003716300219828656
-0.6284404396935849
0.8116547512047091
0.16278560913442994
-0.2193572880292199
0.07173170259174425
-1.3410767926685925
0.20840517589240443
0.4294012885605405
0.44752020536501924
1.355058259874764
-0.07296392582368633
-0.6273885197467705
0.03492320603968603
-1.8204858391414915
-0.38336871660815464
-0.07373354448970712
-0.546443560272191
0.5136619411707761
-0.5163316630319533
1.106023887321341
-0.22634951040798804
0.5141244287948589
0.5803338099010625
0.010841510345844262
-0.13440694334639175
0.8946527316345472
0.21520060723428416
-0.22199662173511994
-0.7893986994448134
-0.27293674213644226
0.2653447612916234
-0.4943182314958907
-0.24835145745699766
0.20506089682767287
0.6454466306931227
0.2772989271748104
-0.7421369452323728
0.4534820450875595
-0.4676350258830774
-0.6172240836905427
-0.01884560798990393
0.356649394637582
-1.1533311533658694
1.337469296651335
0.9182834367640107
-0.30039174151732795
0.49828859676748255
1.2156174378369415
0.4358626015621109
-0.01930377548060891
-1.222485590733206
0.12708368878331422
-0.09431648736174532
0.33129252088612554
1.1982319543411313
-0.03260657723982558
0.58937997036729
-0.639034882909886
1.2770837608851888
1.7140378024816558
-0.98345597928964
-0.746082695262268
0.08078663231364692
-0.5356778438681062
0.9408697883855979
0.18224296080541771
-0.15343437883770322
-1.2526535107707135
-1.0103222923181048
-1.1478176315318076
-1.0949181716194136
-0.10674115692466132
1.0303548532863802
-0.9105201937168865
-2.2519388943580783
2.0462681701540055
1.1846098177224897
-0.8450957224799186
0.3924571609852624
0.7945063464717135
2.0786564356798367
0.12702897471668823
-1.5116717856892308
-0.27699628957967304
1.094048628413855
-0.2039334646599466
0.06153704177813045
-0.32703150501243805
-0.5866436333971118
-0.4074662307867454
-1.1201872417099072
0.3925276338692094
-0.90833688214319
0.5577690148491989
-0.41422594995117273
0.1066032186161065
0.6123222055259474
-0.5436144654780731
-0.711559225300016
0.598778592981315
-0.6599981471771423
-1.4397410765860836
-0.6225605094463639
0.5459225403015111
-0.14103131816996192
0.3627029672382214
-0.29688667331629837
0.6641258591663636
0.2836771578222939
-0.7278301832652719
0.547238849029591
-0.11256984846942983
-1.2977553502363548
1.449628281625744
0.02355398862754313
0.24675327339556433
-0.22364359667072806
1.0006214327202942
-0.03223964317166651
0.8524565763133185
0.1352599275769309
-0.1310839723822399
1.1221098340543523
-0.8493655596370628
0.07829784986865161
-0.8743429706991681
0.0950004084210304
0.19217689253040274
0.3328240151395535
0.219665254024314
-1.0988112849217069
0.9489894739578529
-1.2652240587540395
-0.8253062217298524
-0.9549129427126661
0.31374153508779395
0.29696884135698165
-0.6897464268701672
1.000184944620204
-0.624689061793458
-0.48590002053310327
-0.8521872045647947
-0.3760469379853056
0.8956019310164713
0.078472902642269
-0.9173324920526525
-0.055914377418386875
0.15900201777751832
-1.2987085259427456
0.3078180124318074
1.501960027018451
0.13250576366490993
-0.649545432038205
-0.9261536551803885
0.7532480336056931
-0.7121201318070856
-0.2834480652203271
-0.05520722065089853
0.11924692988406074
0.3729639174268103
-0.027175873369600992
-0.2022726227849228
0.9354055475271383
0.45495635991770544
-0.8175075995561909
1.054898929938001
0.5199152072865122
-0.6387802106518622
0.10715852696442428
0.3057615841187809
1.5169406781583321
1.4487257163081568
0.5952989156283356
-1.080541100533991
0.3222137688973684
-1.1633706809314361
-0.7020985830490166
-0.09498956016605342
-0.4377484724596167
0.7718353557278718
-0.8044002295123023
0.39723795493974784
-0.3658323788519934
-0.10732792782903969
-0.36056380731653354
-1.3073849666077062
0.3036373226351477
0.041166403649709304
-0.8650255683952058
1.114441449505976
-0.4356681957664359
0.4301955338541225
0.7547766334397128
0.6384542002157179
-0.9503386494290424
-0.10656056458564873
-0.1936082268314815
0.3256400033001026
-0.7916236671977327
-0.3461744415991653
0.2268304953334861
0.5283960345622901
0.045301298265887247
0.6994643253324634
-0.6853359012572673
-0.3516129626796958
0.7642304290570155
0.9507712522293037
1.1322048692561928
0.5282951284421517
-0.39492690554402055
0.6408051117229028
0.3331885813143209
0.34250567853808256
0.6412274251670167
0.9581726135036782
-0.4743921796713694
0.793342425635504
0.8397267661995867
0.1083693202000816
-0.1655990549773739
0.45460392218573403
1.5480419333987965
-0.5224271690551346
0.4895508991744478
-0.3014324147379865
0.6345262509443252
0.8934391623644812
0.6045546189066086
-0.9879459243600247
0.5310782322587213
0.6581090872128555
1.3060441711879383
-0.6862833797806909
-0.4084316690147203
-0.33798461445561234
0.4127153156941138
-0.18829920414146276
-1.4733963175909617
0.9402350310346014
0.3805881987493772
-1.7003986384018355
1.672667595232478
-0.9242355164178849
0.47926020257832
-0.021948911008494727
-0.42693255619749215
0.15238385648340227
-0.14966998300789486
0.43885157207115116
0.003364569713587489
0.5372240637935614
0.2943307169928026
0.7790860818040557
-1.1779409763217559
-0.6847357614766126
-0.5283312002478076
0.3508645850856914
0.4320087435718056
-0.17654719755178935
0.6628785267165447
-0.6948604195674825
-1.1004083527303739
-0.3173865212135446
0.03101790893477398
-1.4679917300769865
0.6645125933400994
-1.0245287339852798
0.8213119615384047
-0.4326328060679182
0.397010222898519
-0.662016504652589
0.40701243506238033
0.6818470683179496
0.6376661210960696
-0.38853707606754395
-0.6763905335663741
-1.0661902131040912
-0.6312170932945175
-0.9768562865161107
-0.29711649892687947
0.5873752956672843
-0.1876275943166554
-0.24276028908458297
0.6013488233772507
-1.5907833565424032
0.13688341153367808
0.14158451677732414
1.22937151954812
0.4060701976017129
-0.4108292143259873
-0.9198736239666138
-0.09457606250623532
0.9206111385750276
0.7757622227756144
0.23843055189328916
-0.62468155556794
0.38367447991184955
-0.12137103393028394
-0.11164590041823243
0.7087796256805668
0.5087477965092728
-0.09526540379818531
-0.49752077725329774
0.22552553245521959
-1.312999112239632
0.5814209255018046
-0.11784601493051078
0.0635030704898431
0.9022916210865388
0.1857673386673308
-1.1227256773917733
-0.5403323458930572
0.10349882146587244
-0.8341577198192348
-0.49631082324329684
-0.3287780369969194
0.7346288399161602
0.9695786966816035
0.968207081346404
-0.39416210527513723
0.10457304964118586
-0.42879561218535184
0.6966323630832586
-0.6532190233073549
-0.3249210978285012
-0.09775889103456506
0.27281030735591416
-0.1870147566157385
0.7227099076303671
-0.005872973710311438
0.6856412804250717
-0.2505723946621914
-0.39266756753683724
0.5208328014267425
-0.3210343413678448
0.4189940878313695
-0.5210151358166114
-0.853234740123216
0.20711535071036236
0.6640378157286287
-0.7241897920891381
0.4334203910158948
-0.7182643740609338
-0.9158586653603319
0.1899266099930234
-0.09989428098576644
0.8017882081059917
-0.9130019222343981
-0.500762116588561
0.4351877650096759
0.054701420669483046
0.10228209611438363
-0.1602324245951021
-0.6763224296571807
1.5736264858335742
0.8026414024220176
-0.32170359151399397
0.3198331006703333
-1.1429214841444704
-0.32324207903709046
0.018193609022629773
-0.20914118031497586
-0.3715848807790715
0.05164934400391212
0.7432186140910517
-0.2550167777999684
-0.04838499491725805
0.6022433521969697
-0.7270199482700858
-0.04429362121634535
-0.008907493211742109
-0.16872943339137214
0.44787576882584423
0.2899920007985548
-0.2670103799485644
-0.4913169333717267
-0.5812918151725095
-0.3912351018485906
0.6315094072139962
1.569794452879333
-0.0891534203212323
0.44588982729764504
-0.24668662671148828
-0.8941747993077289
-0.4840151062831318
-0.5042014291747243
0.8731149474558211
-0.13857674396115888
0.017504914078651065
-0.8410944835150819
0.07441791794569924
-0.05047228941157169
-2.6828950702842955
-0.0688131164185414
0.6372777901319814
-0.034866495705508725
0.7367798102703604
-1.54575476942579
-0.31138066160458855
-0.6280574950704383
0.6638188218244977
-1.6551149404595173
-0.22359998911935464
-0.9027570603492578
0.9306581111005521
0.4260903438054026
-0.1852620500941062
-0.32880579503003754
-1.279406511063581
1.3322426019885734
0.6447366872073579
-0.27773726345242256
0.2769439553497021
-0.380572234865296
-0.744770399992239
0.7255592437176788
0.5615620254418655
-1.133144166071916
0.02887917293063158
-1.0475766739517056
-0.10464438069076047
0.6304468389413467
0.6338498645227453
1.2811650988707393
0.7085133023632137
-0.03854269054622597
-0.30679865722485994
-1.3409753618902842
-0.7589126663548447
0.6008162942008707
0.9538334683494211
-0.4872120337897617
-0.803819889518789
-1.289213809197496
-0.43088446529767876
0.45289984191373744
0.22626913857544265
-0.6788755756024659
0.7736456634367364
-0.284125776743574
0.67654272975548
1.209768843242529
0.27347989361605396
0.9569050799533141
0.28566054686066905
-0.37221254490685335
0.005211184689726831
-0.3111353781097772
-0.2187526665131893
-0.7610021642990393
-0.17102586299521827
-1.7774312088880568
-0.22383126362927616
-1.0022349297940625
-0.23982290615199525
1.2778052265340656
0.632084777760514
1.1259598978891268
0.0049657298099171215
0.21217410184542712
-0.8270035833838167
-0.8585120879294676
-0.4051665607462288
-0.7626027717989537
-1.0191363932056248
0.13889842716939205
-0.8349930933982677
-1.705985566230154
0.1380946810954692
0.07875906643084174
0.23759801611783943
-0.1300383500449554
-0.3730825258425615
0.80084292439103
0.048562797110492696
0.08950256475497816
0.4314883985808715
-0.3814608779868287
-0.3632083256896751
-0.25860078428757943
-0.20247297924914592
1.1230862924057041
-0.7249869912950248
0.7593406779535478
-0.17113220353233854
0.24337365751513734
-1.8130657012061784
0.1294265578344317
-0.7729106082000885
0.7248879936100872
0.2730009734155601
-0.9244297260501806
-0.3210587330765996
-0.21498470348008947
0.4405379123811401
0.3346733340904005
0.32432293406539436
0.4186349209989581
0.6716782269305887
-0.5982319222922374
1.2717351229032572
-0.45862221348859705
1.3734292868320355
0.8741287615927893
-0.15279878405343214
-0.16262552121464685
-0.2866519990839123
-0.6446735679495451
-0.17679527707635773
-0.5282681836020852
0.29559965081322903
0.2834797569276972
-0.22245767314086853
0.022302676719519125
-0.35142484113741473
0.4654821958722151
-0.04315634141233496
-0.5859214312857552
0.17319305385646894
-0.1522495425350061
-0.42254646821082764
-0.4172230684856263
-0.5178888095741451
-0.48174537882155294
-0.2661304549019794
1.270909286090884
0.49261806255306195
0.48653801615640596
-0.15904468664080812
-0.6638901078646824
-0.4653492386434906
-0.8171717307467947
1.0805407411439245
-0.29128522866354745
-1.1363066208932768
0.7575127277055839
1.4474009312283314
0.17575260919816874
0.5088412103271491
0.018352770620293092
-0.8328647697684445
0.3231873585975451
0.4264979826755343
-0.5979885566980324
0.8262710925757972
-0.26139698471512085
-1.0283324504433982
-0.6752241299254628
-0.8910259348047678
-0.9906617702655909
-1.5541056129699606
-0.26246009106964857
-0.1835531612263614
-0.2113915152623345
-0.14421225982387295
0.3618447735640437
0.24024740108196943
0.614446624499013
0.17258025532993568
0.5388393917709062
-0.17845628933984337
0.8537905610907984
1.2537909098753277
-0.005579533066424419
-0.2931670559617721
0.911214193666474
-1.3643088130877297
0.7774582561747725
0.9639912845200672
-0.11065894264101223
0.5082647419589673
0.8504107948341272
0.09855002578038037
0.1367700114365748
0.5923496373628673
-1.1588357653731907
0.48706377861180816
-0.8536421228502589
-0.4515823000564975
-0.10872865670609252
-0.25450752086872347
0.597719258068918
1.1752927563399316
0.4522732859980139
-1.6152487022927846
-0.36372729822306055
0.5141798486470968
1.1153443042937867
0.04403712204266175
0.10650274911121232
-0.25760637272638326
0.014484152290706355
-0.04306178593819956
1.5942504589866069
-0.7038784651247153
-0.14077544455752825
1.3045128103707935
0.6524404474577867
-0.07787038802986834
0.16775063985631705
-0.0818171083706182
-0.91063581290137
-0.5156920246038164
0.12654395461849627
0.9965248111098023
1.1779560632820536
-0.4761798883813681
0.7026462661876942
0.7688853501286166
-0.7515060911621079
0.6437458391814262
0.23589415718397153
0.42270124756662253
0.07309588564173912
0.2899209415666715
-0.09107587319175318
0.6438233657702925
0.32358045547246206
0.14323291211845424
-0.21290239721204277
0.901427520785595
1.499506009758747
-1.676342611310869
-0.33159536475614654
-0.961485694772075
-0.4343884127799684
0.22797914625984428
0.23757892978593015
1.1131777448767821
0.9989710479558467
0.6549232635085109
0.30946202298734343
-0.17267208932691347
-1.0381455537302147
1.4506168235316526
0.5856187272357983
-0.9839645468943151
0.27589544618796513
0.45288927716403954
-0.6145399460048342
-0.520596362203739
-0.7370925830899447
-0.30023285313907383
-1.1101786019483453
0.16968636913061075
0.23395056097640599
-0.02813044020331812
0.1672945504799648
-0.7527639048438725
-0.20812187833089546
-0.5771699170192116
0.32765603856563996
0.519143906139907
0.26773645976903804
-1.152966480202185
1.3037907325559785
-0.20316156242893846
0.382768458320785
0.07594239186959134
-3.008304511249709E-4
0.2407816901747622
-0.7733371613545204
0.7700920645661234
0.36726444619026566
0.3062507985861964
0.9138777372894424
0.17336564457954745
-1.629734352058396
1.0531527621332155
-0.18045643047170046
-0.47935366466737395
-0.5995256000853286
-0.6623185464181574
-0.027368306256172738
0.6560555228523415
-0.6455653783430345
-0.25977707078798234
0.11747242504065385
0.6227758297905861
0.84916021978216
1.0239847009155822
0.22276344811275126
-0.0254373756837988
-0.22874503984310673
-0.1813275894939676
-0.20170122880743782
-0.1411437232296255
-0.4511890681082831
1.0608427697359475
1.5484510096075972
-1.1298360374214513
-0.24431905254064643
-0.49858457504411785
-1.6237970773388504
-0.11215681936222063
1.3792322371445866
-0.6167218400436304
0.7786364929531505
-0.4106612180510037
-0.8713117506447721
-0.25696654593288115
0.09504310436444059
-0.5743808872832388
0.5314881002556199
-0.5515491591754494
-0.7867645356665236
1.2609457711898895
-0.03575946279079882
-0.7351066776795461
0.38825692549597
-0.21742674389030237
-0.2203725987028462
-0.15212106091307354
-1.1928562738704358
-0.4877108187729548
-0.830874686850721
-0.393080616625057
1.3248538382348525
0.10694858640371399
-0.30020540564700987
-0.4061321952660577
-0.2897758586905619
0.9418019084551561
0.8120520671802305
-1.310287889368536
-1.1882803465866825
0.9856578645706527
0.5696294984116901
-0.8609449242516978
-0.354338846344163
-1.1372389107470233
0.3388185696904518
0.480608080029975
-0.5027596793871639
0.12078024125670153
-0.5752492866576426
-0.5870325850019452
0.5002672920761374
0.3264637325524593
0.4514425337871873
-0.8147639952082364
-1.0132161444296959
-1.5641540542744319
-0.2371141763868725
-0.7518100702398043
-0.545004130855514
1.3519190186161028
1.3139051920509521
-1.1744142370507933
-0.0069271575845814455
1.0960471261494416
-0.005612860744806592
0.7617214771957547
-0.2681092491556129
-0.22666152834903394
-0.17554652978599158
-0.6856572483800797
0.3800130777973015
0.5176399920970748
-0.9410689509335599
0.4522479192770198
-0.47133038246208464
-0.5508118732450983
-0.10973946405870949
-0.24171213666487928
1.1332744595460975
0.552623351824192
1.1894814033491603
0.6445186446924986
-0.7463037992577208
0.24229367328006854
0.17324038624501814
0.5266341749138826
0.21297236053901433
-0.35756413430224926
-0.6927571771291094
-1.5846927870559802
-1.0135264355031313
-0.14379536459161418
1.1877109069753853
1.0437104506281893
0.5934983040278049
-0.7673528063917763
0.6290992951936714
0.21038849913489252
-0.1959002808732302
0.6788005679048558
0.9312440912702303
-0.21369831617799492
0.5616921122622605
-0.07317216218896874
1.3253988302188116
0.6211192788098683
1.21387393099332
-0.6195350363957153
-1.3983288620662921
-0.23667196426482626
0.41685510019598787
0.4029852521512198
0.7756993100762881
1.543784842315459
0.33258960973205887
0.7870675567291697
1.6671070336773004
0.36410488515986267
0.558215048569945
-0.8276215517262273
1.5705149929414604
0.47681887162392217
-0.008730120002558975
-0.016592646606036265
-0.7820281807596686
-0.5056901812279028
0.25022184092500405
0.1626575324801422
1.1602116682038082
-0.21271523476289292
0.4004675178191071
1.005167316812441
-0.032483383106345985
0.2099279224816647
0.9124668354258652
0.40219042532517585
0.629218761469079
0.6948322916136311
0.7111172368645773
1.145290875993936
-0.5109793485022689
0.8124574582826237
0.05995489004632629
-0.8315444122112419
1.123344781496389
-0.42308368672116325
-0.15558953566290346
-0.06573967726076056
0.47636058755356203
0.21612426534377918
0.025486269201931012
0.11108235758542816
-1.1599504715960964
1.3360321802355912
0.07701592617558023
-0.6094507648787248
0.4295350757239789
1.1560014135268195
-0.9035150510577196
1.1436324354305296
-0.3986706573337178
-0.3719978968915154
0.7705363950879904
0.5435103777901464
-0.2663757290473335
0.12533252328500777
0.8933202455625222
-0.26667273991724044
0.5794572335586473
-0.2981774547317975
-0.8024801029220843
0.207847178647716
0.2959446143639919
-0.2137937517632013
0.4217218751741366
0.9233383768247029
0.33796001003390946
-2.579216873176087
-1.3392679934419536
-0.20775126305131988
0.1954139062093968
1.6374633270738919
0.32822343726212805
0.4695187888935297
0.06790796138350355
0.20638343616095742
0.07241849114553633
-0.44476293276276274
-0.1603760056408542
-0.33428135043300333
1.3800903854446245
-0.3654496458868989
-0.33906797964807445
0.7536055196814537
-0.7725395228176793
0.06942920830094146
-0.6804215948003716
-0.9556208196395477
0.843417508743513
0.3826094227744198
0.21567018012072808
0.5759268828134774
-1.1971286773617824
0.4082619264197682
-0.3714149109145107
-0.5881308380089179
-0.9391225044396625
0.5079655602128639
1.015480496033175
-0.2100017656802946
0.13499821420311262
-0.19753817836117618
0.3247821088424897
-0.7153184211236044
0.38518927378451967
0.5530008599103606
0.27197385216142456
-0.7712763698590139
0.3418964225672756
-0.2826476725160714
-0.9695422181879807
0.19850810797747323
1.1000829432294548
0.4366663520751607
0.14810792016829918
0.49892064998598673
-0.37781689172928734
-0.42204141755378577
-1.2971575324648759
-1.3597506750243238
0.5581872463468556
-0.5362318738498859
0.5015671192586592
-0.4399294731526095
0.9693292340703028
0.7552037855167609
0.07243533088345616
0.07052477327777887
0.17782176081971002
0.8096164189749152
0.25601065335479334
-0.46156303891765593
-0.5037270394315652
-0.22171642904390138
0.05694888925739769
-0.8524880600104621
0.4527796963140901
1.483934113167359
0.6262908045723925
-0.8921967495230092
-0.5882820314974908
-0.7011112058164465
-0.061566545917956426
0.5377427055221199
0.8502855681381138
-0.3202809990260616
-0.18265456822846046
0.6799107714834401
-1.0071368272684693
1.0985286999959702
0.4871225707240912
0.511368362150028
-1.0813220889255721
0.42704063639839335
0.35575582814843565
1.2558922112763469
-0.7511726482081427
0.5931862370255419
-0.3836445343545618
-0.9146787554749702
-0.18879550372052797
0.18305074424904846
0.38241775645478115
-0.7426986651151761
-1.2797691461505067
0.15397935248956685
-0.2113946744848554
-0.5428999718890183
1.0680846132232564
-0.2906547723740413
-1.0342761298720433
-0.545787823981266
-0.7281615212623427
0.01789922010469503
2.7211402127945423E-9
