700
0.6807014207961051
1.0571695028841555
-1.1236506737400458
-1.8004524442085421
0.7136133220302827
0.3021441245315674
0.8823792470994138
0.49785270366465206
-0.015364776089968432
0.38946918853080537
0.4393881866479604
1.585160352357737
-0.014247593221251117
-0.3371259445123476
0.3352985643378523
0.36707752238535696
0.4820727076103649
-0.4991887408517147
-0.37196460666731695
1.494416021593681
-0.37393369570307633
0.1889356566283641
-0.9919416775407363
-0.8178791067728505
0.23138139032358485
0.24047377665322822
-0.5121655078805561
0.23766512448365198
0.08603270240863786
1.093390302213256
0.42675125528930796
-1.0031691257980202
0.7198396973147863
-0.14072487213589124
0.999430553517473
1.569462770547607
-1.633605796490013
-0.4065175673049602
1.0477766392920669
-0.5275166034008867
0.561902123060668
-0.4895305000045198
-0.1397147907185275
-1.166901992655625
0.9479936847184844
-0.7352503270371393
-0.5195327249385064
-0.5668681663443657
1.2003646437462732
-0.5097429478132183
0.026283105741117307
0.058159111781686534
-1.551605986401165
0.38897123160725605
0.27170107527669357
0.5611997655950457
-0.7479639524451228
-1.420183808914989
0.5515885921399956
0.968364836877218
0.6681481441329598
0.5037929350565178
-0.21291280586733452
0.3389627277395306
0.45658212272323684
0.12237251593823771
-1.177270323142027
-0.3820950282456227
-1.4106382710821839
0.2624484380297501
1.0730395728725548
-0.04282243921440332
-1.19144822991391
0.9462350121932733
-0.09328330603362561
-1.2369837295542483
1.0540864444838802
-0.3507493767429945
0.2939362710293305
-0.5273542487856753
-0.43166800581052217
0.21902649283138143
-0.08839751157006512
0.7949795166732709
-0.452989793151612
0.20270184784042788
-0.0839488278254551
-0.17239980675113836
0.7123854058217549
0.8844279537925641
1.1504256772118242
0.5949910027360916
-0.7924446108040573
-0.4302244188311128
0.8390973782878501
0.011498003138335822
-0.587618256618943
0.26820992804970695
-0.5926559492825371
0.7546825155110721
0.2629727415848665
0.635671673680204
2.0214525855362813
0.29998433729985186
-1.28097146332765
-0.7216650772895077
0.6251569697905353
1.1050803925839028
1.2075884743910712
-0.6507323979593453
-1.333641679821625
0.3477539807826352
-0.15886723592106003
1.2476336930858833
0.3332166353671644
-0.11046984761261688
0.5882621731286377
1.6054767410930673
0.2805145985600568
0.8119330240414392
-0.5538800024736403
-0.6962207942481234
0.23717458405192648
-0.4755331495595273
-0.29208132790363656
0.14574943138290647
1.1471341627205967
-0.2294936050951825
-0.3616696742796236
0.42557028804856145
0.09334664660694517
2.0915908804652963
0.2573857264284869
-0.4028436548592813
0.3594222422184419
-0.3943662633656202
-0.4708205048706404
1.1776914724641632
0.8122354398837083
0.7211708192239167
-0.2950786760856529
1.4960348965415908
-1.4395035750796623
1.3156153916216078
-0.31689919783876974
0.8878245677009418
0.7151353879847485
-0.4442943426061674
-0.2508558218249767
-0.5099552245458205
0.12542539799294355
1.9657772009401788
-0.04075178211991087
-1.6213925403556075
0.88618888212191
0.10063974971743467
0.39431915180088095
-0.14580936416487222
0.45943201115448906
-0.548491527699225
-1.3946829101809177
0.8021982186092547
-0.7196387863495577
-0.9172749171842991
-0.5200452273627771
-1.5054436720378648
-1.0426720596491945
-0.7182757565920892
1.113615399713476
-0.45296590289977356
-0.37626132153823716
-1.1278512958783453
0.025383904340405494
-0.27767884345023214
0.9549540753612626
-1.2885912947192406
-0.5422779374549326
0.007586197459619748
-0.703479448199287
-0.12988655098497315
1.0122862366560852
0.4521956270364657
0.407310530496098
-0.9235870754048847
-0.3472105660052127
-0.35394610947922756
-0.43755694099704223
-0.06470216312802651
1.3969535551869463
1.1417865891355021
-0.14825465868396345
1.0227974979076948
-1.008879631257392
0.06709402287330463
-1.638648789998794
-1.0338511714615084
-0.6423373753239194
0.22420222907174997
-0.27959552550965117
-0.32065779574086395
0.7880454434175039
0.08210452696010487
0.49410434099395095
1.0946194342412259
2.230069704388726
-0.7218927182515571
-1.5082411381912
0.051857674715133126
1.4680712486347829
-0.07548875907609931
0.8771235749982762
-0.7770035654972752
0.5077611389618265
-1.5395591736110668
1.16702624322144
-0.28554684549843046
-0.6097966227640191
0.36476013597641044
1.0092028249708134
0.9761899401832075
0.8780588737480544
-0.6951966424452009
-0.19823336226702476
0.4418475202103672
0.1811262977716947
-0.48547995209023953
0.38200680718044966
-0.3021304646377174
-0.05489617118273133
0.3821760579325706
0.3867433683517738
-0.9673720121963384
1.1127054964825183
0.46017956537765103
-0.47429247905580396
0.8240828574954786
-0.5334540045244439
0.06723287868713546
-0.5008721773682898
1.067541169683695
0.0038867565167252094
-0.9829388454553101
-0.724838725240426
0.5544397428432781
0.4545544985533432
0.30651070281965287
0.7724018427729449
-1.0405317508822813
0.6292334318390361
0.25275812249433066
0.036386218236039505
-0.7462428984606242
-0.8045232256720467
0.9272963809394221
-0.8855848670711642
-0.865724771994027
0.6367247109831194
-0.4728236356634725
0.42906198689376945
-0.0739425467379245
0.56740156823047
-1.031396159946412
0.1575015347907909
-0.5175794386960111
-0.6167199927550668
-1.0653918292197595
-0.21539183224670178
-1.034481668217897
0.13305041031094922
-0.3140761044763611
0.42744058784597994
-0.11867032109760871
0.5958019244860145
0.6908306142381148
-0.8777533728445475
0.04410224594167754
0.0017068209000137835
-0.6717005797881093
0.7749905244436855
-1.1341916420781761
-0.2670573157415031
-0.01287746011121682
0.5920079441444439
0.14603463499792096
-0.489660213582214
0.441114573483521
0.2939425281605303
0.9795615419578498
-0.32495489820968226
-0.4922469309589145
-0.549677022238491
-0.6154264491519752
-0.25598345852986265
-0.5223540094250742
0.7376946476119712
-1.1629572415923095
0.5560640873075997
0.5775405367644937
0.6829140512807241
0.10174399125623448
-0.030758841211591934
-0.5266824770575849
1.6622318508662903
0.38258328753263166
0.46108503559232505
-0.37037317089846566
-0.3104690901846282
-0.2270744445988988
-1.016028897667218
0.7189938511418202
-0.9519650907480816
0.27049065560400143
-1.3209578613013115
1.2341123689038247
-0.4840032706288583
-1.1518511853769942
0.6603537995492021
-0.20441699656335907
-1.4251782603253784
0.8282810801193544
-1.569358609385969
0.5322867813909985
-1.5700662667096268
-0.4280659422375046
0.13930302915347836
-1.6616991448187322
-0.1885546777897228
0.35888196899523883
-0.20406410510262332
0.3945408446344314
0.6488257087197927
-1.376573239796273
-0.20489137766960908
-0.09325053553486604
0.9726308951817118
-1.579908179839641
0.3502881899334295
0.27200336522092666
0.026544198289693788
-0.9618771413787544
-0.24088558933344995
-1.4240175525641638
-0.4334669974995847
-0.6036548078454853
-0.3034988180905279
0.6676150906729091
1.2641389938964664
-0.4030704416646212
-0.6609138942982049
0.845271763890393
0.906241105649379
-0.11665764856134203
1.1161560060006883
-1.410428949282508
0.5539562431170156
-0.3393572427768069
-0.33418070315347814
-0.12682572058767316
-0.06741684448106566
0.46753093191792355
-0.1796921527181558
-0.2134523995393235
0.907842148482431
-0.6082554964749856
0.180750415344128
1.9312584456697162
1.2744887058778596
-0.8449431207447259
1.2778215612513546
-0.41258196533404645
-0.299855424031848
-0.6183409926067989
0.2522029064023119
-1.4050484226067759
-0.9400876930630223
-1.1419858586204776
0.4345300685742544
0.5665440087700598
-0.1964185867373869
-0.5575543901558114
0.7472348768127048
-0.253751221864711
-0.42720962954447494
1.1859829127977823
1.795269887894349
-0.5260946498754837
-0.019119282459529485
0.4438471982193425
0.8796425962028654
0.08954160433908989
0.7124652326202536
0.9153659448904131
0.9190244231855897
-1.331638128866905
1.106114061619469
1.120612417249988
0.2024174647064729
-0.6344242784348375
0.4881674606378089
1.7371449637763003
1.1253008087834233
0.03071629529110853
0.5200614640896235
-0.3033523492358587
-0.46141266283248583
0.390067460458535
0.28621167721135293
0.8812409885881773
-0.7921876707977356
-0.13190540653405897
0.8285716406423038
0.40068862702199404
-0.4846970719396597
1.5521934823856536
0.019855061404091802
-0.3583868271882207
0.7186754293449932
0.5489713258242954
0.15010780404635699
-1.9802004483418114
1.1494667710645055
0.1578738140140714
-0.684722310310691
-0.8714545636667093
-0.9554144636461538
0.42552847723795134
0.8243595338763849
0.3153881947167053
-0.7362844903760393
-0.3216146285553869
-0.14419006570492282
0.5652114649392215
-0.2289355196775805
0.7373716308233167
-0.6576545197148258
-0.23671256808265445
-0.6266376182589373
1.9058849072418045
-0.3440313726591239
-0.4667436479891409
-0.03372047893911282
-0.19756427693701073
1.4523128978853754
0.4515954940229059
-0.5630405129167182
0.22313161746622012
-0.48776192668603535
0.09407035262586888
0.13363170404490998
-0.7933295934057305
-0.3822964701490515
0.3253386251518653
-0.6481344665896553
-1.4936677081479566
0.8453135852350762
0.1871163526861131
-1.0850174740775471
0.30465921473157953
-1.2713458640264035
-0.8053810191428452
0.04443081969452467
0.04437359354799501
0.27076584671419224
-0.4219993991148946
-0.068960924499258
0.12907768848420947
0.24581027235624284
-0.9542672214143516
-0.3094337558546933
1.4380601143223684
-0.5694939777317369
-0.4509471934458288
-0.37290231822190933
-0.40020785773135825
-0.525823639362623
-1.1079846968150369
-1.3796483398371446
0.1680832414770987
0.34643096882766017
-0.7453787192151501
0.4316807758963932
-0.470618617192494
-0.29171700515886817
-0.5619288627187145
-0.3948999040341481
-0.290568549929736
-0.9600404678060142
-1.052284065609644
0.04970260617065872
-0.8955987078378163
0.42379390512565307
1.5467580201362412
1.0781558366538206
0.22585335169538012
-1.5359040583525767
-0.2876682192630755
0.9704173260903154
0.5499890359896998
-2.1771979640220462
-0.09705127700990238
0.7463156345993847
0.3659902061069488
-1.5829780719801503
-1.1779742809492562
-0.22480848292630323
1.126363845591349
-0.15040091301946582
-1.1864924685807843
-0.2965370548141314
1.8166484802233231
1.0913429956660066
0.33416013569317465
-0.5847390678296314
-0.31488921258402014
0.5150808152167121
1.210507390101954
0.4302953431900035
0.753451254751103
-0.05283834172707916
-1.0403715556284179
-0.5269734904601502
0.3435951827710039
-0.7976841884572692
-0.4240502883254572
-0.4589903031928351
-0.41814101685499566
1.1679195823231228
-0.5384462647032587
0.3318806102094793
0.20942091321880105
0.7448283095844072
-0.10045272572235275
-0.7376707467514727
2.1069364987839
0.7451415764287226
-0.5330859266044324
-0.1614263761495493
-0.07717204275197294
0.765472572965932
-0.4594908787679777
0.8788329162241534
0.38276109830881017
-0.66375774356084
0.28973292378622784
0.5081435292173118
-0.5548393466265326
-0.08207827676538665
0.31885498034554705
-0.5373414530592275
-0.451005714587614
-0.41568188567737324
-0.21904723881635657
-0.4615461827494556
0.6008726946829962
-1.242379586474285
-0.3439658032314155
0.6131089978170337
-1.2495273191776883
-2.4484067555478672
0.25101314363787003
-2.0022023797702166
0.7664927541509152
0.33267920133278606
-0.1943955706454514
-0.8896977363899153
-2.1097616927398866
0.5357151826339352
0.09371071302320944
0.22286259431770394
0.46738071914591206
1.0996708848038588
0.6764805484451579
-2.0180456619996368
-0.031451920371082465
-0.40429082087692664
-0.44116505053983157
0.24556247501457246
0.5622565305999123
-0.22003532134301768
-1.571607297636267
-0.45492585114360573
-0.5063259400637602
-0.7317764332910115
0.8695396969373911
-0.04730728580775356
-0.48704339181748507
-0.500930781045082
1.5332130623441944
-0.1970307881411058
1.029864352678311
2.088354647525282
0.5155974257075587
-1.04530106677586
-0.8280243897988279
0.1813759508870911
0.5025171163658017
0.6597918989565551
0.6963024681232133
0.6971656297760561
-0.20198620264124922
-0.25716810338406737
-1.4314982317129565
-1.0104270798347401
-0.238193480785843
0.18673295452761562
1.6371467677559197
-0.2518995030919803
-0.6933677186723226
0.36894299519598833
0.20355193958052614
0.7485093851393848
0.44744993305634323
1.1838144370643913
1.422987229276699
-0.010024970850665962
-0.17826503885557465
0.2280315911284891
-1.2176275150583795
-0.10321489962284248
-0.8942076647958207
0.28883387503447977
-1.1444337200147812
0.0719312548714188
1.0369366020288604
-0.051284399694781435
-2.0050070541106755
-0.5517401902564638
0.2598845185255758
-0.14033017915420362
-1.3261966340456062
-0.7246114261434309
0.6586464969820336
-1.1278809458581547
-0.5727826174152231
0.6849946463287749
-1.1740329976685908
-0.4373264365450949
0.3192334743076227
0.67627617775324
-0.16564034049766774
0.45736548886219847
0.5290610433313803
-2.37415165280622
-1.2836185067306858
0.04721085501531119
-0.4996924511166075
-0.01086605013965164
0.47618884646087123
0.7880360538380942
1.101836881189536
0.3073409203483312
0.6437912497826804
-0.44328428449666657
-0.6024401855658954
0.7362129513637137
0.6184161889501385
-1.1817640274702699
-0.10150518523898577
1.4114441539867446
-0.19457184350579532
0.623244701069044
0.381904231032448
0.24008931674150716
2.1398588024868594
0.654554544982565
-0.4543410019854721
-0.423110399299111
0.38484665210521474
0.06870069548978383
-0.1966396452041344
0.5235557072644399
-0.30343342657195205
0.11405067499957944
0.2511330882015809
0.7867442057032457
0.11275416286282144
-0.6207320621815194
0.7139058695612195
-0.27984768333575805
0.883457573486533
-0.750440767011666
-0.12551902427468087
0.27279468409273677
-0.3162514491499733
0.18856897129483907
0.053345657120205156
-0.5274270631413667
0.4838187919758228
-0.7891835147064823
0.18444298563666386
0.22648860691067907
0.35091106123027693
-0.38393098643219203
-1.145729098803131
-0.07638437204025789
1.5996524019478815
-0.046866059235241425
0.20158709571245045
1.2854517120341775
0.9372778137000684
2.2271847640041215E-9
