600 102 107820 60 401 324
295 1
23 2
423 2
303 3
389 2
280 1
187 1
382 3
536 4
183 5
325 2
169 5
288 1
260 2
578 6
298 5
162 4
424 3
44 4
206 4
506 7
15 6
472 7
409 8
200 6
130 9
22 8
380 10
447 11
24 11
141 9
306 7
412 3
324 12
64 12
433 13
289 4
456 14
239 1
481 14
77 5
516 9
279 8
559 10
2 15
267 15
482 10
164 8
514 16
252 10
305 11
255 6
563 4
48 13
584 1
444 11
197 3
242 7
524 9
457 9
245 16
426 17
362 18
490 15
437 1
7 17
4 13
300 19
345 12
535 20
302 16
477 6
266 8
75 14
488 1
114 6
1 20
138 7
31 16
269 12
493 11
278 21
221 13
41 5
71 18
354 17
357 17
42 15
368 19
461 19
579 15
43 21
33 18
359 22
49 20
135 23
88 22
172 9
139 14
186 21
499 23
277 18
59 11
45 13
533 20
443 9
351 17
230 24
85 9
87 25
56 26
273 23
586 17
284 16
322 13
511 22
74 23
13 25
390 19
458 3
166 22
47 27
416 20
203 15
355 24
103 25
259 24
82 5
178 26
282 12
467 7
392 28
473 25
396 11
397 27
168 26
106 14
415 28
491 21
492 2
60 29
585 30
422 27
257 30
3 25
21 28
84 30
226 29
495 26
115 31
234 32
236 10
448 32
312 29
151 23
241 33
460 31
153 33
541 26
466 8
402 27
338 34
121 28
348 21
124 32
96 24
51 14
556 30
290 5
432 35
532 35
398 34
317 20
395 34
540 32
6 19
17 32
549 36
445 32
111 24
68 22
566 18
78 31
91 25
534 35
50 37
504 38
81 37
525 38
483 24
486 12
387 6
211 14
313 36
353 29
299 33
219 10
323 35
0 18
441 33
507 8
157 7
148 16
343 33
519 37
520 39
62 24
449 40
52 40
34 38
565 41
207 39
568 39
573 42
247 36
344 43
209 36
94 40
370 37
170 39
314 42
126 41
318 44
231 31
194 43
270 44
575 45
577 40
35 18
72 43
547 42
548 34
184 8
599 28
119 45
321 38
292 31
69 45
378 14
538 39
485 19
272 20
436 41
83 46
335 47
555 48
248 44
342 25
561 46
227 46
498 41
70 30
76 49
180 48
38 49
285 33
404 13
12 21
315 35
413 10
356 35
588 49
73 34
309 28
522 30
158 23
265 37
526 50
527 20
28 43
201 50
98 48
237 46
238 45
40 47
425 51
451 36
452 31
376 51
57 48
597 52
598 44
553 26
53 29
431 45
202 22
171 40
20 52
406 47
503 53
192 54
537 43
39 55
105 50
388 51
218 55
421 37
256 56
128 3
360 57
258 56
500 50
560 42
217 53
327 43
100 52
337 7
454 55
55 54
539 49
95 53
173 47
542 58
544 3
89 58
442 42
364 59
590 41
592 57
229 54
136 34
37 29
429 56
107 32
26 59
551 49
517 60
583 36
518 51
179 3
407 54
165 55
182 60
193 44
414 53
508 61
545 59
487 30
574 62
167 57
529 22
352 63
509 46
14 60
32 41
339 61
494 50
243 62
399 51
591 64
271 56
264 63
232 61
274 62
286 21
334 29
296 51
557 46
580 58
558 61
9 50
455 65
131 52
562 52
589 64
513 60
177 65
400 58
595 42
125 63
293 66
462 58
439 62
92 56
112 67
27 49
470 2
240 58
19 66
554 67
228 68
175 65
347 59
244 67
377 68
510 66
188 67
116 66
65 59
132 69
410 69
66 70
386 64
54 68
405 70
213 20
30 71
581 53
283 59
469 64
146 69
450 72
587 69
29 71
474 44
150 73
129 53
320 38
593 31
101 71
570 74
210 71
528 73
349 70
350 23
332 47
430 75
113 57
144 64
384 55
204 60
181 75
145 75
117 76
25 74
253 76
310 76
496 77
346 78
596 9
367 48
185 79
18 67
428 72
379 16
391 40
86 26
531 76
480 68
308 77
224 70
191 80
156 50
576 65
8 70
468 77
505 81
440 75
246 78
287 78
512 10
375 82
403 63
515 79
341 80
501 33
80 72
333 41
102 27
208 48
365 79
383 49
147 79
120 83
301 81
198 78
161 83
154 84
291 81
372 82
222 71
110 37
235 80
99 65
196 15
530 85
550 67
127 80
361 81
497 57
420 86
261 83
363 34
159 60
329 87
594 48
358 66
215 74
205 38
163 74
133 73
393 45
408 85
11 61
572 86
479 86
311 77
411 84
453 59
275 77
216 53
434 78
471 87
366 66
502 56
489 34
90 57
233 88
381 54
276 89
564 35
427 82
326 77
394 63
176 73
109 88
330 89
67 2
459 84
521 90
304 91
199 72
195 90
336 92
190 81
369 66
478 74
475 92
220 82
523 27
268 76
569 89
371 45
123 87
97 86
401 85
297 91
484 93
307 93
374 74
61 30
582 40
319 17
543 90
214 83
328 88
418 52
476 88
212 89
79 94
16 95
160 92
46 88
463 52
546 4
225 94
464 96
137 85
331 87
5 80
223 94
143 90
465 72
435 93
552 90
189 95
263 97
419 97
93 91
10 73
373 6
571 83
438 96
142 98
250 76
122 70
134 85
108 86
281 47
294 93
446 93
385 98
63 99
104 21
316 84
249 100
152 101
254 100
340 99
58 94
155 95
149 99
174 101
140 82
251 95
417 57
36 96
262 75
118 100
567 102
