600 99 107820 60 397 320
0 1
1 1
2 1
3 2
4 1
5 2
6 3
7 4
8 5
9 3
10 4
11 6
12 5
13 7
14 6
15 2
16 8
17 9
18 7
19 8
20 4
21 3
22 8
23 9
24 10
25 4
26 11
27 7
28 6
29 5
30 10
31 9
32 11
33 12
34 5
35 10
36 1
37 13
38 12
39 4
40 8
41 6
42 14
43 9
44 13
45 2
46 13
47 10
48 15
49 12
50 16
51 3
52 11
53 12
54 14
55 10
56 13
57 16
58 17
59 2
60 8
61 14
62 15
63 17
64 18
65 3
66 5
67 19
68 7
69 15
70 20
71 18
72 5
73 4
74 19
75 21
76 21
77 13
78 7
79 19
80 11
81 12
82 20
83 14
84 11
85 22
86 23
87 17
88 21
89 21
90 24
91 23
92 23
93 16
94 24
95 16
96 22
97 6
98 25
99 22
100 2
101 9
102 14
103 18
104 23
105 1
106 26
107 3
108 15
109 27
110 28
111 11
112 25
113 10
114 19
115 20
116 28
117 29
118 22
119 17
120 26
121 16
122 21
123 28
124 30
125 26
126 15
127 29
128 18
129 17
130 20
131 24
132 23
133 17
134 27
135 25
136 31
137 28
138 30
139 27
140 18
141 31
142 30
143 29
144 32
145 23
146 29
147 25
148 33
149 33
150 25
151 27
152 34
153 20
154 26
155 34
156 28
157 32
158 35
159 4
160 32
161 31
162 31
163 15
164 36
165 34
166 35
167 34
168 36
169 37
170 33
171 36
172 38
173 30
174 38
175 36
176 39
177 12
178 40
179 39
180 26
181 39
182 37
183 41
184 27
185 24
186 33
187 40
188 37
189 42
190 14
191 26
192 43
193 40
194 9
195 35
196 19
197 26
198 44
199 41
200 42
201 18
202 20
203 32
204 44
205 45
206 43
207 42
208 44
209 38
210 31
211 41
212 30
213 33
214 46
215 42
216 43
217 47
218 29
219 43
220 41
221 39
222 38
223 22
224 46
225 47
226 45
227 37
228 7
229 46
230 48
231 49
232 48
233 16
234 28
235 47
236 45
237 50
238 29
239 19
240 33
241 49
242 46
243 25
244 35
245 51
246 11
247 23
248 50
249 50
250 4
251 48
252 44
253 50
254 49
255 22
256 24
257 44
258 14
259 48
260 45
261 32
262 51
263 13
264 34
265 27
266 40
267 35
268 51
269 40
270 52
271 47
272 53
273 15
274 54
275 52
276 55
277 51
278 41
279 53
280 32
281 25
282 51
283 53
284 54
285 50
286 22
287 56
288 55
289 56
290 49
291 30
292 54
293 53
294 52
295 46
296 55
297 43
298 44
299 57
300 30
301 58
302 57
303 37
304 35
305 56
306 55
307 39
308 52
309 5
310 59
311 38
312 59
313 53
314 60
315 58
316 53
317 21
318 61
319 58
320 62
321 59
322 63
323 61
324 60
325 36
326 54
327 60
328 62
329 58
330 58
331 46
332 53
333 61
334 61
335 56
336 64
337 40
338 57
339 60
340 62
341 59
342 65
343 63
344 65
345 51
346 66
347 42
348 66
349 65
350 21
351 67
352 31
353 67
354 60
355 64
356 64
357 65
358 66
359 68
360 68
361 49
362 68
363 69
364 69
365 8
366 37
367 59
368 70
369 25
370 1
371 70
372 44
373 71
374 66
375 54
376 41
377 59
378 72
379 61
380 56
381 28
382 10
383 62
384 12
385 19
386 70
387 71
388 69
389 57
390 71
391 67
392 68
393 57
394 60
395 55
396 73
397 65
398 72
399 64
400 74
401 67
402 7
403 72
404 75
405 75
406 23
407 73
408 74
409 48
410 73
411 75
412 61
413 73
414 34
415 57
416 76
417 74
418 77
419 67
420 72
421 74
422 65
423 67
424 63
425 78
426 18
427 63
428 76
429 76
430 70
431 70
432 29
433 79
434 52
435 79
436 77
437 69
438 55
439 62
440 33
441 2
442 42
443 80
444 81
445 39
446 51
447 17
448 27
449 80
450 82
451 59
452 78
453 46
454 38
455 64
456 38
457 81
458 69
459 32
460 57
461 75
462 82
463 71
464 83
465 77
466 76
467 46
468 52
469 79
470 42
471 65
472 43
473 84
474 34
475 80
476 83
477 61
478 19
479 84
480 81
481 7
482 66
483 83
484 36
485 85
486 54
487 82
488 78
489 80
490 13
491 68
492 58
493 4
494 63
495 15
496 72
497 76
498 49
499 84
500 86
501 87
502 78
503 69
504 39
505 63
506 75
507 86
508 79
509 86
510 87
511 88
512 85
513 77
514 15
515 79
516 77
517 87
518 89
519 74
520 84
521 14
522 90
523 31
524 34
525 62
526 64
527 59
528 55
529 24
530 88
531 78
532 71
533 88
534 34
535 75
536 59
537 89
538 85
539 74
540 91
541 89
542 91
543 50
544 76
545 87
546 92
547 88
548 82
549 63
550 92
551 79
552 93
553 5
554 89
555 86
556 80
557 92
558 91
559 85
560 82
561 81
562 66
563 84
564 94
565 90
566 83
567 95
568 96
569 47
570 52
571 13
572 3
573 94
574 93
575 10
576 27
577 93
578 95
579 90
580 90
581 91
582 45
583 88
584 92
585 90
586 96
587 94
588 97
589 81
590 86
591 96
592 97
593 94
594 98
595 99
596 70
597 76
598 68
599 82
