600 95 107820 60 391 327
219 1
0 2
27 3
306 3
571 4
90 4
558 2
71 1
364 4
517 3
513 5
342 1
430 6
460 6
525 4
267 6
235 7
68 2
276 8
574 7
575 7
54 9
360 10
361 10
134 5
138 9
57 9
487 11
173 10
89 7
376 8
199 8
435 11
11 5
475 12
300 12
41 13
520 13
80 14
140 15
142 12
166 15
107 11
527 16
440 14
88 17
339 10
86 16
350 16
149 12
526 14
137 17
537 18
308 13
288 13
409 19
289 4
12 6
208 11
541 20
330 9
567 19
238 20
215 1
394 17
420 18
311 21
322 15
6 22
443 13
178 20
341 23
477 21
393 22
293 8
348 3
583 5
593 5
303 2
230 19
83 23
184 24
9 24
404 25
468 23
270 2
534 24
4 26
299 27
419 4
105 8
346 22
275 25
189 28
279 14
553 26
56 28
465 18
315 21
112 17
382 18
291 25
335 17
165 29
220 30
13 23
317 26
375 30
274 16
532 23
160 29
391 18
594 27
519 28
221 17
521 27
357 20
314 31
433 31
224 26
227 27
372 30
448 22
458 18
170 32
566 29
127 32
203 31
251 7
175 15
177 9
118 29
139 33
596 34
222 35
427 32
15 20
484 34
169 33
75 14
437 36
117 36
53 35
247 37
452 19
585 38
82 21
103 35
70 37
281 38
439 33
557 34
398 11
399 39
444 37
260 24
172 10
24 39
213 39
243 40
66 21
353 11
143 35
457 25
209 21
369 34
36 30
228 40
470 25
550 36
472 15
186 41
377 41
564 11
478 27
480 41
32 42
349 22
392 14
581 11
294 20
58 42
324 37
115 43
87 40
151 24
298 20
8 29
530 33
144 43
327 44
577 34
287 6
237 44
92 45
207 42
367 44
246 38
485 43
31 33
453 45
236 15
565 26
422 40
250 46
49 43
362 35
363 2
164 46
474 47
321 48
239 46
233 43
272 49
415 41
395 50
336 49
483 51
263 28
296 47
7 38
496 31
508 3
411 19
371 16
570 32
319 51
283 45
17 9
323 42
18 1
157 39
528 47
328 48
119 52
261 27
63 30
51 45
374 49
29 52
417 48
124 52
231 48
40 25
423 50
524 50
195 53
428 18
282 54
197 35
163 54
60 41
589 55
268 38
269 53
400 49
47 56
529 46
343 50
122 23
533 40
347 55
536 28
425 45
256 52
549 36
384 2
385 44
556 56
482 47
320 53
33 51
159 57
64 58
162 29
504 26
506 57
442 36
397 48
305 59
241 12
307 58
584 52
191 30
147 43
313 58
340 6
216 59
168 60
34 44
43 60
20 51
431 24
501 61
193 54
39 61
101 49
509 56
438 61
22 62
52 44
587 63
181 42
182 64
183 13
212 51
406 64
28 36
44 49
561 57
42 32
91 30
226 61
179 22
446 56
161 65
273 55
229 66
62 53
580 59
123 20
344 39
462 63
539 57
217 7
202 55
469 37
551 62
304 36
597 41
418 65
301 57
126 67
455 61
152 14
100 67
424 65
285 12
111 5
73 54
429 47
204 59
337 47
338 50
205 62
3 52
252 53
192 63
408 64
318 68
258 67
588 32
277 60
445 69
488 40
10 54
499 67
599 62
572 61
359 58
489 69
492 69
494 63
200 64
316 68
135 63
326 31
379 60
563 66
245 8
171 68
85 70
514 71
145 39
471 69
486 29
48 70
61 41
310 72
25 73
253 70
150 58
78 71
259 16
55 72
354 73
356 56
413 60
167 66
351 74
331 73
5 38
368 74
543 71
546 75
402 76
284 75
309 62
146 53
130 58
131 66
158 77
579 59
426 29
476 78
46 77
110 34
50 73
547 26
481 70
569 75
79 60
218 76
552 66
271 79
535 80
405 55
459 64
370 76
153 75
464 81
548 81
14 71
129 72
333 47
198 23
174 15
554 28
365 30
495 68
473 78
355 31
434 61
454 78
254 6
456 69
206 6
383 79
451 77
302 82
312 65
388 72
59 51
121 77
223 67
441 77
522 80
297 38
136 73
568 74
498 83
595 84
155 74
242 81
196 82
16 85
81 75
280 83
345 33
366 84
544 65
262 55
560 10
329 85
576 34
128 71
266 75
332 46
188 69
531 72
97 81
154 1
436 86
592 68
214 60
84 79
45 52
410 45
516 86
598 40
35 87
99 48
116 81
523 3
187 76
106 80
555 51
447 83
240 43
407 37
380 82
290 33
396 88
104 23
141 67
515 86
210 80
490 7
295 87
389 45
37 85
461 88
325 73
559 76
542 48
225 85
38 17
463 78
511 81
113 62
120 69
466 82
98 83
67 78
95 89
358 48
500 90
401 15
503 91
185 82
586 42
102 85
248 56
65 89
545 87
386 80
278 59
292 62
133 50
421 68
30 90
125 70
416 26
373 84
491 90
72 58
176 10
390 46
255 91
590 25
94 92
432 84
540 77
109 44
190 87
582 86
77 82
387 92
180 89
2 75
512 53
21 74
493 65
507 57
96 78
414 72
518 59
497 71
502 83
76 93
108 70
1 88
578 64
74 50
538 79
265 79
148 78
562 93
234 83
244 89
505 19
93 84
232 13
26 86
23 88
352 84
378 92
156 91
114 72
591 91
19 69
194 43
69 53
334 74
479 66
257 79
249 65
510 94
201 85
573 70
211 77
412 75
132 93
403 22
264 92
449 95
286 89
467 55
450 94
381 91
