600 137 71880 39 599 135
273 1
123 2
152 1
391 1
59 3
142 1
582 1
512 1
379 1
58 4
49 5
37 6
553 1
445 1
247 1
212 1
209 1
146 1
76 7
324 1
166 1
321 1
184 1
562 1
451 1
560 1
376 1
55 8
198 1
149 1
567 1
220 1
182 1
148 1
306 1
467 1
29 9
106 10
416 1
244 1
15 11
131 12
510 1
469 1
450 1
159 1
454 1
43 13
598 1
372 1
483 1
222 1
95 14
234 1
429 1
334 1
161 1
539 1
69 15
207 1
518 1
447 1
387 1
174 1
343 1
493 1
137 1
459 1
383 1
500 1
93 16
524 1
108 17
589 1
25 18
398 1
214 1
420 1
310 1
552 1
242 1
444 1
171 1
468 1
400 1
30 19
514 1
299 1
347 1
203 1
32 20
183 1
497 1
452 1
318 1
490 1
403 1
377 1
507 1
78 21
277 1
206 1
22 22
109 23
401 1
301 1
521 1
541 1
85 24
555 1
104 25
437 1
72 26
284 1
505 1
112 27
92 28
134 29
544 1
145 1
511 1
535 1
540 1
365 1
233 1
156 1
587 1
563 1
61 30
41 31
189 1
7 32
258 1
120 33
67 34
45 35
389 1
185 1
484 1
208 1
393 1
384 1
19 36
319 1
86 37
584 1
126 38
568 1
362 1
392 1
313 1
443 1
547 1
194 1
125 39
57 40
272 1
256 1
133 41
533 1
91 42
430 1
574 1
583 1
412 1
564 1
351 1
199 1
596 1
241 1
385 1
164 1
266 1
592 1
47 43
509 1
597 1
461 1
534 1
254 1
488 1
503 1
529 1
102 44
414 1
218 1
24 45
396 1
374 1
422 1
371 1
18 46
585 1
94 47
408 1
480 1
460 1
472 1
237 1
486 1
440 1
406 1
263 1
196 1
441 1
268 1
494 1
504 1
294 1
516 1
179 1
419 1
314 1
204 1
580 1
27 48
320 1
99 49
378 1
181 1
163 1
565 1
105 50
581 1
575 1
293 1
114 51
121 52
356 1
428 1
63 53
291 1
219 1
549 1
170 1
298 1
381 1
192 1
240 1
275 1
436 1
302 1
355 1
368 1
20 54
528 1
84 55
473 1
211 1
53 56
463 1
150 1
82 57
178 1
354 1
66 58
465 1
456 1
128 59
482 1
101 60
261 1
417 1
2 61
316 1
421 1
496 1
83 62
545 1
274 1
8 63
97 64
195 1
75 65
397 1
289 1
0 66
52 67
590 1
88 68
588 1
506 1
342 1
573 1
213 1
426 1
96 69
330 1
300 1
252 1
11 70
118 71
492 1
251 1
458 1
331 1
14 72
110 73
577 1
296 1
335 1
353 1
315 1
561 1
28 74
457 1
210 1
138 1
193 1
226 1
439 1
382 1
46 75
591 1
200 1
80 76
363 1
68 77
425 1
410 1
322 1
115 78
304 1
81 79
557 1
586 1
139 1
175 1
87 80
257 1
153 1
519 1
479 1
62 81
245 1
229 1
6 82
140 1
305 1
470 1
42 83
250 1
418 1
413 1
13 84
290 1
448 1
348 1
595 1
297 1
336 1
593 1
370 1
481 1
64 85
599 1
243 1
367 1
579 1
576 1
287 1
594 1
191 1
111 86
202 1
394 1
551 1
169 1
259 1
232 1
221 1
90 87
295 1
464 1
359 1
79 88
369 1
442 1
286 1
236 1
548 1
255 1
388 1
113 89
4 90
127 91
235 1
26 92
262 1
278 1
180 1
407 1
132 93
471 1
434 1
550 1
285 1
491 1
40 94
537 1
155 1
433 1
280 1
227 1
129 95
485 1
201 1
361 1
51 96
1 97
162 1
70 98
309 1
38 99
475 1
36 100
231 1
466 1
228 1
165 1
375 1
116 101
21 102
303 1
56 103
119 104
10 105
411 1
431 1
141 1
279 1
462 1
158 1
364 1
399 1
122 106
48 107
530 1
50 108
489 1
197 1
477 1
176 1
346 1
536 1
327 1
499 1
271 1
276 1
54 109
559 1
495 1
339 1
349 1
60 110
476 1
264 1
341 1
508 1
427 1
542 1
3 111
172 1
532 1
558 1
177 1
435 1
498 1
386 1
360 1
216 1
260 1
265 1
44 112
340 1
147 1
438 1
130 113
423 1
103 114
160 1
446 1
513 1
238 1
308 1
186 1
225 1
107 115
100 116
71 117
578 1
474 1
404 1
249 1
566 1
554 1
9 118
77 119
526 1
5 120
253 1
224 1
350 1
74 121
515 1
380 1
527 1
223 1
292 1
283 1
455 1
217 1
282 1
569 1
124 122
332 1
546 1
16 123
33 124
525 1
543 1
358 1
17 125
453 1
143 1
345 1
478 1
188 1
337 1
409 1
215 1
35 126
267 1
531 1
501 1
333 1
328 1
288 1
338 1
31 127
312 1
157 1
432 1
538 1
325 1
23 128
415 1
136 1
151 1
144 1
502 1
187 1
556 1
168 1
230 1
98 129
352 1
487 1
248 1
520 1
73 130
405 1
517 1
167 1
571 1
246 1
154 1
402 1
424 1
357 1
373 1
190 1
317 1
65 131
366 1
269 1
117 132
173 1
329 1
522 1
523 1
12 133
135 134
34 135
390 1
572 1
570 1
89 136
205 1
239 1
39 137
449 1
323 1
395 1
307 1
270 1
326 1
281 1
344 1
311 1
