600 152 143760 80 510 445
0 1
1 2
2 3
3 4
4 2
5 5
6 6
7 7
8 4
9 1
10 6
11 3
12 5
13 8
14 3
15 9
16 10
17 9
18 11
19 7
20 8
21 11
22 12
23 5
24 13
25 14
26 4
27 15
28 8
29 10
30 15
31 16
32 17
33 12
34 7
35 16
36 13
37 18
38 11
39 2
40 18
41 12
42 2
43 14
44 19
45 6
46 1
47 14
48 17
49 13
50 20
51 21
52 22
53 19
54 23
55 24
56 22
57 14
58 25
59 26
60 9
61 24
62 21
63 27
64 20
65 19
66 28
67 10
68 29
69 21
70 23
71 17
72 30
73 24
74 25
75 15
76 31
77 13
78 32
79 25
80 29
81 32
82 33
83 34
84 32
85 34
86 33
87 26
88 35
89 23
90 31
91 35
92 36
93 28
94 28
95 22
96 37
97 38
98 39
99 31
100 40
101 27
102 30
103 31
104 35
105 33
106 16
107 20
108 12
109 36
110 38
111 26
112 41
113 42
114 43
115 42
116 20
117 39
118 44
119 10
120 41
121 37
122 45
123 30
124 25
125 40
126 18
127 46
128 21
129 7
130 47
131 43
132 48
133 27
134 47
135 46
136 49
137 36
138 44
139 39
140 43
141 42
142 35
143 41
144 50
145 37
146 45
147 49
148 46
149 29
150 48
151 34
152 38
153 50
154 45
155 11
156 40
157 51
158 52
159 53
160 27
161 47
162 54
163 53
164 53
165 51
166 19
167 49
168 11
169 55
170 36
171 54
172 37
173 56
174 57
175 58
176 56
177 57
178 52
179 52
180 59
181 34
182 55
183 60
184 29
185 59
186 58
187 57
188 61
189 60
190 50
191 62
192 63
193 62
194 61
195 59
196 52
197 64
198 56
199 43
200 32
201 64
202 63
203 62
204 44
205 48
206 65
207 39
208 65
209 66
210 28
211 54
212 66
213 57
214 51
215 63
216 67
217 30
218 67
219 68
220 64
221 68
222 9
223 7
224 67
225 69
226 42
227 63
228 19
229 5
230 70
231 71
232 72
233 6
234 55
235 73
236 60
237 74
238 70
239 12
240 73
241 72
242 75
243 76
244 71
245 65
246 47
247 75
248 69
249 77
250 66
251 78
252 77
253 79
254 80
255 81
256 82
257 79
258 10
259 12
260 38
261 45
262 74
263 16
264 58
265 82
266 65
267 51
268 81
269 83
270 1
271 84
272 61
273 40
274 22
275 24
276 6
277 21
278 85
279 8
280 69
281 17
282 86
283 73
284 42
285 18
286 78
287 85
288 83
289 87
290 44
291 74
292 88
293 76
294 33
295 72
296 81
297 84
298 75
299 89
300 23
301 80
302 76
303 87
304 70
305 82
306 89
307 50
308 90
309 82
310 68
311 91
312 86
313 91
314 90
315 86
316 88
317 77
318 92
319 83
320 49
321 84
322 93
323 94
324 88
325 93
326 13
327 41
328 71
329 78
330 3
331 95
332 96
333 91
334 94
335 55
336 36
337 87
338 97
339 34
340 85
341 64
342 98
343 99
344 50
345 41
346 58
347 100
348 98
349 9
350 92
351 86
352 99
353 89
354 4
355 101
356 28
357 97
358 101
359 102
360 103
361 92
362 36
363 66
364 95
365 104
366 104
367 60
368 105
369 90
370 96
371 106
372 107
373 55
374 76
375 108
376 83
377 5
378 109
379 80
380 80
381 103
382 98
383 99
384 100
385 95
386 79
387 102
388 46
389 110
390 81
391 26
392 104
393 100
394 106
395 110
396 73
397 105
398 111
399 101
400 103
401 107
402 108
403 109
404 112
405 111
406 106
407 96
408 48
409 84
410 113
411 114
412 115
413 92
414 99
415 102
416 113
417 112
418 54
419 79
420 97
421 116
422 112
423 32
424 117
425 114
426 49
427 103
428 118
429 116
430 117
431 88
432 105
433 104
434 39
435 93
436 94
437 118
438 4
439 119
440 120
441 87
442 119
443 121
444 114
445 120
446 122
447 108
448 123
449 66
450 27
451 124
452 115
453 123
454 119
455 120
456 125
457 54
458 121
459 126
460 127
461 113
462 115
463 111
464 70
465 104
466 126
467 124
468 125
469 126
470 127
471 107
472 128
473 129
474 121
475 110
476 122
477 83
478 109
479 123
480 128
481 93
482 44
483 125
484 130
485 1
486 129
487 67
488 2
489 131
490 117
491 131
492 123
493 45
494 132
495 133
496 133
497 134
498 118
499 135
500 135
501 130
502 116
503 90
504 136
505 118
506 122
507 59
508 129
509 97
510 137
511 138
512 130
513 99
514 101
515 98
516 50
517 136
518 110
519 48
520 132
521 92
522 133
523 132
524 139
525 140
526 141
527 134
528 138
529 135
530 100
531 15
532 124
533 91
534 128
535 142
536 143
537 137
538 96
539 141
540 139
541 131
542 46
543 143
544 144
545 140
546 71
547 107
548 127
549 120
550 144
551 145
552 45
553 145
554 146
555 56
556 127
557 140
558 147
559 125
560 148
561 142
562 106
563 111
564 78
565 132
566 53
567 109
568 60
569 149
570 149
571 147
572 146
573 139
574 142
575 145
576 94
577 134
578 72
579 148
580 136
581 119
582 150
583 72
584 138
585 56
586 131
587 151
588 114
589 90
590 152
591 149
592 79
593 130
594 115
595 150
596 150
597 152
598 113
599 144
