600 156 143760 80 509 441
392 1
229 2
25 3
323 4
425 4
399 5
204 1
0 6
573 4
449 5
503 6
311 3
270 2
416 7
10 4
462 7
291 2
131 7
248 8
6 9
34 3
490 1
308 10
448 9
122 1
107 9
266 10
137 11
161 11
109 8
173 5
130 9
49 12
426 8
230 13
59 14
389 15
99 12
395 13
545 15
550 12
396 16
231 17
256 17
272 13
438 15
590 18
292 19
66 20
474 17
113 20
268 21
527 8
61 19
432 3
64 18
202 22
510 21
394 22
338 23
341 22
556 14
141 16
577 11
209 24
307 25
36 10
485 18
238 23
225 25
505 13
332 23
422 26
151 16
51 27
344 21
560 26
357 25
576 28
298 29
303 20
593 24
544 21
429 6
333 29
487 26
20 25
28 28
260 30
456 30
583 10
58 31
543 32
154 15
132 19
163 15
554 31
352 33
12 5
409 27
506 27
188 34
513 1
417 14
390 11
103 35
22 17
324 24
331 36
371 37
304 33
134 30
37 18
328 20
118 34
443 7
444 35
105 36
218 22
95 28
178 37
267 32
484 38
8 39
74 10
359 29
369 40
236 6
286 41
194 34
502 39
239 41
240 42
353 43
509 44
355 35
201 45
32 40
435 46
125 47
172 43
547 28
69 41
176 33
391 48
559 29
451 12
561 49
44 38
186 41
77 44
288 42
191 28
339 45
235 50
514 44
517 31
525 48
251 51
397 46
196 49
13 18
413 36
363 43
261 50
290 4
557 52
424 46
489 51
381 53
384 54
575 8
340 47
320 42
212 55
585 56
349 52
171 57
597 30
245 38
153 22
17 54
7 2
440 32
441 55
100 50
336 45
81 7
88 37
143 47
237 52
461 53
524 46
90 40
152 58
481 43
184 57
455 14
199 39
91 59
79 31
466 54
468 60
469 53
112 58
179 56
27 51
215 16
157 61
488 59
255 62
84 63
565 48
571 64
499 62
3 59
31 38
150 65
232 63
322 64
404 66
408 60
198 14
598 64
65 67
2 32
378 23
26 68
166 21
326 62
189 53
529 47
542 35
330 45
273 33
393 66
457 67
278 58
170 40
220 67
337 69
247 55
221 65
250 61
60 70
566 67
50 31
347 71
63 72
19 69
156 17
265 73
314 56
587 63
428 68
358 70
315 66
316 74
140 60
546 75
174 71
405 68
377 72
269 76
208 77
382 50
453 76
345 68
246 73
423 75
460 77
14 51
262 57
515 78
283 77
312 65
313 72
264 79
476 58
591 75
477 79
55 80
47 36
285 74
169 44
465 81
364 12
197 82
98 5
53 80
213 70
259 29
299 79
325 69
243 49
419 59
85 30
276 63
277 6
493 81
216 64
500 67
108 66
551 83
365 84
281 24
282 85
492 61
222 48
54 82
211 86
187 55
82 62
387 83
388 87
508 27
214 88
234 56
94 65
253 54
302 60
83 78
521 84
183 71
257 73
526 49
589 37
482 77
362 74
537 89
207 80
133 73
75 52
552 90
318 88
512 85
21 59
279 86
136 91
71 92
518 78
138 81
39 50
190 90
458 91
86 21
350 82
578 2
380 5
434 45
115 83
588 93
145 94
164 92
385 84
507 93
548 95
475 76
56 83
195 88
274 90
146 96
147 42
148 87
149 89
309 96
123 34
43 97
568 79
244 86
96 98
40 89
452 28
116 97
532 95
580 85
454 94
584 99
41 99
210 100
386 101
193 76
293 102
294 98
295 98
549 95
427 97
139 99
300 103
72 81
23 75
92 94
242 104
479 103
553 103
203 105
30 101
586 92
310 100
534 74
15 19
445 104
562 105
464 16
375 106
407 96
180 107
9 104
402 38
200 49
516 108
110 109
356 110
471 20
523 108
106 110
343 93
412 108
101 102
226 107
437 111
160 111
535 105
536 107
594 109
595 78
418 66
18 112
29 106
167 80
327 92
305 85
33 86
120 101
319 70
420 39
177 75
558 113
400 114
159 72
540 98
367 115
233 114
249 116
372 115
494 57
473 36
80 117
567 109
317 104
284 102
254 118
483 119
439 114
296 120
297 104
463 61
582 113
119 120
128 117
520 110
271 121
447 115
301 122
498 121
379 119
472 112
501 113
129 86
430 100
596 111
431 116
252 123
599 117
16 102
144 122
289 124
495 118
370 91
541 94
46 123
480 125
415 42
335 123
398 126
373 71
124 127
185 107
421 116
135 87
11 125
533 128
530 83
181 62
491 118
450 124
182 129
258 87
52 130
522 99
496 131
57 112
511 126
1 132
581 132
351 127
361 110
67 131
168 130
592 128
127 132
87 129
76 129
280 19
564 133
497 120
528 134
504 135
45 122
42 135
368 93
403 134
97 125
563 136
121 119
126 123
579 137
219 54
24 106
205 138
360 139
574 115
206 137
329 103
165 88
376 140
459 141
89 90
192 142
366 112
519 143
5 135
241 133
48 137
68 138
406 144
570 53
346 124
155 139
348 145
401 146
114 134
433 147
223 91
62 27
158 140
93 144
275 128
70 111
470 142
539 139
287 89
410 148
531 130
411 128
111 149
38 136
227 143
175 150
374 121
334 137
78 116
104 150
436 145
446 126
4 146
354 136
572 151
73 152
306 112
383 43
162 84
342 143
478 148
228 153
555 152
538 149
321 65
35 94
117 141
217 154
486 133
569 151
224 153
467 95
263 155
414 152
442 156
102 155
142 156
