600 146 143760 80 509 444
333 1
359 2
505 3
314 4
462 3
120 5
386 6
417 1
126 7
317 8
425 8
25 9
472 2
302 9
397 10
155 5
335 11
401 1
506 12
569 7
237 13
191 14
482 15
129 13
11 15
75 16
358 12
272 6
15 17
79 17
269 15
528 14
531 3
329 4
349 8
473 10
399 8
303 18
410 11
254 19
379 12
151 6
576 20
393 18
124 16
286 20
487 21
496 22
44 19
221 3
511 23
525 24
127 24
96 25
446 21
0 4
578 23
19 26
103 27
195 22
448 28
270 25
526 19
201 29
284 2
547 30
110 26
228 27
489 31
583 32
523 23
166 10
133 20
193 32
142 5
540 33
375 34
377 25
31 33
217 9
61 28
13 35
490 29
494 17
325 22
105 36
132 10
198 30
51 34
424 37
205 18
208 11
177 37
460 36
543 38
376 39
219 33
180 40
226 41
388 35
492 42
178 5
125 43
499 38
428 20
188 39
507 21
145 44
459 31
332 31
35 40
467 41
49 44
336 2
541 27
542 42
475 35
288 39
565 24
568 43
350 44
138 34
139 45
491 46
321 13
212 40
361 47
405 48
407 49
197 27
300 48
114 32
128 16
383 28
430 29
437 39
308 45
169 46
453 49
186 36
394 50
29 47
261 42
266 51
190 52
368 50
369 31
530 50
415 53
416 54
102 55
23 14
326 56
280 52
548 45
104 57
196 43
443 46
76 50
5 58
83 55
71 59
97 60
513 56
163 30
524 33
118 54
465 53
168 51
232 60
45 41
313 57
53 59
58 61
17 52
426 62
268 62
557 63
559 64
108 21
210 15
271 26
444 37
211 65
150 44
353 61
488 56
202 58
86 49
207 51
299 51
148 65
455 47
497 64
87 66
72 67
306 68
181 66
338 68
340 48
273 66
392 65
214 40
585 6
589 61
251 69
331 40
172 70
88 71
122 58
80 53
159 72
307 73
390 29
431 57
200 71
1 74
352 69
187 70
555 52
398 63
146 72
454 75
500 67
501 12
570 61
504 64
101 76
149 72
250 76
587 45
461 77
30 77
244 62
247 74
316 78
276 79
161 63
404 73
322 80
551 54
94 80
154 59
558 78
116 76
291 81
264 68
265 65
334 81
185 82
157 55
171 74
483 83
236 7
435 84
447 84
215 80
395 75
160 79
209 85
123 55
305 22
173 72
182 21
147 82
466 86
290 21
468 73
533 24
537 16
258 86
294 82
503 83
590 87
550 88
442 89
90 7
330 90
356 87
99 69
253 81
532 91
315 89
282 56
283 75
320 85
199 86
20 90
544 60
9 92
249 42
594 93
546 69
277 38
100 84
517 83
522 87
238 67
59 79
84 88
175 63
16 94
289 91
364 77
12 49
571 93
98 92
577 77
233 95
539 96
255 23
37 34
476 56
343 88
345 94
113 97
433 97
82 78
436 42
204 83
438 90
481 98
28 99
231 100
365 85
174 13
134 95
137 98
64 9
38 37
167 70
344 58
534 89
580 100
246 18
153 101
586 16
184 76
52 96
502 102
593 102
327 87
414 92
267 28
24 3
552 32
46 103
418 103
450 104
451 85
162 105
527 106
43 106
363 105
234 104
298 107
21 71
156 108
464 95
434 57
140 88
242 99
243 91
588 97
112 100
441 14
591 108
227 46
508 91
595 107
597 17
274 73
554 102
117 108
262 107
346 84
69 109
423 67
109 101
351 98
143 52
493 79
39 86
56 110
62 109
432 94
216 61
360 111
34 110
206 66
107 112
297 60
318 111
474 99
319 113
510 11
372 114
512 106
121 113
95 105
106 114
259 110
529 89
449 115
371 99
165 62
452 107
176 116
6 36
515 112
562 54
78 117
74 109
42 118
111 115
27 47
68 104
463 96
341 116
354 114
581 119
355 120
235 103
92 110
57 68
257 77
536 51
421 121
248 117
592 38
519 119
439 93
36 119
596 7
402 94
2 98
73 122
366 120
14 118
573 106
281 123
514 122
295 109
229 41
91 112
520 92
357 96
470 124
498 113
471 117
130 116
22 121
287 125
385 123
409 75
348 93
387 103
224 126
566 127
598 81
131 124
32 101
457 118
89 128
41 80
342 126
275 129
135 109
509 32
7 84
220 20
66 125
164 130
396 9
478 131
584 128
479 89
427 100
136 75
225 120
362 132
419 125
293 112
572 62
518 124
575 123
422 88
411 127
413 133
141 134
60 104
582 65
55 135
412 132
429 122
183 116
93 93
309 69
310 71
311 136
384 83
339 98
158 60
301 117
192 131
252 128
391 43
556 111
285 122
408 64
240 101
323 117
563 30
440 26
403 132
241 137
67 129
579 138
458 67
420 38
380 50
561 46
324 41
47 126
230 136
480 131
4 59
469 25
296 139
374 1
553 78
144 43
545 113
538 131
485 95
18 118
50 126
65 137
373 93
312 90
495 135
389 138
278 17
279 140
189 130
239 141
194 136
445 129
347 137
54 142
567 108
40 120
10 139
48 134
263 127
456 121
382 141
564 130
33 133
521 57
152 125
535 59
222 143
370 140
8 134
304 58
203 82
367 128
170 141
218 136
223 82
119 144
337 115
85 37
179 51
381 142
516 145
486 133
245 134
549 73
560 13
63 142
77 114
81 132
26 97
3 111
213 127
484 145
256 141
292 102
406 54
115 70
574 129
599 145
378 139
400 144
260 143
328 137
70 146
477 135
