1000 375 171375 0 374 374
979 1
782 2
884 3
892 4
898 5
881 6
834 7
955 8
868 9
856 10
960 11
964 12
968 13
825 14
766 15
901 16
952 17
860 18
808 19
751 20
991 21
828 22
917 23
843 24
844 25
998 26
816 27
911 28
779 29
756 30
859 31
932 32
775 33
835 34
757 35
788 36
827 37
923 38
865 39
957 40
992 41
761 42
800 43
837 44
926 45
939 46
941 47
876 48
882 49
762 50
776 51
904 52
846 53
811 54
948 55
878 56
942 57
774 58
778 59
869 60
934 61
970 62
915 63
999 64
891 65
899 66
940 67
786 68
974 69
937 70
883 71
896 72
888 73
768 74
975 75
841 76
908 77
983 78
919 79
931 80
803 81
920 82
928 83
963 84
961 85
886 86
989 87
758 88
887 89
947 90
959 91
1000 92
759 93
982 94
907 95
792 96
826 97
773 98
864 99
994 100
986 101
914 102
802 103
954 104
872 105
912 106
971 107
785 108
870 109
857 110
798 111
936 112
809 113
793 114
831 115
924 116
789 117
980 118
909 119
944 120
889 121
950 122
842 123
972 124
949 125
849 126
829 127
814 128
905 129
832 130
839 131
765 132
780 133
840 134
875 135
855 136
787 137
790 138
962 139
863 140
897 141
922 142
850 143
845 144
965 145
797 146
838 147
874 148
799 149
927 150
820 151
996 152
877 153
823 154
804 155
988 156
851 157
976 158
956 159
935 160
893 161
795 162
910 163
993 164
953 165
824 166
984 167
755 168
822 169
903 170
879 171
801 172
833 173
946 174
871 175
753 176
777 177
805 178
867 179
967 180
767 181
817 182
812 183
978 184
772 185
770 186
995 187
781 188
902 189
885 190
754 191
930 192
830 193
806 194
890 195
918 196
895 197
873 198
951 199
933 200
900 201
854 202
752 203
943 204
916 205
783 206
821 207
848 208
894 209
810 210
796 211
997 212
990 213
862 214
791 215
769 216
938 217
880 218
813 219
858 220
819 221
913 222
929 223
771 224
945 225
794 226
921 227
973 228
985 229
763 230
906 231
866 232
981 233
784 234
977 235
847 236
925 237
853 238
861 239
836 240
815 241
807 242
958 243
764 244
760 245
818 246
852 247
966 248
987 249
969 250
409 1
301 1
543 2
705 3
87 2
526 4
207 3
695 5
186 4
105 5
477 6
659 7
547 8
584 9
441 10
678 11
60 6
736 12
540 13
81 7
160 8
722 14
138 9
347 10
546 15
531 16
646 17
383 18
656 19
604 20
354 11
178 12
674 21
377 22
588 23
524 24
694 25
740 26
119 13
750 27
21 14
589 28
2 15
463 29
348 16
209 17
294 18
238 19
75 20
180 21
675 30
707 31
202 22
139 23
44 24
201 25
161 26
147 27
337 28
446 32
376 33
572 34
29 29
314 30
284 31
655 35
357 32
433 36
563 37
724 38
212 33
472 39
654 40
232 34
273 35
260 36
495 41
78 37
246 38
253 39
413 42
735 43
428 44
681 45
181 40
562 46
445 47
692 48
699 49
206 41
432 50
652 51
231 42
552 52
262 43
109 44
125 45
344 46
418 53
234 47
709 54
672 55
27 48
559 56
45 49
312 50
115 51
661 57
425 58
62 52
468 59
512 60
112 53
508 61
566 62
408 63
749 64
293 54
210 55
416 65
90 56
611 66
668 67
217 57
599 68
734 69
124 58
35 59
415 70
117 60
48 61
430 71
420 72
697 73
288 62
579 74
624 75
609 76
629 77
152 63
616 78
465 79
538 80
517 81
187 64
193 65
43 66
601 82
737 83
747 84
483 85
373 67
134 68
507 86
297 69
598 87
644 88
144 70
225 71
128 72
389 89
442 90
199 73
154 74
332 75
77 76
670 91
469 92
733 93
91 77
666 94
700 95
57 78
307 79
155 80
309 81
437 96
597 97
664 98
537 99
701 100
122 82
577 101
643 102
682 103
342 83
596 104
157 84
93 85
481 105
218 86
5 87
196 88
46 89
558 106
429 107
606 108
251 90
8 91
55 92
173 93
518 109
533 110
691 111
340 94
22 95
628 112
564 113
271 96
367 97
667 114
571 115
269 98
123 99
104 100
703 116
378 117
456 118
30 101
26 102
653 119
17 103
254 104
169 105
520 120
83 106
638 121
497 122
424 123
84 107
633 124
270 108
375 109
488 125
25 110
738 126
100 111
634 127
665 128
263 112
226 113
41 114
570 129
349 115
15 116
640 130
613 131
696 132
595 133
484 134
732 135
131 117
467 136
177 118
532 137
336 119
549 138
621 139
53 120
704 140
417 141
42 121
141 122
261 123
368 124
313 125
101 126
422 142
252 127
137 128
364 129
392 143
568 144
473 145
470 146
334 130
190 131
386 147
731 148
385 149
219 132
310 133
353 134
541 150
362 135
419 151
548 152
10 136
306 137
118 138
504 153
673 154
321 139
1 140
730 155
208 141
317 142
236 143
184 144
280 145
265 146
414 156
330 147
516 157
13 148
455 158
636 159
331 149
239 150
399 160
299 151
561 161
363 152
651 162
686 163
191 153
179 154
565 164
746 165
555 166
305 155
86 156
163 157
458 167
356 158
170 159
136 160
50 161
710 168
98 162
150 163
679 169
683 170
140 164
602 171
478 172
591 173
677 174
255 165
222 166
351 167
381 175
167 168
54 169
711 176
706 177
69 170
110 171
121 172
623 178
718 179
460 180
480 181
620 182
58 173
443 183
372 174
322 175
79 176
452 184
135 177
662 185
615 186
608 187
637 188
687 189
126 178
505 190
195 179
396 191
502 192
320 180
52 181
108 182
359 183
335 184
645 193
18 185
158 186
426 194
244 187
281 188
198 189
576 195
258 190
393 196
581 197
587 198
235 191
612 199
471 200
527 201
63 192
168 193
214 194
277 195
143 196
296 197
174 198
482 202
153 199
401 203
575 204
256 200
444 205
374 201
438 206
614 207
339 202
329 203
489 208
607 209
536 210
316 204
450 211
247 205
352 206
274 207
729 212
515 213
743 214
56 208
715 215
625 216
605 217
500 218
148 209
529 219
380 220
319 210
462 221
216 211
39 212
382 222
228 213
648 223
427 224
669 225
224 214
583 226
70 215
698 227
585 228
275 216
19 217
642 229
28 218
448 230
693 231
23 219
685 232
475 233
74 220
553 234
528 235
72 221
133 222
594 236
341 223
159 224
97 225
278 226
398 237
88 227
503 238
544 239
440 240
630 241
360 228
689 242
61 229
632 243
308 230
80 231
96 232
31 233
267 234
324 235
461 244
211 236
289 237
727 245
85 238
539 246
227 239
560 247
394 248
240 240
338 241
627 249
521 250
511 251
410 252
111 242
466 253
499 254
405 255
717 256
279 243
266 244
453 257
716 258
569 259
739 260
59 245
708 261
185 246
323 247
291 248
496 262
113 249
593 263
65 250
556 264
183 251
230 252
64 253
719 265
421 266
545 267
350 254
451 268
205 255
436 269
283 256
204 257
403 270
574 271
506 272
302 258
287 259
130 260
203 261
479 273
474 274
412 275
476 276
245 262
490 277
325 263
680 278
688 279
534 280
318 264
358 265
406 281
590 282
542 283
391 284
326 266
725 285
660 286
33 267
220 268
610 287
164 269
268 270
741 288
397 289
631 290
73 271
522 291
311 272
491 292
107 273
431 293
702 294
742 295
300 274
94 275
276 276
407 296
618 297
486 298
182 277
657 299
388 300
714 301
519 302
171 278
92 279
102 280
242 281
36 282
525 303
34 283
582 304
346 284
248 285
423 305
49 286
162 287
603 306
295 288
12 289
492 307
99 290
345 291
434 308
586 309
120 292
523 310
411 311
146 293
114 294
172 295
9 296
14 297
304 298
501 312
404 313
400 314
493 315
447 316
249 299
530 317
229 300
103 301
671 318
509 319
365 302
213 303
11 304
554 320
557 321
343 305
315 306
257 307
402 322
387 323
435 324
726 325
485 326
156 308
728 327
712 328
494 329
487 330
38 309
580 331
264 310
149 311
286 312
106 313
215 314
259 315
66 316
684 332
303 317
142 318
663 333
37 319
4 320
67 321
658 334
573 335
723 336
464 337
361 322
40 323
188 324
298 325
333 326
127 327
243 328
647 338
68 329
292 330
713 339
721 340
24 331
32 332
285 333
355 334
95 335
282 336
744 341
71 337
366 338
592 342
600 343
250 339
194 340
175 341
379 344
89 342
166 343
151 344
449 345
3 345
690 346
369 346
16 347
567 347
370 348
221 349
650 348
327 350
82 351
223 352
165 353
457 349
116 354
47 355
192 356
395 350
371 357
578 351
510 352
233 358
132 359
76 360
641 353
51 361
619 354
748 355
272 362
200 363
617 356
513 357
241 364
720 358
129 365
635 359
390 360
290 366
676 361
514 362
439 363
237 367
498 364
535 365
649 366
176 368
6 369
454 367
626 368
189 370
745 369
7 371
550 370
328 372
551 371
622 372
197 373
459 373
20 374
145 375
639 374
384 375

