1000 250 124500 0 249 249
833 1
651 1
424 1
75 1
945 2
526 2
442 2
864 3
567 3
179 2
219 3
938 4
290 3
544 4
712 5
974 5
194 4
542 6
18 5
876 6
740 7
193 6
722 8
109 7
501 9
167 8
968 7
35 9
158 10
601 10
774 8
711 11
593 12
116 11
321 4
440 5
581 13
255 6
364 7
406 8
66 12
907 9
296 9
115 13
4 14
786 10
955 11
697 14
801 12
323 10
781 13
589 15
911 14
530 16
382 11
626 17
678 18
330 12
830 15
455 13
311 14
149 15
566 19
919 16
708 20
486 15
198 16
258 16
295 17
575 21
507 22
491 18
982 17
493 19
794 18
242 17
257 20
207 18
303 21
852 19
88 19
764 20
984 21
328 22
168 20
212 21
977 22
992 23
80 22
949 24
341 23
245 23
668 23
756 25
199 24
243 25
661 24
993 26
43 26
893 27
396 24
141 27
342 25
446 26
375 27
734 25
691 26
617 27
989 28
644 28
766 29
157 28
956 30
310 28
62 29
520 29
282 29
196 30
58 31
896 31
129 32
892 32
334 30
748 30
361 31
49 33
494 32
54 34
443 33
832 33
499 34
275 35
991 34
524 31
135 35
720 32
345 36
640 33
273 37
523 34
297 38
432 39
171 36
113 37
528 35
1000 35
569 36
185 38
288 40
320 41
161 39
447 42
260 43
845 36
256 44
156 40
374 45
630 37
302 46
615 38
47 41
572 39
851 37
769 38
337 47
154 42
369 48
50 43
437 49
420 50
555 40
835 39
931 40
306 51
197 44
805 41
634 41
336 52
101 45
777 42
887 43
762 44
144 46
436 53
252 54
517 42
200 47
709 43
739 44
9 48
44 49
29 50
237 51
648 45
262 55
291 56
595 46
815 45
880 46
228 52
622 47
827 47
804 48
778 49
464 57
997 50
561 48
240 53
666 49
373 58
403 59
533 50
604 51
680 52
380 60
1 54
531 53
718 54
2 55
130 56
942 51
502 55
767 52
713 56
411 61
192 57
889 53
15 58
508 57
377 62
695 58
495 63
959 54
698 59
160 59
538 60
265 64
327 65
710 61
975 55
27 60
246 61
278 66
877 56
757 57
86 62
91 63
951 58
416 67
694 62
482 68
479 69
915 59
983 60
56 64
582 63
142 65
490 70
71 66
357 71
738 64
93 67
649 65
400 72
448 73
118 68
737 66
927 61
865 62
565 67
399 74
901 63
660 68
294 75
609 69
271 76
349 77
559 70
300 78
40 69
394 79
723 71
563 72
79 70
570 73
106 71
332 80
270 81
656 74
492 82
449 83
74 72
392 84
838 64
608 75
293 85
124 73
210 74
925 65
170 75
728 76
787 66
780 67
238 76
873 68
639 77
72 77
386 86
166 78
312 87
307 88
875 69
888 70
360 89
286 90
715 78
641 79
823 71
481 91
638 80
138 79
556 81
821 72
466 92
368 93
431 94
206 80
628 82
188 81
65 82
961 73
418 95
905 74
415 96
645 83
223 83
522 84
625 85
45 84
791 75
70 85
100 86
614 86
511 87
151 87
164 88
665 88
248 89
42 90
254 97
450 98
933 76
585 89
598 90
250 91
211 92
636 91
724 92
463 99
543 93
241 93
39 94
812 77
957 78
868 79
829 80
795 81
182 95
95 96
363 100
230 97
234 98
736 94
947 82
811 83
987 84
510 95
83 99
798 85
284 101
607 96
779 86
719 97
177 100
964 87
917 88
788 89
920 90
659 98
64 101
333 102
422 103
202 102
611 99
339 104
848 91
818 92
605 100
894 93
6 103
434 105
527 101
937 94
439 106
145 104
426 107
340 108
669 102
699 103
213 105
33 106
509 104
885 95
548 105
702 106
657 107
92 107
178 108
355 109
683 108
700 109
914 96
886 97
789 98
965 99
882 100
576 110
916 101
515 111
831 102
652 112
304 110
855 103
173 109
650 113
52 110
849 104
232 111
263 111
90 112
287 112
583 114
487 113
367 114
701 115
134 113
663 116
679 117
776 105
623 118
94 114
689 119
459 115
427 116
401 117
817 106
460 118
428 119
19 115
478 120
806 107
899 108
613 120
854 109
326 121
390 122
383 123
280 124
267 125
398 126
414 127
858 110
458 128
717 121
388 129
505 122
69 116
814 111
316 130
397 131
716 123
550 124
133 117
792 112
741 125
378 132
843 113
108 118
655 126
451 133
128 119
165 120
272 134
998 114
750 127
220 121
935 115
247 122
743 128
800 116
308 135
453 136
419 137
409 138
324 139
264 140
900 117
973 118
529 129
667 130
521 131
187 123
620 132
309 141
319 142
685 133
898 119
862 120
480 143
704 134
104 124
283 144
525 135
590 136
227 125
753 121
913 122
475 145
350 146
551 137
674 138
929 123
692 139
745 140
519 141
496 147
967 124
541 142
97 126
163 127
348 148
467 149
908 125
673 143
17 128
903 126
236 129
872 127
621 144
891 128
606 145
536 146
969 129
633 147
763 130
841 131
331 150
537 148
34 130
546 149
365 151
825 132
186 131
57 132
233 133
610 150
298 152
682 151
169 134
962 133
693 152
379 153
994 134
329 154
225 135
10 136
586 153
642 154
904 135
174 137
99 138
871 136
681 155
587 156
810 137
38 139
761 138
707 157
552 158
408 155
768 139
391 156
557 159
799 140
189 140
445 157
574 160
819 141
485 158
107 141
429 159
147 142
844 142
461 160
562 161
534 162
627 163
102 143
413 161
646 164
261 162
301 163
946 143
201 144
489 164
123 145
802 144
784 145
637 165
81 146
16 147
922 146
553 166
755 147
870 148
912 149
514 167
454 165
988 150
731 168
78 148
785 151
214 149
59 150
643 169
441 166
224 151
846 152
159 152
117 153
958 153
376 167
48 154
775 154
809 155
205 155
808 156
906 157
754 158
249 156
471 168
970 159
612 170
976 160
191 157
749 171
765 161
584 172
966 162
14 158
941 163
195 159
516 173
535 174
554 175
732 176
747 177
705 178
735 179
23 160
221 161
423 169
797 164
857 165
111 162
209 163
110 164
839 166
407 170
972 167
385 171
269 172
410 173
46 165
979 168
226 166
347 174
22 167
995 169
37 168
140 169
127 170
999 170
729 180
978 171
578 181
624 182
943 172
152 171
488 175
879 173
470 176
402 177
883 174
568 183
721 184
384 178
677 185
462 179
910 175
292 180
343 181
122 172
222 173
619 186
618 187
11 174
387 182
594 188
686 189
183 175
317 183
597 190
73 176
600 191
909 176
503 192
266 184
483 185
688 193
540 194
67 177
229 178
826 177
828 178
654 195
181 179
714 196
338 186
532 197
344 187
950 179
175 180
120 181
417 188
24 182
239 183
635 198
315 189
405 190
469 191
924 180
3 184
860 181
136 185
150 186
803 182
676 199
782 183
671 200
217 187
518 201
299 192
746 202
918 184
504 203
820 185
816 186
603 204
890 187
473 193
616 205
96 188
55 189
404 194
421 195
30 190
771 188
381 196
807 189
986 190
474 197
456 198
632 206
751 191
856 192
579 207
940 193
235 191
465 199
253 200
244 192
335 201
684 208
370 202
500 203
863 194
926 195
430 204
155 193
84 194
218 195
153 196
366 205
395 206
285 207
137 197
897 196
840 197
180 198
389 208
251 209
664 209
289 210
952 198
930 199
190 199
847 200
276 211
752 201
859 202
25 200
435 212
759 203
602 210
274 213
31 201
259 214
836 204
139 202
545 211
850 205
971 206
468 215
675 212
796 207
985 208
631 213
564 214
706 215
351 216
834 209
506 216
119 203
980 210
549 217
356 217
172 204
944 211
21 205
60 206
32 207
268 218
412 219
98 208
497 220
358 221
662 218
672 219
425 222
28 209
322 223
279 224
934 212
281 225
853 213
783 214
842 215
325 226
176 210
703 220
216 211
8 212
433 227
352 228
77 213
953 216
558 221
939 217
215 214
132 215
305 229
921 218
359 230
960 219
837 220
61 216
85 217
277 231
936 221
457 232
790 222
696 222
203 218
588 223
131 219
112 220
114 221
146 222
874 223
902 224
866 225
126 223
822 226
76 224
793 227
923 228
577 224
371 233
498 234
599 225
184 225
438 235
318 236
346 237
63 226
591 226
353 238
53 227
444 239
204 228
928 229
824 230
362 240
208 229
760 231
658 227
580 228
647 229
452 241
125 230
954 232
7 231
539 230
105 232
87 233
68 234
653 231
895 233
143 235
484 242
881 234
726 232
5 236
103 237
867 235
51 238
730 233
981 236
314 243
20 239
742 234
773 237
687 235
393 244
36 240
41 241
727 236
512 237
231 242
121 243
690 238
963 238
744 239
932 239
996 240
592 240
596 241
813 241
162 244
725 242
477 245
861 242
573 243
990 243
354 246
148 245
513 244
733 245
629 246
772 244
26 246
13 247
547 247
878 245
869 246
884 247
82 248
758 248
472 247
670 248
571 249
770 249
313 248
89 249
948 250
372 249
476 250
12 250
560 250

