600 105 107820 60 475 297
153 1
195 2
261 1
150 2
326 2
139 2
475 2
308 3
148 3
530 3
503 3
188 3
377 4
344 4
579 4
408 5
477 1
549 3
452 5
435 6
453 7
568 7
552 1
322 2
360 6
465 6
494 1
215 4
440 6
507 8
589 5
418 7
587 8
345 9
285 8
233 9
561 10
165 9
355 2
217 9
569 9
309 7
325 6
432 5
186 1
138 10
392 8
173 11
232 10
216 12
301 7
281 12
522 13
252 4
361 3
341 6
371 14
372 13
241 11
228 13
510 10
238 14
555 8
203 11
562 15
502 6
596 13
384 15
563 16
284 15
246 9
495 15
256 12
479 13
270 11
584 10
204 11
313 12
223 5
461 8
438 12
557 8
509 17
375 1
532 1
143 6
500 14
424 18
385 16
158 12
327 9
380 16
266 8
263 18
541 19
467 5
300 19
226 19
429 20
156 14
412 16
505 17
224 15
436 7
474 17
514 20
315 21
599 22
163 19
449 20
460 18
201 8
528 19
211 4
328 19
456 7
243 21
164 11
210 23
244 10
390 21
272 4
442 14
302 22
407 22
553 23
343 7
151 24
253 23
595 9
288 24
278 3
376 13
462 17
397 13
189 21
470 17
319 25
155 25
591 26
339 27
578 22
556 18
512 20
499 26
333 18
426 15
471 14
358 25
450 24
388 25
444 21
350 25
577 20
259 20
447 17
239 27
137 16
414 26
293 16
251 27
487 5
400 5
382 9
294 18
490 23
538 24
209 10
198 3
399 14
317 24
423 28
458 27
534 24
298 22
547 10
197 28
352 29
230 27
283 28
161 30
523 26
395 28
179 22
508 26
466 30
443 28
445 29
245 16
221 30
398 29
205 31
526 31
242 3
323 19
346 29
145 32
421 31
545 23
335 33
590 32
207 33
497 21
529 34
370 12
250 35
565 16
524 31
476 32
413 34
247 22
324 30
567 12
297 29
190 35
240 32
539 35
249 18
229 36
427 36
455 30
489 27
318 34
231 9
181 25
194 37
519 35
255 33
585 37
140 38
433 32
193 25
311 36
227 37
357 37
548 20
572 36
177 36
536 37
312 36
347 31
473 39
439 2
222 36
540 19
415 12
515 40
513 30
448 28
200 38
236 26
289 38
290 38
182 37
303 39
441 40
389 33
457 41
202 30
393 11
362 27
501 17
219 41
314 42
498 33
286 42
167 41
299 1
340 38
368 39
527 38
417 41
291 33
573 15
136 39
468 18
425 43
235 40
274 6
277 31
546 42
451 28
365 39
331 39
342 44
176 45
410 43
280 43
214 34
493 33
411 44
516 46
383 45
486 42
554 26
295 40
403 21
149 42
396 47
316 47
306 45
464 48
406 46
381 35
386 41
594 48
320 1
537 49
354 24
430 40
566 49
292 36
269 38
187 44
575 50
329 1
169 32
560 46
276 23
267 35
359 49
310 47
135 19
586 51
543 15
582 34
366 49
564 52
378 46
391 7
525 48
369 29
454 50
147 52
152 43
351 29
141 49
419 48
206 42
330 53
482 40
492 51
218 39
168 44
416 46
146 50
275 51
171 48
248 54
488 53
478 54
332 55
491 31
373 45
363 56
178 25
334 54
304 51
531 53
394 56
484 32
337 52
374 56
175 47
409 50
379 34
353 57
504 53
258 52
506 49
559 56
551 55
533 51
257 33
296 24
511 54
581 41
279 58
180 46
485 52
192 55
405 10
225 51
273 42
431 55
588 57
518 57
598 58
542 59
574 59
469 53
321 47
196 60
356 61
336 23
234 56
496 41
593 60
550 58
483 56
437 54
459 45
592 27
271 59
213 23
174 60
237 61
404 22
212 57
307 46
172 14
463 62
446 39
265 37
428 62
282 58
401 40
142 51
262 32
349 60
480 24
170 15
422 63
184 57
185 11
348 47
191 43
535 41
183 61
364 64
199 8
571 62
517 50
287 60
580 48
597 44
570 64
367 61
434 35
583 55
159 61
268 57
254 53
160 63
154 37
576 60
558 65
166 62
521 64
338 59
162 63
208 62
144 25
260 66
402 34
305 66
520 66
220 65
387 60
600 62
481 65
420 58
157 54
472 67
264 68
544 43
44 69
61 70
63 71
8 69
14 68
88 67
69 70
81 72
51 73
110 71
119 73
45 74
54 71
84 75
68 74
26 76
99 72
97 68
67 52
134 64
32 73
40 72
17 67
118 77
19 75
22 76
38 74
77 78
106 70
95 76
65 77
78 48
96 66
79 77
72 78
89 79
58 80
85 81
80 82
93 82
52 69
23 70
62 73
30 78
7 71
126 83
127 80
133 78
91 83
49 79
4 84
125 81
90 84
25 85
123 79
132 85
128 86
102 83
24 87
6 81
35 86
56 80
16 81
64 88
46 89
73 90
116 74
115 91
117 90
82 87
11 80
10 87
100 92
98 75
87 75
129 89
112 86
101 67
109 88
130 91
124 76
37 87
43 93
131 83
94 94
12 95
42 91
41 94
111 82
103 89
53 96
120 92
9 97
18 85
76 70
114 58
21 95
1 97
59 63
92 84
5 71
47 93
108 98
75 95
121 96
2 85
107 72
36 97
3 99
31 90
13 98
86 99
55 76
71 65
50 100
83 100
29 94
20 101
70 98
15 102
122 96
27 65
57 97
48 79
28 103
33 88
113 90
74 101
104 99
60 104
39 105
66 103
34 92
105 102