600 51 71880 40 335 133
457 1
549 1
572 1
349 1
588 1
491 1
458 1
599 1
512 1
435 1
431 1
454 1
569 1
427 1
407 1
378 1
519 1
545 1
503 1
370 1
404 1
547 1
476 1
492 1
563 1
478 1
469 1
552 1
598 1
536 1
429 1
565 1
352 1
432 1
460 1
590 1
481 1
508 1
341 1
506 1
522 1
488 1
579 1
403 1
593 1
437 1
494 1
502 1
343 1
336 1
424 1
446 1
428 1
444 1
541 1
348 1
332 1
436 1
493 1
363 1
518 1
511 1
359 1
544 1
455 1
456 1
356 1
515 1
453 1
434 1
560 1
483 1
384 1
423 1
360 1
581 1
534 1
377 1
562 1
374 1
409 1
514 1
477 1
443 1
532 1
418 1
513 1
367 1
387 1
449 1
425 1
586 1
594 1
345 1
555 1
551 1
580 1
340 1
369 1
414 1
529 1
399 1
537 1
417 1
584 1
587 1
398 1
334 1
554 1
597 1
466 1
361 1
440 1
473 1
419 1
516 1
383 1
475 1
390 1
542 1
335 1
556 1
373 1
375 1
523 1
495 1
355 1
574 1
558 1
381 1
485 1
415 1
527 1
389 1
589 1
559 1
538 1
498 1
445 1
497 1
571 1
568 1
368 1
351 1
546 1
474 1
338 1
471 1
347 1
393 1
402 1
388 1
528 1
467 1
595 1
524 1
561 1
535 1
442 1
521 1
553 1
482 1
405 1
520 1
464 1
533 1
501 1
421 1
576 1
578 1
500 1
567 1
479 1
371 1
396 1
364 1
566 1
416 1
447 1
394 1
539 1
366 1
406 1
357 1
379 1
585 1
344 1
358 1
450 1
376 1
408 1
439 1
525 1
452 1
550 1
489 1
392 1
448 1
350 1
573 1
484 1
548 1
365 1
507 1
463 1
472 1
382 1
422 1
582 1
575 1
354 1
438 1
531 1
496 1
362 1
504 1
333 1
540 1
600 1
499 1
412 1
461 1
337 1
372 1
557 1
510 1
391 1
509 1
583 1
530 1
451 1
401 1
505 1
490 1
342 1
339 1
592 1
465 1
385 1
353 1
564 1
380 1
577 1
413 1
487 1
591 1
411 1
517 1
459 1
526 1
596 1
386 1
397 1
346 1
430 1
543 1
480 1
468 1
433 1
570 1
441 1
410 1
400 1
395 1
331 2
470 1
462 1
426 1
420 1
486 1
2 2
7 3
11 3
196 4
291 2
307 4
163 5
222 5
245 2
321 6
258 3
137 3
55 4
283 4
259 4
9 7
107 2
103 8
244 7
60 6
254 8
62 7
33 9
79 8
246 7
142 9
43 8
70 2
242 7
314 8
36 5
127 9
216 10
278 3
111 6
249 5
1 9
6 6
199 5
251 5
135 10
156 11
26 3
192 11
275 4
83 11
75 12
102 12
30 12
90 11
134 13
106 10
292 13
16 9
148 10
145 11
289 14
309 13
41 8
229 15
281 13
91 11
128 15
299 6
230 13
115 14
175 12
243 6
177 2
290 3
136 15
68 14
330 14
312 16
225 8
172 13
303 9
293 13
215 15
63 5
52 4
174 6
255 17
209 17
171 18
328 17
140 10
239 17
59 16
113 19
18 20
120 5
155 12
58 17
24 17
73 19
219 18
179 18
308 19
129 19
182 16
85 2
189 20
12 21
159 22
234 7
112 19
88 20
87 21
194 20
260 10
274 14
311 16
116 11
152 8
211 16
276 20
212 18
27 21
133 15
114 14
238 21
178 16
203 22
320 18
232 3
93 23
231 8
277 22
287 24
86 24
284 22
247 25
256 26
57 12
47 26
305 12
285 24
35 17
139 4
161 23
5 23
170 26
298 24
188 27
202 25
94 12
240 27
324 14
78 4
295 19
268 28
131 27
66 21
97 29
130 28
160 15
4 18
14 28
34 30
267 24
126 27
64 13
226 25
56 23
82 26
294 31
162 25
80 25
108 27
217 17
141 29
153 16
265 28
151 9
280 31
317 31
220 32
122 22
165 18
74 7
269 29
45 32
201 29
105 14
250 30
224 32
197 19
233 33
235 25
125 28
100 34
164 32
273 22
227 31
315 33
237 23
329 30
173 26
84 7
77 34
191 32
228 33
325 35
119 12
150 35
183 19
154 5
124 30
8 22
286 36
206 23
20 29
95 30
241 34
81 29
61 24
109 33
210 31
218 35
13 36
327 36
25 36
198 37
272 37
176 33
323 33
319 26
158 32
65 38
193 21
181 35
144 38
29 38
221 23
301 39
118 28
101 11
297 3
71 39
54 40
296 41
121 37
28 21
184 29
302 5
143 34
205 42
253 36
39 34
50 42
318 42
89 40
300 40
190 39
282 6
271 41
17 27
67 43
99 22
53 24
40 17
213 26
38 41
149 44
147 33
270 45
214 42
207 10
157 37
288 45
322 42
264 44
248 46
96 22
263 36
168 43
104 20
15 44
279 47
185 46
37 40
180 38
98 20
208 41
138 39
31 38
132 48
200 31
44 37
195 18
49 43
3 43
92 32
42 47
72 45
304 49
166 43
110 38
169 37
19 42
316 31
117 28
326 45
262 49
187 20
32 30
69 47
257 23
46 46
313 2
306 50
22 21
146 48
186 40
10 48
204 31
48 30
21 44
23 35
310 43
223 48
51 51
236 51
123 49
252 50
167 50
266 39
76 34
261 44