600 210 161730 90 578 503
424 1
560 1
585 2
544 2
521 3
390 4
262 5
504 5
233 4
287 6
335 3
354 7
397 6
321 8
231 9
224 5
595 7
313 9
511 10
229 2
319 10
145 1
184 11
597 12
171 8
453 13
278 14
464 13
553 15
492 7
175 16
548 17
214 18
542 12
342 13
470 11
346 19
217 15
500 20
593 3
134 14
584 18
417 17
514 9
590 21
480 19
503 22
582 23
327 17
205 24
565 25
468 21
432 14
254 22
569 20
568 10
501 16
219 26
198 27
411 25
239 28
181 26
399 24
455 23
533 15
387 27
502 29
506 21
288 30
450 27
555 11
133 31
206 2
482 6
381 23
532 29
332 4
524 16
379 32
458 33
374 1
310 34
141 30
574 35
551 20
409 30
600 34
479 31
364 19
400 28
517 5
535 22
408 36
251 32
360 37
418 25
406 28
449 38
487 32
289 37
162 39
269 40
318 40
489 33
284 36
228 35
452 41
384 42
446 5
396 38
286 42
244 39
293 43
199 18
567 4
246 33
257 44
158 44
546 8
215 45
509 45
439 46
508 43
218 46
561 47
566 34
523 38
266 26
410 48
550 18
155 35
250 49
536 16
376 12
434 48
202 41
518 44
490 50
430 42
557 51
245 52
529 39
236 51
441 53
194 54
146 55
182 52
150 49
179 47
573 56
308 26
290 56
587 50
377 57
461 58
344 59
530 60
334 55
172 29
493 60
549 61
386 62
316 63
255 55
537 53
371 61
292 58
350 64
258 43
403 19
312 59
232 65
281 66
471 64
572 63
554 60
323 24
220 47
359 65
465 67
277 52
314 54
345 46
139 68
401 69
315 70
317 71
372 62
211 45
216 27
280 72
338 7
422 67
580 70
272 57
298 55
320 68
538 31
416 73
174 36
499 74
203 48
268 75
295 51
242 68
539 72
385 1
495 76
510 65
336 77
556 38
583 66
596 69
578 75
192 76
589 77
414 73
271 66
195 45
305 67
498 71
579 78
238 53
311 74
249 37
302 58
516 79
264 76
273 80
143 81
152 82
426 78
296 83
570 82
283 21
148 75
457 84
469 85
483 41
558 79
326 80
438 86
513 87
153 49
481 15
325 81
151 88
576 84
599 72
543 57
185 85
201 71
462 85
168 89
447 79
213 14
444 90
275 39
259 91
154 83
159 88
260 32
389 87
398 91
167 92
563 86
221 93
393 80
451 90
208 82
531 50
297 89
415 94
165 64
285 92
279 95
391 94
591 96
166 97
253 63
431 79
131 98
437 99
169 100
357 101
252 99
476 100
241 87
378 82
507 102
140 86
575 103
339 104
467 95
222 83
161 102
525 105
160 54
204 56
588 77
366 69
429 61
526 106
445 59
306 107
420 97
304 101
361 91
392 104
147 83
540 108
299 107
294 93
427 106
343 24
256 90
144 109
505 98
474 96
207 103
442 73
472 89
365 65
243 110
413 33
163 111
333 99
282 105
443 70
488 112
261 110
235 113
515 114
463 11
227 108
425 111
197 115
301 110
456 40
189 116
265 114
142 97
368 74
522 113
496 29
367 117
497 118
230 112
564 119
527 120
276 121
421 115
380 94
212 109
164 107
358 35
132 122
178 118
352 123
577 120
356 124
353 117
210 125
485 126
373 121
395 125
475 119
135 127
486 128
534 126
247 127
460 129
248 130
383 100
329 131
173 131
307 98
571 88
170 34
324 92
412 120
586 129
347 116
309 132
494 113
388 74
240 133
362 96
454 123
138 130
512 103
176 124
137 111
177 93
348 69
180 134
428 123
300 67
541 133
136 135
322 136
435 108
528 132
223 116
209 125
592 136
547 134
440 137
394 138
407 95
188 139
478 140
433 122
330 117
423 84
484 141
581 142
303 60
274 142
191 143
363 144
340 121
349 145
149 133
405 97
331 8
552 106
459 146
157 147
562 128
545 128
267 135
598 146
263 52
190 78
337 101
196 148
328 129
382 149
473 145
270 150
183 108
351 148
187 150
466 140
559 62
225 151
193 137
375 147
594 144
419 138
370 126
477 145
237 143
404 152
341 153
402 151
156 109
519 154
369 155
186 156
448 157
234 158
29 141
491 36
291 105
436 139
520 118
200 154
226 159
48 160
16 153
104 161
1 162
62 149
40 163
125 164
122 153
116 149
50 165
114 166
81 166
105 114
97 165
355 144
102 159
118 161
12 164
26 152
115 160
89 167
54 163
2 154
103 168
93 81
107 169
106 140
111 170
53 162
99 171
83 156
61 155
73 172
27 124
13 152
56 173
11 173
69 174
32 164
9 169
49 151
88 171
85 175
20 176
23 172
60 165
72 176
128 177
22 127
25 178
21 174
84 179
57 180
41 181
10 167
4 30
110 182
92 183
51 184
86 168
117 162
67 180
36 177
33 185
38 157
17 170
108 186
59 175
96 187
94 188
55 189
87 159
18 190
15 184
63 191
34 158
76 141
68 183
58 191
7 122
6 192
31 187
127 193
75 181
19 194
123 160
124 179
24 182
112 178
14 93
119 187
43 188
74 195
113 186
42 196
79 192
126 195
45 197
39 198
64 139
109 199
30 195
70 196
46 200
130 201
3 194
71 202
65 172
37 189
5 203
91 204
52 205
82 202
78 193
80 41
101 199
8 206
77 190
95 155
90 197
120 205
28 207
98 208
129 176
121 185
100 209
44 210
47 203
35 200
66 204