1000 375 171375 0 374 374
307 1
15 2
725 1
206 3
890 1
657 2
93 4
556 3
625 4
932 2
960 3
294 5
526 5
483 6
905 4
422 7
360 6
256 7
801 5
672 8
457 9
540 10
159 8
257 9
271 10
325 11
636 11
675 12
29 12
977 6
124 13
178 14
234 15
662 13
472 14
705 15
695 16
646 17
339 16
132 17
50 18
921 7
397 18
212 19
544 19
931 8
981 9
72 20
398 20
218 21
502 21
479 22
622 23
877 10
269 22
172 23
87 24
162 25
252 26
96 27
878 11
537 24
396 25
226 28
53 29
209 30
377 26
313 31
429 27
536 28
288 32
367 33
681 29
634 30
103 34
378 31
207 35
548 32
486 33
54 36
406 34
611 35
697 36
952 12
732 37
670 38
922 13
297 37
184 38
999 14
896 15
418 39
409 40
579 41
658 42
215 39
923 16
591 43
39 40
146 41
756 17
728 44
813 18
431 45
631 46
131 42
295 43
267 44
525 47
428 48
455 49
852 19
775 20
309 45
629 50
726 51
351 46
405 52
329 47
223 48
117 49
569 53
916 21
408 54
76 50
330 51
194 52
876 22
924 23
498 55
902 24
293 53
245 54
652 56
164 55
471 57
810 25
953 26
161 56
468 58
930 27
519 59
769 28
515 60
899 29
560 61
23 57
755 30
589 62
65 58
584 63
166 59
582 64
426 65
299 60
70 61
934 31
723 66
942 32
357 62
95 63
765 33
469 67
500 68
66 64
89 65
343 66
749 69
151 67
581 70
169 68
744 71
368 69
363 70
60 71
376 72
958 34
774 35
974 36
190 72
324 73
366 74
638 73
150 75
903 37
312 76
262 77
254 78
147 79
573 74
48 80
402 75
577 76
387 77
729 78
683 79
180 81
956 38
862 39
118 82
43 83
114 84
768 40
241 85
301 86
416 80
588 81
453 82
154 87
615 83
553 84
71 88
217 89
263 90
390 85
372 91
414 86
232 92
886 41
839 42
45 93
296 94
550 87
561 88
179 95
587 89
91 96
250 97
527 90
799 43
464 91
989 44
171 98
520 92
238 99
314 100
881 45
708 93
130 101
1 102
793 46
22 103
463 94
99 104
268 105
446 95
12 106
689 96
344 107
187 108
601 97
647 98
352 109
809 47
856 48
735 99
437 100
167 110
826 49
280 111
780 50
259 112
174 113
743 101
385 102
74 114
911 51
231 115
668 103
81 116
494 104
417 105
10 117
661 106
444 107
600 108
733 109
389 110
694 111
160 118
698 112
92 119
456 113
27 120
844 52
41 121
935 53
195 122
203 123
972 54
894 55
945 56
115 124
874 57
102 125
233 126
358 127
58 128
61 129
737 114
719 115
797 58
767 59
750 116
381 117
551 118
284 130
545 119
940 60
24 131
349 132
791 61
116 133
193 134
597 120
373 135
506 121
191 136
318 137
141 138
56 139
996 62
59 140
433 122
170 141
707 123
983 63
346 142
129 143
434 124
598 125
304 144
128 145
583 126
895 64
508 127
34 146
975 65
411 128
828 66
776 67
251 147
64 148
443 129
496 130
835 68
511 131
505 132
152 149
379 133
915 69
557 134
712 135
82 150
445 136
854 70
2 151
497 137
403 138
794 71
709 139
400 140
432 141
75 152
991 72
266 153
308 154
242 155
620 142
941 73
986 74
649 143
626 144
779 75
700 145
528 146
199 156
763 76
420 147
258 157
619 148
644 149
676 150
419 151
565 152
865 77
678 153
275 158
542 154
602 155
962 78
792 79
967 80
247 159
910 81
177 160
599 156
106 161
882 82
253 162
298 163
699 157
227 164
731 158
335 165
513 159
957 83
509 160
112 166
507 161
216 167
163 168
907 84
818 85
841 86
538 162
499 163
656 164
702 165
840 87
819 88
997 89
438 166
229 169
666 167
303 170
88 171
475 168
460 169
18 172
968 90
415 170
764 91
5 173
758 92
302 174
83 175
567 171
523 172
979 93
413 173
485 174
142 176
539 175
918 94
292 177
994 95
214 178
300 179
168 180
482 176
139 181
228 182
795 96
851 97
28 183
842 98
465 177
185 184
939 99
592 178
559 179
746 180
16 185
605 181
885 100
495 182
987 101
736 183
25 186
965 102
383 184
67 187
273 188
384 185
562 186
374 189
604 187
183 190
610 188
510 189
62 191
20 192
804 103
362 193
721 190
530 191
49 194
751 104
685 192
38 195
608 193
673 194
261 196
850 105
860 106
621 195
155 197
802 107
817 108
825 109
928 110
606 196
201 198
593 197
518 198
618 199
998 111
632 200
143 199
570 201
467 202
481 203
820 112
574 204
917 113
959 114
277 200
595 205
235 201
609 206
90 202
771 115
655 207
671 208
202 203
86 204
240 205
487 209
757 116
831 117
578 210
342 206
824 118
79 207
534 211
909 119
522 212
624 213
985 120
371 208
770 121
365 209
375 210
440 214
369 211
7 212
340 213
521 215
747 216
274 214
225 215
153 216
914 122
249 217
282 218
504 217
264 219
19 220
503 218
806 123
36 221
489 219
113 222
766 124
138 223
690 220
388 221
63 224
696 222
906 125
961 126
925 127
964 128
127 225
260 226
740 223
488 224
197 227
821 129
571 225
669 226
126 228
255 229
639 227
773 130
334 230
607 228
435 229
31 231
637 230
107 232
230 233
135 234
394 231
474 232
26 235
8 236
978 131
283 237
753 132
265 238
936 133
4 239
984 134
554 233
628 234
816 135
323 240
848 136
761 137
320 241
594 235
219 242
173 243
808 138
480 236
359 244
973 139
995 140
734 237
133 245
55 246
47 247
937 141
452 238
912 142
244 248
501 239
807 143
586 240
423 241
822 144
688 242
336 249
927 145
781 146
205 250
833 147
412 243
868 148
943 149
727 244
3 251
741 245
713 246
908 150
748 247
627 248
913 151
157 252
109 253
370 254
516 249
812 152
549 250
449 251
893 153
108 255
222 256
898 154
345 257
703 252
11 258
901 155
145 259
641 253
867 156
948 157
78 260
327 261
843 158
448 254
580 255
221 262
137 263
459 256
94 264
319 265
614 257
136 266
176 267
276 268
243 269
838 159
558 258
859 160
693 259
68 270
612 260
441 261
829 161
855 162
947 163
21 271
864 164
642 262
427 263
564 264
512 265
33 272
524 266
348 273
279 274
872 165
165 275
873 166
395 267
785 167
286 276
220 277
759 168
289 278
148 279
686 268
811 169
800 170
633 269
331 280
846 171
919 172
211 281
992 173
224 282
667 270
44 283
714 271
613 272
933 174
790 175
175 284
650 273
84 285
80 286
888 176
830 177
46 287
442 274
663 275
691 276
100 288
531 277
772 178
849 179
484 278
716 279
200 289
648 280
654 281
988 180
692 282
576 283
803 181
447 284
827 182
355 290
730 285
543 286
439 287
541 288
891 183
966 184
13 291
704 289
739 290
182 292
98 293
892 185
529 291
677 292
430 293
847 186
315 294
181 295
832 187
944 188
248 296
834 189
57 297
674 294
635 295
73 298
436 296
213 299
186 300
198 301
104 302
982 190
401 297
476 298
287 303
617 299
778 191
119 304
754 192
715 300
969 193
566 301
246 305
796 194
814 195
37 306
563 302
514 303
347 307
111 308
239 309
845 196
963 197
823 198
701 304
123 310
640 305
6 311
9 312
42 313
310 314
149 315
517 306
306 316
897 199
192 317
616 307
305 318
97 319
971 200
317 320
742 308
572 309
929 201
596 310
946 202
477 311
837 203
880 204
805 205
356 321
120 322
125 323
30 324
407 312
272 325
623 313
196 326
884 206
717 314
491 315
204 327
762 207
861 208
858 209
782 210
492 316
410 317
871 211
51 328
954 212
134 329
1000 213
478 318
938 214
665 319
285 330
575 320
926 215
887 216
706 321
353 331
158 332
645 322
454 323
52 333
17 334
786 217
421 324
970 218
322 335
144 336
110 337
904 219
603 325
659 326
425 327
651 328
920 220
490 329
392 330
364 338
380 331
237 339
752 221
552 332
278 340
470 333
949 222
684 334
976 223
889 224
350 341
473 335
990 225
870 226
332 342
798 227
121 343
590 336
738 337
532 338
980 228
687 339
236 344
77 345
682 340
555 341
760 229
951 230
361 346
745 342
122 347
660 343
879 231
337 348
451 344
535 345
784 232
720 346
35 349
321 350
393 347
718 348
291 351
354 352
466 349
863 233
341 353
950 234
391 350
462 351
568 352
680 353
643 354
653 355
399 356
710 357
836 235
69 354
424 358
788 236
270 355
156 356
450 359
883 237
290 357
664 360
787 238
85 358
679 361
547 362
328 359
140 360
533 363
382 364
546 365
493 366
789 239
311 361
326 362
333 363
338 364
866 240
857 241
40 365
711 367
208 366
993 242
783 243
722 368
105 367
869 244
101 368
630 369
955 245
210 369
189 370
404 370
458 371
853 246
724 372
14 371
316 372
900 247
815 248
585 373
777 249
281 373
188 374
875 250
386 374
461 375
32 375

