1000 250 124500 0 249 249
681 1
915 1
67 1
278 1
283 2
89 2
156 3
618 2
967 2
406 3
268 4
37 4
441 5
213 5
164 6
162 7
500 6
795 3
421 7
309 8
354 9
499 10
402 11
304 12
721 3
874 4
44 8
667 4
985 5
477 13
525 5
115 9
533 6
518 7
209 10
655 8
952 6
110 11
407 14
488 15
811 7
572 9
169 12
317 16
330 17
867 8
236 13
974 9
121 14
819 10
340 18
998 11
557 10
324 19
229 15
661 11
198 16
741 12
113 17
140 18
146 19
183 20
759 12
71 21
207 22
266 20
836 13
447 21
942 14
45 23
144 24
902 15
588 13
978 16
106 25
235 26
654 14
414 22
152 27
85 28
386 23
471 24
918 17
529 15
712 16
949 18
136 29
560 17
858 19
395 25
397 26
744 18
775 20
192 30
220 31
491 27
605 19
598 20
451 28
452 29
458 30
512 21
332 31
626 22
752 21
350 32
23 32
417 33
126 33
223 34
34 35
263 34
754 22
885 23
522 23
16 36
461 35
19 37
302 36
109 38
204 39
313 37
851 24
663 24
993 25
823 26
611 25
413 38
863 27
982 28
186 40
929 29
813 30
379 39
345 40
165 41
259 41
298 42
608 26
528 27
894 31
769 32
208 42
196 43
600 28
341 43
234 44
670 29
723 30
293 44
46 45
389 45
476 46
976 33
63 46
541 31
574 32
267 47
219 47
159 48
736 33
621 34
652 35
280 48
768 34
965 35
866 36
938 37
384 49
425 50
994 38
9 49
539 36
289 51
591 37
104 50
158 51
424 52
287 53
617 38
260 54
554 39
873 39
800 40
990 41
686 40
73 52
462 55
470 56
674 41
542 42
253 57
218 53
133 54
99 55
168 56
704 43
358 58
656 44
804 42
74 57
250 58
81 59
514 45
592 46
398 59
460 60
284 61
603 47
127 60
423 62
242 61
601 48
255 63
700 49
653 50
120 62
642 51
150 63
27 64
50 65
52 66
262 64
939 43
838 44
143 67
226 68
597 52
40 69
966 45
322 65
684 53
455 66
676 54
394 67
20 70
498 68
680 55
816 46
913 47
311 69
890 48
244 71
380 70
180 72
904 49
749 56
650 57
853 50
215 73
337 71
647 58
668 59
342 72
370 73
349 74
155 74
513 60
969 51
454 75
323 76
875 52
221 75
489 77
701 61
422 78
920 53
589 62
871 54
248 76
693 63
567 64
276 79
383 80
945 55
225 77
673 65
114 78
634 66
490 81
503 67
703 68
14 79
547 69
446 82
568 70
624 71
103 80
562 72
433 83
178 81
882 56
469 84
943 57
523 73
72 82
35 83
377 85
551 74
353 86
575 75
889 58
419 87
711 76
810 59
139 84
923 60
664 77
997 61
546 78
636 79
494 88
252 89
411 90
825 62
830 63
203 85
832 64
797 65
364 91
596 80
850 66
32 86
29 87
739 81
872 67
361 92
658 82
475 93
733 83
356 94
286 95
161 88
230 89
833 68
564 84
580 85
590 86
333 96
524 87
240 90
659 88
999 69
467 97
179 91
78 92
184 93
142 94
130 95
385 98
185 96
762 70
369 99
840 71
256 100
573 89
193 97
245 98
105 99
123 100
338 101
6 101
343 102
147 102
319 103
200 103
305 104
577 90
558 91
847 72
321 105
363 106
510 92
794 73
174 104
822 74
683 93
757 75
497 107
102 105
246 106
238 107
463 108
878 76
300 109
279 110
388 111
766 77
631 94
792 78
607 95
710 96
326 112
205 108
194 109
135 110
272 113
544 97
576 98
556 99
485 114
535 100
761 79
908 80
566 101
786 81
420 115
482 116
892 82
430 117
362 118
210 111
719 102
273 119
410 120
612 103
440 121
912 83
427 122
474 123
249 112
555 104
868 84
507 105
480 124
448 125
964 85
646 106
852 86
4 113
559 107
955 87
632 108
907 88
784 89
747 109
917 90
640 110
622 111
793 91
60 114
713 112
108 115
877 92
30 116
678 113
638 114
537 115
516 116
583 117
968 93
148 117
613 118
175 118
404 126
11 119
457 127
981 94
606 119
901 95
348 128
970 96
426 129
861 97
855 98
571 120
897 99
170 120
201 121
438 130
172 122
953 100
919 101
134 123
138 124
432 131
677 121
772 102
570 122
271 132
51 125
760 103
520 123
827 104
295 133
718 124
291 134
532 125
153 126
569 126
310 135
79 127
393 136
17 128
717 127
66 129
428 137
735 128
820 105
977 106
409 138
906 107
188 130
296 139
405 140
751 108
149 131
625 129
94 132
957 109
435 141
543 130
898 110
206 133
738 131
378 142
92 134
334 143
141 135
614 132
895 111
112 136
767 112
493 144
742 133
7 137
992 113
56 138
585 134
367 145
68 139
403 146
774 114
442 147
548 135
401 148
62 140
274 149
534 136
187 141
53 142
239 143
980 115
814 116
151 144
478 150
387 151
914 117
241 145
595 137
679 138
803 118
778 119
950 120
492 152
702 139
729 140
368 153
891 121
930 122
896 123
160 146
519 141
24 147
125 148
511 142
484 154
449 155
695 143
57 149
777 124
43 150
308 156
972 125
563 144
189 151
39 152
856 126
593 145
195 153
453 157
662 146
530 147
100 154
346 158
314 159
450 160
504 148
910 127
746 149
924 128
294 161
648 150
64 155
812 129
277 162
829 130
292 163
264 164
857 131
801 132
899 133
8 156
483 165
41 157
473 166
351 167
382 168
459 169
191 158
586 151
770 134
876 135
707 152
690 153
55 159
216 160
627 154
131 161
672 155
93 162
973 136
5 163
316 170
258 171
932 137
38 164
375 172
437 173
705 156
758 138
211 165
86 166
714 157
303 174
956 139
639 158
880 140
694 159
962 141
651 160
222 167
84 168
25 169
77 170
42 171
436 175
3 172
765 142
565 161
883 143
669 162
282 176
893 144
755 145
865 146
935 147
789 148
10 173
666 163
782 149
905 150
464 177
987 151
13 174
538 164
887 152
922 153
842 154
675 165
531 166
299 178
54 175
233 176
903 155
808 156
629 167
285 179
821 157
80 177
318 180
373 181
444 182
224 178
685 168
76 179
481 183
835 158
731 169
59 180
15 181
434 184
716 170
65 182
549 171
217 183
604 172
783 159
495 185
986 160
261 186
815 161
95 184
732 173
845 162
886 163
157 185
989 164
750 174
961 165
306 187
818 166
743 175
696 176
270 188
787 167
831 168
465 189
921 169
119 186
227 187
944 170
975 171
796 172
773 173
720 177
620 178
1000 174
947 175
740 179
824 176
802 177
48 188
1 189
864 178
781 179
869 180
946 181
31 190
954 182
582 180
834 183
763 184
526 181
357 190
501 182
128 191
682 183
745 184
809 185
352 191
779 186
197 192
167 193
288 192
561 185
26 194
728 186
854 187
344 193
281 194
817 188
328 195
87 195
995 189
88 196
82 197
637 187
243 198
376 196
584 188
58 199
691 189
231 200
107 201
979 190
941 191
951 192
418 197
12 202
502 190
439 198
21 203
521 191
828 193
848 194
137 204
301 199
841 195
335 200
331 201
635 192
552 193
846 196
633 194
550 195
365 202
228 205
327 203
247 206
315 204
737 196
392 205
181 207
724 197
839 197
879 198
689 198
97 208
101 209
479 206
756 199
390 207
466 208
408 209
399 210
581 199
578 200
725 201
928 200
269 211
47 210
212 211
540 202
645 203
665 204
75 212
900 201
372 212
925 202
329 213
254 214
785 203
722 205
958 204
61 213
265 215
36 214
988 205
734 206
790 206
780 207
630 207
709 208
798 208
748 209
173 215
237 216
117 217
909 209
933 210
660 210
177 218
90 219
517 211
849 211
347 216
429 217
163 220
257 218
826 212
753 213
171 221
443 219
359 220
508 212
391 221
594 213
355 222
96 222
983 214
98 223
799 215
339 223
28 224
132 225
937 216
911 217
182 226
83 227
176 228
69 229
926 218
610 214
290 224
623 215
948 219
697 216
232 230
934 220
381 225
116 231
699 217
788 221
506 218
843 222
726 219
166 232
496 226
806 223
202 233
320 227
122 234
862 224
764 225
931 226
312 228
400 229
805 227
916 228
807 229
844 230
91 235
515 220
415 230
996 231
129 236
587 221
687 222
936 232
360 231
509 223
472 232
730 224
644 225
49 237
468 233
706 226
545 227
396 234
190 238
960 233
416 235
199 239
145 240
336 236
536 228
412 237
692 229
111 241
527 230
307 238
366 239
124 242
371 240
214 243
70 244
870 234
708 231
641 232
837 235
643 233
456 241
698 234
984 236
860 237
771 238
579 235
505 236
991 239
776 240
649 237
251 242
2 245
599 238
445 243
431 244
657 239
486 245
688 240
615 241
727 242
859 241
619 243
374 246
628 244
971 242
959 243
22 246
940 244
963 245
33 247
275 247
18 248
602 245
154 249
325 248
671 246
616 247
881 246
297 249
553 248
791 247
884 248
927 249
715 249
888 250
118 250
609 250
487 250

