600 100 107820 60 475 297
361 1
235 1
24 2
447 1
354 2
521 3
351 3
83 4
25 5
317 2
392 1
180 4
142 3
446 6
20 4
203 2
320 7
479 6
274 6
578 7
382 8
318 3
600 9
311 8
74 5
512 8
457 9
234 8
373 7
84 10
449 1
403 7
86 5
63 5
157 8
316 10
190 11
100 11
9 12
487 13
65 9
372 6
500 14
353 7
412 13
64 14
502 6
75 12
496 15
5 10
315 15
90 15
265 16
176 4
244 11
99 17
209 13
61 3
552 17
443 18
289 16
466 19
523 16
247 18
1 20
236 7
467 13
482 17
240 14
132 20
303 6
279 10
488 12
362 16
431 8
168 15
384 7
208 9
452 19
333 11
529 21
499 18
12 22
17 21
338 23
256 20
78 23
309 21
401 14
206 19
337 23
553 24
147 2
230 22
430 22
579 18
399 19
165 24
391 18
432 10
581 15
350 17
410 25
114 26
241 25
336 27
159 24
183 25
267 23
93 27
178 15
224 9
542 12
199 20
341 28
367 28
417 29
422 16
92 30
197 28
242 29
122 31
223 13
465 15
131 32
568 18
374 28
484 33
250 33
445 8
105 34
271 31
89 35
375 12
123 35
345 1
154 30
27 26
513 17
554 22
171 29
212 28
155 19
118 26
394 11
299 31
2 27
48 34
347 30
377 36
348 33
297 30
104 37
16 38
503 29
386 24
231 18
285 21
135 7
58 39
594 32
464 32
313 36
385 25
50 35
211 1
582 29
525 32
260 13
388 25
504 40
227 36
423 28
57 34
515 14
19 39
162 40
425 26
251 9
402 38
145 38
82 37
136 40
564 41
35 31
237 41
257 24
148 30
516 42
195 4
67 43
421 21
49 37
43 44
181 19
524 39
255 38
301 45
287 42
70 39
407 41
567 45
187 33
163 40
551 42
519 15
427 40
472 46
79 47
437 43
169 17
577 41
490 44
324 40
475 28
332 10
77 44
415 36
442 48
28 48
174 25
450 43
473 16
129 45
470 42
548 46
322 49
319 43
366 14
453 21
226 13
126 47
593 22
172 49
414 13
395 34
344 3
532 30
210 38
130 50
526 16
544 46
146 51
416 41
477 16
221 30
562 23
550 49
288 50
134 51
94 52
112 48
22 53
102 50
72 44
45 35
474 45
270 27
555 53
563 33
294 41
115 54
569 12
52 52
440 32
298 55
113 53
119 54
281 10
534 38
543 20
461 31
47 56
8 56
275 46
363 55
455 21
379 41
575 37
295 57
259 1
156 24
246 14
408 3
352 2
205 26
454 58
68 51
489 48
302 55
459 53
98 59
583 57
383 60
339 52
117 61
511 43
88 49
62 60
222 57
269 57
571 48
60 56
495 54
444 42
196 58
441 58
419 62
476 47
175 62
580 62
328 63
576 55
359 54
253 20
4 61
76 64
238 40
109 65
158 2
182 28
559 4
364 28
586 52
161 59
545 49
591 58
73 65
527 64
433 55
535 6
507 61
36 66
39 66
396 36
153 49
514 1
546 57
56 67
346 68
216 50
404 63
284 68
120 69
436 29
106 64
138 24
217 27
225 38
458 25
55 60
173 59
293 25
30 70
481 71
282 63
462 64
18 67
560 46
192 69
164 70
273 62
574 67
411 6
264 72
376 68
272 18
491 43
365 70
34 66
110 62
566 71
207 65
505 65
493 71
66 60
127 73
103 47
218 58
108 72
587 23
381 24
13 59
438 55
549 56
598 74
124 74
597 50
480 44
390 75
469 76
261 45
406 75
141 71
558 76
456 69
387 59
497 9
483 67
213 65
31 67
547 69
400 32
592 76
494 1
508 3
42 77
21 77
460 21
3 78
166 72
522 63
266 75
418 54
291 75
280 55
308 7
137 22
434 42
191 76
81 79
59 80
215 73
107 74
249 42
14 77
202 71
468 29
589 68
268 79
188 9
144 81
420 62
140 81
201 75
278 3
435 46
429 41
152 61
305 51
40 77
335 45
330 71
283 58
533 52
177 69
478 46
69 78
599 11
185 36
326 82
276 63
32 80
573 83
342 73
541 2
97 82
343 75
540 73
588 84
296 50
312 59
304 73
198 79
486 31
46 83
91 85
585 86
170 68
143 55
323 45
424 20
248 78
111 87
232 11
357 65
530 79
53 86
96 88
331 72
7 84
220 51
413 82
334 83
116 76
340 78
26 81
492 84
233 79
184 63
378 33
15 89
368 72
95 34
151 81
426 66
310 58
355 53
517 19
189 41
371 85
193 90
509 80
300 86
41 89
51 89
214 53
186 78
518 84
556 49
85 83
349 70
448 64
179 19
463 74
262 91
286 13
370 87
33 88
321 29
536 80
133 92
101 93
150 4
167 87
10 94
71 91
277 39
498 57
87 95
595 8
292 90
584 90
125 90
258 90
306 96
121 96
471 68
243 10
139 61
389 36
37 92
263 70
149 70
570 85
6 97
160 86
405 60
325 67
254 94
557 74
510 81
506 22
485 97
397 69
11 77
23 93
561 46
360 43
398 95
409 90
252 86
439 91
44 94
539 91
358 93
538 94
229 75
356 12
29 98
537 99
565 40
314 57
528 98
228 96
572 79
369 99
451 61
38 88
596 27
245 100
380 33
194 86
428 56
128 47
531 87
239 99
329 42
219 69
200 69
520 94
54 85
393 92
590 97
204 71
80 100
307 72
290 18
501 95
327 95