600 50 71880 40 335 133
548 1
340 1
113 2
250 3
454 1
80 2
411 1
230 4
573 1
192 2
152 4
259 5
567 1
418 1
75 2
458 1
158 4
490 1
121 3
150 6
527 1
429 1
18 5
79 3
74 2
211 4
343 1
148 6
481 1
48 3
368 1
193 7
22 7
11 3
253 5
366 1
380 1
258 5
87 7
264 7
498 1
64 6
504 1
570 1
493 1
183 8
346 1
213 9
122 9
379 1
19 7
372 1
224 8
519 1
147 5
308 8
582 1
146 10
77 8
181 8
377 1
364 1
270 10
413 1
474 1
261 11
15 11
397 1
461 1
433 1
526 1
191 10
499 1
351 1
239 11
101 12
208 9
557 1
434 1
586 1
449 1
307 6
482 1
194 13
294 13
531 1
292 6
10 9
577 1
412 1
539 1
455 1
35 11
360 1
272 12
20 10
136 14
288 13
240 10
497 1
328 6
514 1
28 4
165 11
409 1
179 14
484 1
569 1
478 1
85 12
279 15
229 14
334 1
57 14
243 11
254 2
238 4
76 12
326 15
245 16
394 1
206 17
111 13
298 17
299 5
507 1
51 3
551 1
339 1
182 16
403 1
222 18
549 1
58 13
65 9
462 1
337 1
4 16
501 1
381 1
233 16
318 19
257 8
451 1
286 20
488 1
248 21
162 18
187 9
464 1
173 19
437 1
480 1
6 15
216 17
322 10
535 1
160 18
92 21
310 19
301 19
456 1
517 1
317 21
82 18
439 1
185 22
61 23
560 1
283 22
219 16
108 23
127 14
583 1
273 20
459 1
312 4
399 1
284 18
565 1
363 1
356 1
40 15
199 7
448 1
89 22
195 20
236 20
438 1
367 1
353 1
445 1
332 1
45 6
477 1
21 23
116 14
84 19
242 24
62 13
512 1
47 22
9 24
442 1
220 12
469 1
510 1
167 25
515 1
419 1
189 17
473 1
142 24
159 25
180 25
589 1
96 24
110 26
153 24
383 1
137 26
524 1
207 23
99 20
86 15
184 20
200 27
395 1
251 16
44 28
590 1
575 1
376 1
457 1
530 1
350 1
66 7
489 1
215 8
94 21
505 1
425 1
546 1
50 14
485 1
525 1
333 1
32 27
410 1
93 16
12 28
378 1
566 1
303 12
237 15
405 1
118 29
555 1
43 27
564 1
593 1
154 30
166 30
338 1
511 1
203 17
5 23
476 1
232 18
388 1
329 29
231 26
204 27
293 27
534 1
314 26
300 22
201 29
420 1
198 28
277 31
103 18
496 1
95 21
470 1
249 30
247 5
81 29
112 2
151 25
362 1
49 31
54 11
271 25
436 1
430 1
348 1
67 12
502 1
69 28
37 25
414 1
518 1
370 1
104 31
467 1
105 32
538 1
297 14
78 5
596 1
491 1
168 25
323 32
36 24
302 10
424 1
422 1
275 6
269 23
563 1
355 1
574 1
452 1
188 28
131 33
325 32
72 34
396 1
197 8
55 22
443 1
416 1
34 3
342 1
428 1
392 1
365 1
319 22
157 28
265 31
138 31
295 23
115 15
282 33
599 1
217 30
3 35
141 33
354 1
521 1
17 24
475 1
41 34
289 35
164 2
547 1
533 1
107 35
495 1
508 1
313 36
542 1
226 36
528 1
347 1
592 1
212 21
155 37
500 1
576 1
463 1
384 1
404 1
556 1
544 1
175 37
588 1
2 36
29 10
402 1
553 1
102 37
595 1
568 1
161 38
186 39
311 39
90 29
598 1
516 1
522 1
503 1
331 29
170 40
156 31
24 19
550 1
140 32
132 34
581 1
14 4
386 1
426 1
440 1
91 38
427 1
73 39
267 12
305 28
374 1
421 1
70 23
256 22
196 5
260 32
98 40
320 40
23 26
594 1
38 35
205 40
435 1
344 1
163 33
13 16
306 41
494 1
135 42
389 1
387 1
361 1
176 3
177 41
579 1
315 17
109 21
558 1
554 1
358 1
385 1
285 43
417 1
202 35
393 1
431 1
466 1
125 38
390 1
255 34
106 36
174 33
59 28
543 1
391 1
532 1
31 17
571 1
100 38
352 1
178 41
16 34
52 2
128 27
263 35
218 40
536 1
234 19
580 1
171 42
587 1
400 1
335 1
304 40
460 1
268 29
562 1
572 1
423 1
129 38
83 41
450 1
324 44
252 42
529 1
8 31
246 39
349 1
446 1
71 39
492 1
33 32
597 1
483 1
487 1
280 45
540 1
290 20
336 1
486 1
471 1
369 1
513 1
561 1
415 1
359 1
545 1
357 1
1 41
126 43
123 44
479 1
600 1
144 44
190 45
330 43
25 26
97 9
120 41
88 34
278 19
447 1
341 1
591 1
134 37
465 1
559 1
468 1
432 1
223 45
235 30
130 36
276 36
509 1
145 37
408 1
375 1
316 46
296 44
56 33
506 1
225 32
327 44
172 36
584 1
441 1
541 1
407 1
221 46
169 45
287 18
241 47
398 1
210 46
274 43
281 48
382 1
520 1
552 1
321 46
42 7
53 47
401 1
444 1
117 46
149 49
119 37
585 1
262 47
406 1
114 49
27 17
244 50
26 48
30 37
68 43
63 30
133 50
578 1
291 14
371 1
228 49
7 33
46 47
537 1
373 1
139 50
453 1
143 38
309 48
209 28
227 46
266 50
345 1
523 1
60 46
39 50
472 1
214 49
124 48