600 200 161730 90 578 503
426 1
461 2
84 3
180 4
370 1
328 1
566 2
552 5
35 6
125 7
6 8
513 9
384 10
81 11
288 8
60 12
300 13
82 6
540 5
77 14
533 10
46 15
596 14
535 10
473 11
93 3
485 12
37 9
530 4
133 16
560 16
580 13
245 17
451 18
518 19
102 15
280 17
538 20
400 21
347 11
308 21
170 2
429 22
354 16
409 7
418 20
177 23
49 18
537 24
110 25
91 26
351 27
2 23
217 24
103 28
465 19
74 29
78 25
542 30
346 30
545 31
39 32
369 33
214 34
365 13
196 27
366 26
565 8
111 29
224 4
70 28
204 35
458 34
95 33
134 30
38 36
432 37
268 24
442 38
334 38
559 21
155 39
51 31
502 22
145 16
250 40
333 40
551 36
154 19
312 41
137 26
66 35
17 32
167 37
523 42
336 43
526 42
388 44
555 7
528 45
3 46
360 39
63 43
208 47
320 5
171 44
405 47
241 48
67 49
87 25
322 31
445 41
571 50
197 51
304 52
585 7
450 48
305 53
507 50
22 54
97 51
391 4
290 55
467 49
406 55
561 45
107 46
101 56
357 20
539 17
15 57
421 53
318 23
68 58
492 5
472 59
443 60
317 32
261 61
292 62
42 63
546 44
228 57
152 64
349 65
435 66
30 61
90 67
297 54
252 56
383 62
314 68
11 68
395 33
56 69
294 70
452 60
389 71
392 63
113 72
65 73
64 74
474 65
316 72
59 75
358 22
293 66
386 76
483 77
168 59
92 58
156 71
401 77
577 62
466 64
157 13
532 15
274 70
345 66
363 78
331 52
510 60
8 79
128 80
259 67
237 80
323 71
327 45
283 47
353 75
486 79
144 40
431 81
178 82
166 76
422 73
428 70
291 83
437 84
201 85
397 82
279 86
117 69
536 87
589 75
453 74
108 88
582 89
276 38
519 55
75 90
330 90
456 79
549 91
491 83
229 87
570 92
493 68
209 29
256 80
205 93
211 37
129 94
281 50
484 88
189 77
390 95
12 86
543 81
455 89
48 96
79 84
194 63
302 97
225 91
593 93
85 98
578 92
425 95
123 96
158 65
116 99
100 100
130 78
269 101
260 94
105 102
547 84
213 34
83 103
232 97
374 98
191 104
415 105
18 14
382 99
264 92
187 106
203 107
573 104
186 103
298 49
14 105
282 108
568 109
98 108
590 53
399 109
355 107
309 46
306 110
222 111
71 112
541 85
567 59
340 113
402 114
516 101
72 94
27 106
265 102
80 115
581 116
132 116
339 117
284 39
501 20
342 83
544 93
240 110
124 111
200 118
275 119
10 120
159 67
403 30
556 9
463 85
373 95
598 121
506 89
272 120
185 41
41 122
367 48
295 59
419 55
29 112
143 115
396 123
13 124
47 125
179 47
371 36
534 123
563 121
233 52
594 113
579 126
19 127
9 114
169 18
380 126
184 128
131 129
408 128
460 19
176 42
147 27
273 130
433 117
162 24
183 78
499 131
514 97
36 132
411 106
127 133
377 130
61 134
439 117
512 118
188 76
253 135
404 93
62 99
212 124
242 101
69 135
119 136
376 109
341 131
303 81
164 103
407 137
24 138
441 69
356 43
444 64
235 139
160 87
57 127
50 140
278 123
238 119
524 53
337 139
181 138
104 125
416 104
574 134
588 122
414 128
26 108
172 90
368 141
359 132
234 102
481 142
126 29
270 51
263 143
583 21
471 144
591 65
4 145
520 100
338 129
575 128
112 146
462 41
40 147
287 74
94 147
487 137
52 40
335 82
381 113
54 148
1 122
174 91
236 124
321 148
307 149
459 100
468 119
313 141
198 150
244 121
576 133
464 151
350 142
361 150
394 151
243 144
332 140
165 78
562 146
326 152
531 153
96 136
449 137
420 98
498 143
173 154
525 155
141 145
286 156
120 105
511 104
375 157
398 155
118 135
135 120
221 149
438 89
494 139
151 148
115 96
58 158
548 153
88 156
207 73
277 159
324 160
592 158
106 152
495 35
16 161
182 159
210 110
271 130
43 142
136 141
99 160
447 114
267 134
109 149
586 6
413 57
434 161
325 154
53 162
195 140
21 163
417 159
521 160
219 111
600 164
44 165
248 166
505 167
206 168
175 157
529 169
343 165
348 56
379 38
454 164
7 170
569 61
482 116
497 167
148 62
114 165
385 171
223 162
257 152
161 126
255 172
86 172
448 169
500 168
476 173
199 169
122 170
73 174
427 175
216 171
522 139
289 175
140 50
423 176
55 174
477 177
597 79
479 91
496 178
557 74
469 60
251 179
527 173
430 166
239 144
226 178
139 115
138 107
387 123
193 180
23 151
190 167
564 180
372 181
32 179
315 182
515 182
490 162
230 183
457 132
319 163
34 184
25 185
378 88
364 186
218 187
362 72
142 54
299 103
146 176
504 188
149 186
470 154
258 171
599 189
329 178
5 172
153 183
550 131
301 188
488 95
480 188
33 189
28 190
202 131
45 191
489 162
76 192
254 118
31 136
584 121
478 146
231 161
509 193
446 185
310 157
311 194
517 190
410 184
296 195
215 193
192 58
440 196
554 87
344 195
121 192
262 137
595 168
503 182
352 197
572 27
20 94
163 10
150 181
266 71
246 78
227 113
558 198
247 199
508 191
475 187
436 196
285 37
393 163
220 194
89 86
412 200
553 177
249 199
587 198
424 166