600 63 71880 40 284 206
0 1
1 2
2 1
3 3
4 2
5 1
6 2
7 3
8 1
9 2
10 4
11 4
12 3
13 2
14 1
15 5
16 2
17 4
18 4
19 5
20 1
21 5
22 6
23 7
24 7
25 8
26 3
27 6
28 7
29 5
30 2
31 9
32 7
33 5
34 9
35 10
36 9
37 3
38 8
39 1
40 4
41 10
42 11
43 7
44 6
45 8
46 8
47 8
48 6
49 12
50 5
51 10
52 11
53 4
54 6
55 9
56 11
57 5
58 9
59 3
60 13
61 12
62 4
63 13
64 10
65 14
66 9
67 8
68 12
69 15
70 13
71 9
72 11
73 10
74 11
75 6
76 2
77 8
78 14
79 16
80 14
81 15
82 7
83 3
84 17
85 8
86 16
87 11
88 12
89 10
90 12
91 13
92 17
93 16
94 16
95 13
96 11
97 12
98 2
99 8
100 15
101 15
102 3
103 1
104 11
105 18
106 14
107 6
108 5
109 13
110 13
111 7
112 15
113 19
114 7
115 10
116 16
117 18
118 17
119 17
120 20
121 18
122 17
123 18
124 15
125 20
126 18
127 20
128 21
129 20
130 18
131 19
132 12
133 15
134 9
135 18
136 20
137 19
138 22
139 22
140 12
141 23
142 19
143 13
144 4
145 19
146 21
147 16
148 16
149 21
150 14
151 1
152 1
153 15
154 12
155 23
156 22
157 9
158 8
159 5
160 23
161 2
162 20
163 14
164 22
165 21
166 19
167 24
168 22
169 17
170 19
171 24
172 6
173 22
174 25
175 21
176 25
177 23
178 24
179 20
180 21
181 14
182 26
183 27
184 3
185 9
186 16
187 3
188 26
189 18
190 26
191 24
192 22
193 16
194 18
195 23
196 23
197 25
198 14
199 24
200 25
201 28
202 17
203 25
204 29
205 3
206 27
207 27
208 25
209 29
210 4
211 28
212 26
213 23
214 30
215 26
216 20
217 28
218 21
219 27
220 15
221 30
222 29
223 29
224 24
225 29
226 30
227 7
228 24
229 17
230 17
231 21
232 31
233 23
234 27
235 25
236 29
237 30
238 31
239 30
240 21
241 30
242 32
243 22
244 28
245 32
246 10
247 31
248 24
249 32
250 28
251 33
252 31
253 31
254 33
255 33
256 30
257 9
258 33
259 34
260 35
261 6
262 32
263 34
264 27
265 29
266 34
267 33
268 17
269 32
270 33
271 25
272 8
273 32
274 35
275 28
276 22
277 36
278 19
279 23
280 37
281 32
282 34
283 17
284 28
285 35
286 15
287 5
288 34
289 36
290 10
291 37
292 30
293 38
294 35
295 13
296 11
297 36
298 38
299 39
300 13
301 36
302 29
303 38
304 26
305 35
306 11
307 18
308 27
309 37
310 34
311 35
312 28
313 36
314 36
315 31
316 38
317 19
318 31
319 37
320 35
321 39
322 37
323 36
324 26
325 31
326 40
327 41
328 40
329 39
330 21
331 25
332 37
333 37
334 38
335 39
336 42
337 43
338 33
339 44
340 41
341 41
342 45
343 14
344 40
345 34
346 30
347 42
348 44
349 43
350 32
351 45
352 40
353 9
354 4
355 1
356 4
357 42
358 43
359 38
360 46
361 44
362 16
363 45
364 22
365 39
366 16
367 42
368 41
369 36
370 19
371 39
372 14
373 46
374 3
375 46
376 44
377 41
378 30
379 27
380 42
381 43
382 40
383 33
384 40
385 47
386 37
387 22
388 48
389 44
390 46
391 47
392 40
393 47
394 30
395 26
396 45
397 40
398 40
399 43
400 11
401 49
402 43
403 27
404 45
405 48
406 26
407 50
408 47
409 39
410 46
411 44
412 24
413 39
414 51
415 48
416 41
417 46
418 42
419 35
420 49
421 27
422 8
423 43
424 6
425 10
426 50
427 12
428 37
429 44
430 43
431 48
432 24
433 45
434 31
435 49
436 7
437 37
438 24
439 51
440 50
441 38
442 52
443 15
444 53
445 52
446 28
447 38
448 25
449 50
450 54
451 53
452 55
453 47
454 52
455 48
456 42
457 48
458 49
459 34
460 54
461 23
462 54
463 55
464 51
465 34
466 56
467 50
468 51
469 56
470 43
471 20
472 32
473 55
474 26
475 52
476 4
477 27
478 9
479 47
480 51
481 57
482 55
483 57
484 36
485 53
486 35
487 50
488 48
489 16
490 29
491 56
492 47
493 42
494 58
495 59
496 45
497 50
498 45
499 23
500 51
501 40
502 27
503 52
504 24
505 57
506 1
507 58
508 53
509 49
510 56
511 50
512 51
513 14
514 54
515 55
516 60
517 59
518 60
519 57
520 48
521 55
522 29
523 36
524 38
525 55
526 55
527 51
528 52
529 49
530 18
531 42
532 52
533 41
534 35
535 50
536 60
537 28
538 39
539 49
540 20
541 58
542 31
543 52
544 56
545 41
546 61
547 53
548 59
549 58
550 54
551 47
552 57
553 61
554 13
555 56
556 59
557 6
558 53
559 62
560 9
561 63
562 46
563 61
564 28
565 60
566 61
567 57
568 60
569 22
570 47
571 12
572 51
573 44
574 62
575 62
576 54
577 39
578 62
579 14
580 56
581 63
582 63
583 57
584 49
585 45
586 44
587 59
588 62
589 49
590 5
591 34
592 33
593 41
594 36
595 47
596 57
597 61
598 56
599 20
