600 65 71880 40 274 205
590 1
244 1
556 2
391 1
534 2
246 1
217 3
198 3
495 2
484 1
381 3
389 2
464 1
561 4
44 3
61 2
585 4
311 4
19 3
545 5
138 3
22 4
594 5
552 4
245 5
189 4
522 6
253 1
128 6
340 4
361 5
60 6
384 7
205 1
7 6
404 3
569 7
412 8
104 2
316 5
35 8
23 9
124 3
28 9
478 3
313 10
241 2
62 3
26 9
537 10
31 8
223 11
266 7
302 7
303 5
572 7
582 8
307 7
224 6
477 8
487 10
143 12
188 6
523 10
226 9
119 7
396 13
402 12
242 10
40 2
73 11
476 4
328 11
39 7
480 11
222 1
99 12
123 13
426 11
456 14
521 13
193 9
350 14
531 13
220 15
366 9
544 5
9 15
115 10
431 13
517 14
80 8
72 7
574 15
162 14
277 5
208 16
165 15
192 15
46 14
411 12
63 16
370 13
296 16
518 11
454 16
318 15
54 17
527 1
251 12
343 10
435 11
447 16
449 18
406 16
488 19
101 16
382 13
589 17
91 6
233 12
597 18
458 14
191 19
535 17
473 14
2 15
249 11
6 20
331 7
252 4
197 2
570 9
225 16
356 4
581 18
49 6
231 1
179 10
207 17
109 18
34 6
11 8
163 17
77 19
554 8
53 12
558 20
492 17
565 21
45 14
260 17
322 20
140 20
274 2
141 21
470 20
12 19
347 21
157 6
596 22
354 18
320 3
173 19
566 19
524 15
212 22
248 18
383 22
446 23
133 6
185 14
234 24
24 18
257 21
161 15
166 18
239 1
0 19
214 4
201 22
254 24
577 8
462 5
510 12
74 23
129 17
348 20
247 16
437 24
177 22
519 23
562 7
262 24
114 25
270 25
240 3
250 15
280 26
335 23
83 24
387 25
187 27
169 25
3 23
593 26
110 21
460 18
206 1
598 23
377 28
204 12
142 24
30 12
501 26
424 26
145 25
146 22
98 27
557 22
25 29
113 28
68 13
403 23
450 26
325 28
378 30
490 20
445 28
293 27
329 29
330 25
230 28
48 31
338 16
168 25
305 27
70 29
463 27
526 30
237 22
587 23
275 9
315 31
121 32
360 32
279 31
71 21
289 28
236 29
108 27
567 29
392 31
319 32
400 33
368 24
576 26
182 34
51 33
36 16
493 30
494 30
379 30
326 30
17 17
352 31
466 14
152 34
268 32
546 22
575 35
178 35
125 33
267 8
172 32
583 35
507 13
529 21
353 33
513 35
255 33
10 20
541 29
395 34
134 30
20 24
283 11
430 21
120 10
190 36
509 36
105 15
578 34
512 26
181 36
131 37
210 36
211 37
520 38
308 38
408 38
89 39
489 22
58 37
415 38
459 37
508 37
14 35
443 38
180 32
93 19
515 26
423 8
95 37
332 36
176 9
27 29
56 39
505 17
409 40
273 10
5 39
414 41
256 32
422 3
59 27
259 20
92 40
580 5
465 21
427 34
429 40
584 30
281 23
195 35
284 34
401 39
65 42
345 31
221 15
183 29
199 41
369 13
337 24
483 43
444 18
126 33
282 40
341 14
263 37
159 25
413 40
533 25
288 42
160 39
419 38
420 42
127 41
151 31
300 43
243 23
55 22
164 10
514 44
203 34
155 32
156 44
538 6
539 45
359 45
323 39
88 21
362 41
309 19
440 20
76 44
4 28
467 45
57 42
588 41
375 46
167 18
103 47
16 36
306 42
455 20
276 46
371 48
536 23
502 43
504 46
374 29
148 38
102 47
346 49
15 26
301 36
75 47
209 40
100 13
50 34
132 21
472 49
530 41
433 44
549 9
153 48
69 45
555 45
47 33
385 29
398 44
498 45
29 43
285 42
286 47
564 43
117 46
442 44
475 37
586 39
333 48
373 35
150 47
573 28
499 46
154 40
21 43
417 35
264 45
170 50
261 50
200 44
481 5
457 30
358 9
543 2
485 43
380 49
407 51
439 46
144 37
496 32
232 27
339 3
312 38
486 51
135 49
351 52
342 48
591 52
364 51
184 52
448 53
367 49
202 53
111 14
469 44
516 29
130 54
272 38
186 50
106 50
372 55
421 55
560 53
174 43
118 24
451 53
78 53
599 31
461 41
471 53
139 56
85 51
563 35
428 52
550 41
287 42
299 55
278 47
479 57
410 33
438 51
269 31
64 46
551 45
349 49
542 54
42 54
32 30
290 51
52 56
397 57
18 55
216 42
441 49
171 46
386 50
1 5
336 58
579 57
41 48
503 53
271 52
298 28
86 54
81 59
344 11
416 42
592 60
436 40
321 17
418 51
468 55
149 32
107 48
390 55
213 50
506 56
432 51
66 60
94 54
294 36
90 53
553 54
79 58
525 56
87 55
218 45
219 59
559 45
196 59
84 48
482 58
595 48
547 47
82 41
147 30
453 59
365 31
425 8
314 61
304 50
497 39
112 57
297 35
500 57
474 58
405 11
13 56
8 4
158 27
238 61
265 50
116 62
291 62
571 60
292 58
399 58
393 39
394 56
357 61
295 63
388 47
540 60
532 54
235 63
528 60
491 62
324 64
96 63
175 59
215 55
310 1
363 65
548 35
38 64
227 57
376 25
317 28
327 52
137 60
258 62
229 62
136 61
568 47
355 64
228 65
37 50
33 52
97 46
67 64
434 59
334 63
122 62
43 21
194 64
511 49
452 65
