600 61 71880 40 275 209
386 1
9 2
524 1
175 2
454 1
31 3
125 4
192 4
357 3
250 1
585 2
210 5
147 6
442 5
377 2
135 6
186 2
394 7
434 7
150 3
480 6
39 1
353 7
338 3
103 5
289 8
209 9
470 2
285 8
220 4
560 6
333 5
414 6
343 9
298 10
586 10
80 1
520 11
183 12
595 7
194 4
463 10
372 11
255 4
117 8
596 3
443 11
356 5
11 8
366 10
312 9
264 13
580 14
216 10
457 7
329 8
358 9
399 3
274 9
489 6
492 6
508 12
56 13
206 7
259 15
446 14
452 15
348 11
2 12
325 15
60 13
536 14
107 13
390 16
392 8
132 4
229 4
188 17
116 12
15 16
122 5
447 11
310 11
354 17
456 14
575 12
258 6
214 18
469 15
591 18
101 7
130 6
320 17
153 19
515 13
115 20
98 16
530 8
208 19
339 4
231 19
128 21
48 18
256 16
257 13
316 7
491 10
35 20
239 2
574 19
286 14
44 18
429 9
431 19
291 15
294 19
265 21
370 20
534 19
217 10
538 22
448 23
426 17
336 2
504 19
99 20
281 18
82 15
195 21
526 21
140 22
19 16
25 14
129 20
539 23
296 1
573 21
241 8
268 4
168 20
393 23
279 12
396 24
137 11
201 18
450 9
127 17
309 25
413 22
70 23
459 24
420 25
100 23
344 25
472 26
382 27
55 12
387 26
6 10
500 28
272 28
273 29
20 26
361 5
505 25
553 19
473 26
566 18
5 21
516 26
487 27
577 22
167 25
61 6
529 28
375 3
594 24
331 22
503 12
232 11
428 7
501 27
62 29
368 30
461 29
204 30
437 19
304 31
77 29
582 30
376 24
477 24
403 23
79 27
141 13
198 31
270 27
7 26
427 30
134 16
237 32
75 15
541 31
76 17
244 31
562 32
335 31
16 14
288 21
187 33
340 32
26 16
14 25
295 8
110 16
52 32
222 16
228 33
166 34
73 34
460 33
271 27
362 33
203 10
86 24
92 35
346 17
18 18
350 34
527 4
483 36
419 28
30 30
303 22
112 36
253 24
455 5
330 35
113 37
120 29
248 13
143 32
565 34
145 1
570 3
311 37
105 6
342 25
444 34
400 36
581 19
45 26
528 3
317 6
185 29
152 23
535 38
275 30
327 35
282 29
551 20
269 31
440 31
121 33
466 35
509 20
225 38
410 5
334 26
251 36
474 35
262 37
151 37
146 39
584 40
453 11
533 38
360 40
266 26
97 13
496 40
32 34
301 33
211 39
94 27
405 28
308 39
95 38
512 38
34 17
136 6
545 5
347 13
522 32
43 32
464 33
87 27
521 37
207 40
564 39
78 28
380 41
497 22
451 15
23 7
177 37
352 41
314 11
475 24
247 42
511 41
415 1
513 26
589 24
417 33
200 40
318 39
559 18
163 29
238 36
221 30
315 31
149 28
224 42
297 27
10 21
67 27
109 41
123 38
546 42
433 41
156 8
402 43
373 43
287 43
236 34
597 35
53 32
411 5
171 39
234 44
252 43
445 44
93 45
254 35
345 46
449 45
40 44
63 47
165 16
21 46
549 17
482 18
213 41
8 47
337 30
435 48
243 35
490 29
328 45
540 40
108 49
543 46
24 18
71 11
300 38
179 42
182 43
458 46
478 48
226 37
430 33
111 47
27 41
160 49
161 45
181 10
554 20
418 43
355 28
313 23
422 47
144 48
484 44
72 38
218 44
91 42
205 23
364 48
84 22
66 45
499 46
583 9
157 44
404 25
502 50
172 4
409 42
305 3
158 12
249 10
547 20
276 36
525 51
59 40
379 50
280 49
240 23
65 51
283 50
302 41
49 49
189 40
421 48
202 51
424 9
190 23
223 28
50 52
349 53
292 21
519 39
550 36
374 49
432 36
37 42
284 34
263 52
557 53
51 2
367 50
518 43
114 20
493 54
197 27
548 2
571 22
74 37
12 45
537 42
576 47
471 25
510 46
389 30
81 50
391 1
514 47
54 36
412 55
517 19
590 2
439 46
572 54
323 53
506 38
96 55
359 49
64 49
29 18
46 42
242 52
587 43
588 41
293 14
324 50
227 56
467 34
385 7
178 56
106 9
542 40
230 36
22 55
485 49
104 20
233 52
397 15
154 56
28 43
119 16
494 57
495 24
468 27
245 45
558 51
57 53
398 12
561 54
142 51
88 52
486 45
341 50
598 57
322 6
381 51
83 16
384 1
568 37
401 29
38 14
196 14
425 51
321 8
85 55
332 31
126 52
555 1
199 10
118 57
416 22
4 18
41 41
383 53
563 21
215 54
441 48
33 10
131 37
592 33
371 51
89 39
406 54
36 42
184 58
498 49
164 47
277 52
278 14
42 54
579 53
13 58
436 46
162 39
260 39
319 37
133 57
532 50
556 40
552 1
479 36
68 43
246 47
169 54
407 50
124 55
488 47
544 52
180 57
267 2
365 16
388 55
1 21
174 35
159 59
138 44
351 41
148 59
395 58
102 60
3 56
69 53
299 55
578 45
155 56
47 17
523 55
219 56
261 58
173 29
17 59
363 59
567 52
139 14
0 45
307 60
193 56
599 32
507 60
176 61
306 15
191 57
212 61
462 41
58 13
369 45
290 53
569 59
170 58
438 22
235 37
378 9
476 46
465 14
423 57
326 61
90 48
531 54
481 31
593 43
408 22
